<?xml version="1.0" encoding="UTF-8"?>
<!-- Generated by org.testng.reporters.JUnitXMLReporter -->
<testsuite ignored="0" hostname="MSI" failures="0" tests="6" name="BankingApp Test" time="605.016" errors="0" timestamp="06 Feb 2021 11:24:14 GMT">
  <testcase classname="com.BankingV1.testCases.BaseTest" name="@BeforeClass setup" time="0.0">
    <failure type="org.openqa.selenium.SessionNotCreatedException" message="session not created
from timeout: Timed out receiving message from renderer: 600.000
  (Session info: chrome=88.0.4324.146)
Build info: version: &amp;apos;3.141.59&amp;apos;, revision: &amp;apos;e82be7d358&amp;apos;, time: &amp;apos;2018-11-14T08:17:03&amp;apos;
System info: host: &amp;apos;MSI&amp;apos;, ip: &amp;apos;192.168.43.184&amp;apos;, os.name: &amp;apos;Windows 10&amp;apos;, os.arch: &amp;apos;amd64&amp;apos;, os.version: &amp;apos;10.0&amp;apos;, java.version: &amp;apos;11.0.10&amp;apos;
Driver info: driver.version: ChromeDriver
remote stacktrace: Backtrace:
	Ordinal0 [0x0074C0C3+3326147]
	Ordinal0 [0x00630851+2164817]
	Ordinal0 [0x004B7298+619160]
	Ordinal0 [0x004AB17F+569727]
	Ordinal0 [0x004AA421+566305]
	Ordinal0 [0x004AA815+567317]
	Ordinal0 [0x004AA135+565557]
	Ordinal0 [0x004B38B1+604337]
	Ordinal0 [0x004AA0F1+565489]
	Ordinal0 [0x004AAEA2+568994]
	Ordinal0 [0x004AA421+566305]
	Ordinal0 [0x004AA815+567317]
	Ordinal0 [0x004AA135+565557]
	Ordinal0 [0x004B1D2C+597292]
	Ordinal0 [0x004AA0F1+565489]
	Ordinal0 [0x004AAEA2+568994]
	Ordinal0 [0x004AA421+566305]
	Ordinal0 [0x004AA815+567317]
	Ordinal0 [0x004AA135+565557]
	Ordinal0 [0x004AFE62+589410]
	Ordinal0 [0x004AA0F1+565489]
	Ordinal0 [0x004AAEA2+568994]
	Ordinal0 [0x004AA421+566305]
	Ordinal0 [0x004AA815+567317]
	Ordinal0 [0x004AA135+565557]
	Ordinal0 [0x004AF075+585845]
	Ordinal0 [0x004AA0F1+565489]
	Ordinal0 [0x004AAEA2+568994]
	Ordinal0 [0x004AA421+566305]
	Ordinal0 [0x004AA815+567317]
	Ordinal0 [0x004AA135+565557]
	Ordinal0 [0x004A6776+550774]
	Ordinal0 [0x004AA0F1+565489]
	Ordinal0 [0x004A9F13+565011]
	Ordinal0 [0x004A9D07+564487]
	Ordinal0 [0x004B82C0+623296]
	Ordinal0 [0x00456BDD+224221]
	Ordinal0 [0x00455CAC+220332]
	Ordinal0 [0x0045189B+202907]
	Ordinal0 [0x00433DF4+81396]
	Ordinal0 [0x00434DEE+85486]
	Ordinal0 [0x00434D79+85369]
	Ordinal0 [0x006485DC+2262492]
	GetHandleVerifier [0x008D2874+1487204]
	GetHandleVerifier [0x008D23CD+1486013]
	GetHandleVerifier [0x008DA368+1518680]
	GetHandleVerifier [0x008D2F4E+1488958]
	Ordinal0 [0x0063ED0D+2223373]
	Ordinal0 [0x0064A12B+2269483]
	Ordinal0 [0x0064A26F+2269807]
	Ordinal0 [0x0065ECB8+2354360]
	BaseThreadInitThunk [0x77036359+25]
	RtlGetAppContainerNamedObjectPath [0x77B78944+228]
	RtlGetAppContainerNamedObjectPath [0x77B78914+180]
">
      <![CDATA[org.openqa.selenium.SessionNotCreatedException: session not created
from timeout: Timed out receiving message from renderer: 600.000
  (Session info: chrome=88.0.4324.146)
Build info: version: '3.141.59', revision: 'e82be7d358', time: '2018-11-14T08:17:03'
System info: host: 'MSI', ip: '192.168.43.184', os.name: 'Windows 10', os.arch: 'amd64', os.version: '10.0', java.version: '11.0.10'
Driver info: driver.version: ChromeDriver
remote stacktrace: Backtrace:
	Ordinal0 [0x0074C0C3+3326147]
	Ordinal0 [0x00630851+2164817]
	Ordinal0 [0x004B7298+619160]
	Ordinal0 [0x004AB17F+569727]
	Ordinal0 [0x004AA421+566305]
	Ordinal0 [0x004AA815+567317]
	Ordinal0 [0x004AA135+565557]
	Ordinal0 [0x004B38B1+604337]
	Ordinal0 [0x004AA0F1+565489]
	Ordinal0 [0x004AAEA2+568994]
	Ordinal0 [0x004AA421+566305]
	Ordinal0 [0x004AA815+567317]
	Ordinal0 [0x004AA135+565557]
	Ordinal0 [0x004B1D2C+597292]
	Ordinal0 [0x004AA0F1+565489]
	Ordinal0 [0x004AAEA2+568994]
	Ordinal0 [0x004AA421+566305]
	Ordinal0 [0x004AA815+567317]
	Ordinal0 [0x004AA135+565557]
	Ordinal0 [0x004AFE62+589410]
	Ordinal0 [0x004AA0F1+565489]
	Ordinal0 [0x004AAEA2+568994]
	Ordinal0 [0x004AA421+566305]
	Ordinal0 [0x004AA815+567317]
	Ordinal0 [0x004AA135+565557]
	Ordinal0 [0x004AF075+585845]
	Ordinal0 [0x004AA0F1+565489]
	Ordinal0 [0x004AAEA2+568994]
	Ordinal0 [0x004AA421+566305]
	Ordinal0 [0x004AA815+567317]
	Ordinal0 [0x004AA135+565557]
	Ordinal0 [0x004A6776+550774]
	Ordinal0 [0x004AA0F1+565489]
	Ordinal0 [0x004A9F13+565011]
	Ordinal0 [0x004A9D07+564487]
	Ordinal0 [0x004B82C0+623296]
	Ordinal0 [0x00456BDD+224221]
	Ordinal0 [0x00455CAC+220332]
	Ordinal0 [0x0045189B+202907]
	Ordinal0 [0x00433DF4+81396]
	Ordinal0 [0x00434DEE+85486]
	Ordinal0 [0x00434D79+85369]
	Ordinal0 [0x006485DC+2262492]
	GetHandleVerifier [0x008D2874+1487204]
	GetHandleVerifier [0x008D23CD+1486013]
	GetHandleVerifier [0x008DA368+1518680]
	GetHandleVerifier [0x008D2F4E+1488958]
	Ordinal0 [0x0063ED0D+2223373]
	Ordinal0 [0x0064A12B+2269483]
	Ordinal0 [0x0064A26F+2269807]
	Ordinal0 [0x0065ECB8+2354360]
	BaseThreadInitThunk [0x77036359+25]
	RtlGetAppContainerNamedObjectPath [0x77B78944+228]
	RtlGetAppContainerNamedObjectPath [0x77B78914+180]

	at org.openqa.selenium.remote.W3CHandshakeResponse.lambda$errorHandler$0(W3CHandshakeResponse.java:62)
	at org.openqa.selenium.remote.HandshakeResponse.lambda$getResponseFunction$0(HandshakeResponse.java:30)
	at org.openqa.selenium.remote.ProtocolHandshake.lambda$createSession$0(ProtocolHandshake.java:126)
	at java.base/java.util.stream.ReferencePipeline$3$1.accept(ReferencePipeline.java:195)
	at java.base/java.util.Spliterators$ArraySpliterator.tryAdvance(Spliterators.java:958)
	at java.base/java.util.stream.ReferencePipeline.forEachWithCancel(ReferencePipeline.java:127)
	at java.base/java.util.stream.AbstractPipeline.copyIntoWithCancel(AbstractPipeline.java:502)
	at java.base/java.util.stream.AbstractPipeline.copyInto(AbstractPipeline.java:488)
	at java.base/java.util.stream.AbstractPipeline.wrapAndCopyInto(AbstractPipeline.java:474)
	at java.base/java.util.stream.FindOps$FindOp.evaluateSequential(FindOps.java:150)
	at java.base/java.util.stream.AbstractPipeline.evaluate(AbstractPipeline.java:234)
	at java.base/java.util.stream.ReferencePipeline.findFirst(ReferencePipeline.java:543)
	at org.openqa.selenium.remote.ProtocolHandshake.createSession(ProtocolHandshake.java:128)
	at org.openqa.selenium.remote.ProtocolHandshake.createSession(ProtocolHandshake.java:74)
	at org.openqa.selenium.remote.HttpCommandExecutor.execute(HttpCommandExecutor.java:136)
	at org.openqa.selenium.remote.service.DriverCommandExecutor.execute(DriverCommandExecutor.java:83)
	at org.openqa.selenium.remote.RemoteWebDriver.execute(RemoteWebDriver.java:552)
	at org.openqa.selenium.remote.RemoteWebDriver.startSession(RemoteWebDriver.java:213)
	at org.openqa.selenium.remote.RemoteWebDriver.<init>(RemoteWebDriver.java:131)
	at org.openqa.selenium.chrome.ChromeDriver.<init>(ChromeDriver.java:181)
	at org.openqa.selenium.chrome.ChromeDriver.<init>(ChromeDriver.java:168)
	at org.openqa.selenium.chrome.ChromeDriver.<init>(ChromeDriver.java:123)
	at com.BankingV1.testCases.BaseTest.setup(BaseTest.java:46)
... Removed 33 stack frames]]>
    </failure>
  </testcase> <!-- @BeforeClass setup -->
  <testcase classname="com.BankingV1.testCases.BaseTest" name="@AfterClass teardown" time="0.0">
    <skipped/>
  </testcase> <!-- @AfterClass teardown -->
  <testcase classname="com.BankingV1.testCases.BaseTest" name="@BeforeClass setup" time="0.0">
    <skipped/>
  </testcase> <!-- @BeforeClass setup -->
  <testcase classname="com.BankingV1.testCases.BaseTest" name="@AfterClass teardown" time="0.0">
    <skipped/>
  </testcase> <!-- @AfterClass teardown -->
  <testcase classname="com.BankingV1.testCases.BaseTest" name="@BeforeClass setup" time="0.0">
    <skipped/>
  </testcase> <!-- @BeforeClass setup -->
  <testcase classname="com.BankingV1.testCases.BaseTest" name="@AfterClass teardown" time="0.0">
    <skipped/>
  </testcase> <!-- @AfterClass teardown -->
  <testcase classname="com.BankingV1.testCases.TC_LoginTest" name="loginTest" time="0.0">
    <skipped/>
  </testcase> <!-- loginTest -->
  <testcase classname="com.BankingV1.testCases.TC_LoginTestDDT" name="logInDDT" time="0.0">
    <skipped/>
  </testcase> <!-- logInDDT -->
  <testcase classname="com.BankingV1.testCases.TC_LoginTestDDT" name="logInDDT" time="0.0">
    <skipped/>
  </testcase> <!-- logInDDT -->
  <testcase classname="com.BankingV1.testCases.TC_LoginTestDDT" name="logInDDT" time="0.0">
    <skipped/>
  </testcase> <!-- logInDDT -->
  <testcase classname="com.BankingV1.testCases.TC_LoginTestDDT" name="logInDDT" time="0.0">
    <skipped/>
  </testcase> <!-- logInDDT -->
  <testcase classname="com.BankingV1.testCases.TC_AddCustomerTest" name="addNewCustomer" time="0.0">
    <skipped/>
  </testcase> <!-- addNewCustomer -->
</testsuite> <!-- BankingApp Test -->
