<html>
<head>
<title>TestNG:  BankingApp Test</title>
<link href="../testng.css" rel="stylesheet" type="text/css" />
<link href="../my-testng.css" rel="stylesheet" type="text/css" />

<style type="text/css">
.log { display: none;} 
.stack-trace { display: none;} 
</style>
<script type="text/javascript">
<!--
function flip(e) {
  current = e.style.display;
  if (current == 'block') {
    e.style.display = 'none';
    return 0;
  }
  else {
    e.style.display = 'block';
    return 1;
  }
}

function toggleBox(szDivId, elem, msg1, msg2)
{
  var res = -1;  if (document.getElementById) {
    res = flip(document.getElementById(szDivId));
  }
  else if (document.all) {
    // this is the way old msie versions work
    res = flip(document.all[szDivId]);
  }
  if(elem) {
    if(res == 0) elem.innerHTML = msg1; else elem.innerHTML = msg2;
  }

}

function toggleAllBoxes() {
  if (document.getElementsByTagName) {
    d = document.getElementsByTagName('div');
    for (i = 0; i < d.length; i++) {
      if (d[i].className == 'log') {
        flip(d[i]);
      }
    }
  }
}

// -->
</script>

</head>
<body>
<h2 align='center'>BankingApp Test</h2><table border='1' align="center">
<tr>
<td>Tests passed/Failed/Skipped:</td><td>0/0/6</td>
</tr><tr>
<td>Started on:</td><td>Sat Feb 06 16:44:09 IST 2021</td>
</tr>
<tr><td>Total time:</td><td>605 seconds (605016 ms)</td>
</tr><tr>
<td>Included groups:</td><td></td>
</tr><tr>
<td>Excluded groups:</td><td></td>
</tr>
</table><p/>
<small><i>(Hover the method name to see the test class name)</i></small><p/>
<table width='100%' border='1' class='invocation-failed'>
<tr><td colspan='4' align='center'><b>FAILED CONFIGURATIONS</b></td></tr>
<tr><td><b>Test method</b></td>
<td width="30%"><b>Exception</b></td>
<td width="10%"><b>Time (seconds)</b></td>
<td><b>Instance</b></td>
</tr>
<tr>
<td title='com.BankingV1.testCases.TC_LoginTest.setup()'><b>setup</b><br>Test class: com.BankingV1.testCases.TC_LoginTest<br>Parameters: chrome</td>
<td><div><pre>org.openqa.selenium.SessionNotCreatedException: session not created
from timeout: Timed out receiving message from renderer: 600.000
  (Session info: chrome=88.0.4324.146)
Build info: version: &apos;3.141.59&apos;, revision: &apos;e82be7d358&apos;, time: &apos;2018-11-14T08:17:03&apos;
System info: host: &apos;MSI&apos;, ip: &apos;192.168.43.184&apos;, os.name: &apos;Windows 10&apos;, os.arch: &apos;amd64&apos;, os.version: &apos;10.0&apos;, java.version: &apos;11.0.10&apos;
Driver info: driver.version: ChromeDriver
remote stacktrace: Backtrace:
	Ordinal0 [0x0074C0C3+3326147]
	Ordinal0 [0x00630851+2164817]
	Ordinal0 [0x004B7298+619160]
	Ordinal0 [0x004AB17F+569727]
	Ordinal0 [0x004AA421+566305]
	Ordinal0 [0x004AA815+567317]
	Ordinal0 [0x004AA135+565557]
	Ordinal0 [0x004B38B1+604337]
	Ordinal0 [0x004AA0F1+565489]
	Ordinal0 [0x004AAEA2+568994]
	Ordinal0 [0x004AA421+566305]
	Ordinal0 [0x004AA815+567317]
	Ordinal0 [0x004AA135+565557]
	Ordinal0 [0x004B1D2C+597292]
	Ordinal0 [0x004AA0F1+565489]
	Ordinal0 [0x004AAEA2+568994]
	Ordinal0 [0x004AA421+566305]
	Ordinal0 [0x004AA815+567317]
	Ordinal0 [0x004AA135+565557]
	Ordinal0 [0x004AFE62+589410]
	Ordinal0 [0x004AA0F1+565489]
	Ordinal0 [0x004AAEA2+568994]
	Ordinal0 [0x004AA421+566305]
	Ordinal0 [0x004AA815+567317]
	Ordinal0 [0x004AA135+565557]
	Ordinal0 [0x004AF075+585845]
	Ordinal0 [0x004AA0F1+565489]
	Ordinal0 [0x004AAEA2+568994]
	Ordinal0 [0x004AA421+566305]
	Ordinal0 [0x004AA815+567317]
	Ordinal0 [0x004AA135+565557]
	Ordinal0 [0x004A6776+550774]
	Ordinal0 [0x004AA0F1+565489]
	Ordinal0 [0x004A9F13+565011]
	Ordinal0 [0x004A9D07+564487]
	Ordinal0 [0x004B82C0+623296]
	Ordinal0 [0x00456BDD+224221]
	Ordinal0 [0x00455CAC+220332]
	Ordinal0 [0x0045189B+202907]
	Ordinal0 [0x00433DF4+81396]
	Ordinal0 [0x00434DEE+85486]
	Ordinal0 [0x00434D79+85369]
	Ordinal0 [0x006485DC+2262492]
	GetHandleVerifier [0x008D2874+1487204]
	GetHandleVerifier [0x008D23CD+1486013]
	GetHandleVerifier [0x008DA368+1518680]
	GetHandleVerifier [0x008D2F4E+1488958]
	Ordinal0 [0x0063ED0D+2223373]
	Ordinal0 [0x0064A12B+2269483]
	Ordinal0 [0x0064A26F+2269807]
	Ordinal0 [0x0065ECB8+2354360]
	BaseThreadInitThunk [0x77036359+25]
	RtlGetAppContainerNamedObjectPath [0x77B78944+228]
	RtlGetAppContainerNamedObjectPath [0x77B78914+180]

	at org.openqa.selenium.remote.W3CHandshakeResponse.lambda$errorHandler$0(W3CHandshakeResponse.java:62)
	at org.openqa.selenium.remote.HandshakeResponse.lambda$getResponseFunction$0(HandshakeResponse.java:30)
	at org.openqa.selenium.remote.ProtocolHandshake.lambda$createSession$0(ProtocolHandshake.java:126)
	at java.base/java.util.stream.ReferencePipeline$3$1.accept(ReferencePipeline.java:195)
	at java.base/java.util.Spliterators$ArraySpliterator.tryAdvance(Spliterators.java:958)
	at java.base/java.util.stream.ReferencePipeline.forEachWithCancel(ReferencePipeline.java:127)
	at java.base/java.util.stream.AbstractPipeline.copyIntoWithCancel(AbstractPipeline.java:502)
	at java.base/java.util.stream.AbstractPipeline.copyInto(AbstractPipeline.java:488)
	at java.base/java.util.stream.AbstractPipeline.wrapAndCopyInto(AbstractPipeline.java:474)
	at java.base/java.util.stream.FindOps$FindOp.evaluateSequential(FindOps.java:150)
	at java.base/java.util.stream.AbstractPipeline.evaluate(AbstractPipeline.java:234)
	at java.base/java.util.stream.ReferencePipeline.findFirst(ReferencePipeline.java:543)
	at org.openqa.selenium.remote.ProtocolHandshake.createSession(ProtocolHandshake.java:128)
	at org.openqa.selenium.remote.ProtocolHandshake.createSession(ProtocolHandshake.java:74)
	at org.openqa.selenium.remote.HttpCommandExecutor.execute(HttpCommandExecutor.java:136)
	at org.openqa.selenium.remote.service.DriverCommandExecutor.execute(DriverCommandExecutor.java:83)
	at org.openqa.selenium.remote.RemoteWebDriver.execute(RemoteWebDriver.java:552)
	at org.openqa.selenium.remote.RemoteWebDriver.startSession(RemoteWebDriver.java:213)
	at org.openqa.selenium.remote.RemoteWebDriver.&lt;init&gt;(RemoteWebDriver.java:131)
	at org.openqa.selenium.chrome.ChromeDriver.&lt;init&gt;(ChromeDriver.java:181)
	at org.openqa.selenium.chrome.ChromeDriver.&lt;init&gt;(ChromeDriver.java:168)
	at org.openqa.selenium.chrome.ChromeDriver.&lt;init&gt;(ChromeDriver.java:123)
	at com.BankingV1.testCases.BaseTest.setup(BaseTest.java:46)
... Removed 33 stack frames</pre></div><a href='#' onClick='toggleBox("stack-trace1177101170", this, "Click to show all stack frames", "Click to hide stack frames")'>Click to show all stack frames</a>
<div class='stack-trace' id='stack-trace1177101170'><pre>org.openqa.selenium.SessionNotCreatedException: session not created
from timeout: Timed out receiving message from renderer: 600.000
  (Session info: chrome=88.0.4324.146)
Build info: version: &apos;3.141.59&apos;, revision: &apos;e82be7d358&apos;, time: &apos;2018-11-14T08:17:03&apos;
System info: host: &apos;MSI&apos;, ip: &apos;192.168.43.184&apos;, os.name: &apos;Windows 10&apos;, os.arch: &apos;amd64&apos;, os.version: &apos;10.0&apos;, java.version: &apos;11.0.10&apos;
Driver info: driver.version: ChromeDriver
remote stacktrace: Backtrace:
	Ordinal0 [0x0074C0C3+3326147]
	Ordinal0 [0x00630851+2164817]
	Ordinal0 [0x004B7298+619160]
	Ordinal0 [0x004AB17F+569727]
	Ordinal0 [0x004AA421+566305]
	Ordinal0 [0x004AA815+567317]
	Ordinal0 [0x004AA135+565557]
	Ordinal0 [0x004B38B1+604337]
	Ordinal0 [0x004AA0F1+565489]
	Ordinal0 [0x004AAEA2+568994]
	Ordinal0 [0x004AA421+566305]
	Ordinal0 [0x004AA815+567317]
	Ordinal0 [0x004AA135+565557]
	Ordinal0 [0x004B1D2C+597292]
	Ordinal0 [0x004AA0F1+565489]
	Ordinal0 [0x004AAEA2+568994]
	Ordinal0 [0x004AA421+566305]
	Ordinal0 [0x004AA815+567317]
	Ordinal0 [0x004AA135+565557]
	Ordinal0 [0x004AFE62+589410]
	Ordinal0 [0x004AA0F1+565489]
	Ordinal0 [0x004AAEA2+568994]
	Ordinal0 [0x004AA421+566305]
	Ordinal0 [0x004AA815+567317]
	Ordinal0 [0x004AA135+565557]
	Ordinal0 [0x004AF075+585845]
	Ordinal0 [0x004AA0F1+565489]
	Ordinal0 [0x004AAEA2+568994]
	Ordinal0 [0x004AA421+566305]
	Ordinal0 [0x004AA815+567317]
	Ordinal0 [0x004AA135+565557]
	Ordinal0 [0x004A6776+550774]
	Ordinal0 [0x004AA0F1+565489]
	Ordinal0 [0x004A9F13+565011]
	Ordinal0 [0x004A9D07+564487]
	Ordinal0 [0x004B82C0+623296]
	Ordinal0 [0x00456BDD+224221]
	Ordinal0 [0x00455CAC+220332]
	Ordinal0 [0x0045189B+202907]
	Ordinal0 [0x00433DF4+81396]
	Ordinal0 [0x00434DEE+85486]
	Ordinal0 [0x00434D79+85369]
	Ordinal0 [0x006485DC+2262492]
	GetHandleVerifier [0x008D2874+1487204]
	GetHandleVerifier [0x008D23CD+1486013]
	GetHandleVerifier [0x008DA368+1518680]
	GetHandleVerifier [0x008D2F4E+1488958]
	Ordinal0 [0x0063ED0D+2223373]
	Ordinal0 [0x0064A12B+2269483]
	Ordinal0 [0x0064A26F+2269807]
	Ordinal0 [0x0065ECB8+2354360]
	BaseThreadInitThunk [0x77036359+25]
	RtlGetAppContainerNamedObjectPath [0x77B78944+228]
	RtlGetAppContainerNamedObjectPath [0x77B78914+180]

	at java.base/jdk.internal.reflect.NativeConstructorAccessorImpl.newInstance0(Native Method)
	at java.base/jdk.internal.reflect.NativeConstructorAccessorImpl.newInstance(NativeConstructorAccessorImpl.java:62)
	at java.base/jdk.internal.reflect.DelegatingConstructorAccessorImpl.newInstance(DelegatingConstructorAccessorImpl.java:45)
	at java.base/java.lang.reflect.Constructor.newInstance(Constructor.java:490)
	at org.openqa.selenium.remote.W3CHandshakeResponse.lambda$errorHandler$0(W3CHandshakeResponse.java:62)
	at org.openqa.selenium.remote.HandshakeResponse.lambda$getResponseFunction$0(HandshakeResponse.java:30)
	at org.openqa.selenium.remote.ProtocolHandshake.lambda$createSession$0(ProtocolHandshake.java:126)
	at java.base/java.util.stream.ReferencePipeline$3$1.accept(ReferencePipeline.java:195)
	at java.base/java.util.Spliterators$ArraySpliterator.tryAdvance(Spliterators.java:958)
	at java.base/java.util.stream.ReferencePipeline.forEachWithCancel(ReferencePipeline.java:127)
	at java.base/java.util.stream.AbstractPipeline.copyIntoWithCancel(AbstractPipeline.java:502)
	at java.base/java.util.stream.AbstractPipeline.copyInto(AbstractPipeline.java:488)
	at java.base/java.util.stream.AbstractPipeline.wrapAndCopyInto(AbstractPipeline.java:474)
	at java.base/java.util.stream.FindOps$FindOp.evaluateSequential(FindOps.java:150)
	at java.base/java.util.stream.AbstractPipeline.evaluate(AbstractPipeline.java:234)
	at java.base/java.util.stream.ReferencePipeline.findFirst(ReferencePipeline.java:543)
	at org.openqa.selenium.remote.ProtocolHandshake.createSession(ProtocolHandshake.java:128)
	at org.openqa.selenium.remote.ProtocolHandshake.createSession(ProtocolHandshake.java:74)
	at org.openqa.selenium.remote.HttpCommandExecutor.execute(HttpCommandExecutor.java:136)
	at org.openqa.selenium.remote.service.DriverCommandExecutor.execute(DriverCommandExecutor.java:83)
	at org.openqa.selenium.remote.RemoteWebDriver.execute(RemoteWebDriver.java:552)
	at org.openqa.selenium.remote.RemoteWebDriver.startSession(RemoteWebDriver.java:213)
	at org.openqa.selenium.remote.RemoteWebDriver.&lt;init&gt;(RemoteWebDriver.java:131)
	at org.openqa.selenium.chrome.ChromeDriver.&lt;init&gt;(ChromeDriver.java:181)
	at org.openqa.selenium.chrome.ChromeDriver.&lt;init&gt;(ChromeDriver.java:168)
	at org.openqa.selenium.chrome.ChromeDriver.&lt;init&gt;(ChromeDriver.java:123)
	at com.BankingV1.testCases.BaseTest.setup(BaseTest.java:46)
	at java.base/jdk.internal.reflect.NativeMethodAccessorImpl.invoke0(Native Method)
	at java.base/jdk.internal.reflect.NativeMethodAccessorImpl.invoke(NativeMethodAccessorImpl.java:62)
	at java.base/jdk.internal.reflect.DelegatingMethodAccessorImpl.invoke(DelegatingMethodAccessorImpl.java:43)
	at java.base/java.lang.reflect.Method.invoke(Method.java:566)
	at org.testng.internal.MethodInvocationHelper.invokeMethod(MethodInvocationHelper.java:104)
	at org.testng.internal.Invoker.invokeConfigurationMethod(Invoker.java:515)
	at org.testng.internal.Invoker.invokeConfigurations(Invoker.java:217)
	at org.testng.internal.Invoker.invokeConfigurations(Invoker.java:144)
	at org.testng.internal.TestMethodWorker.invokeBeforeClassMethods(TestMethodWorker.java:169)
	at org.testng.internal.TestMethodWorker.run(TestMethodWorker.java:108)
	at org.testng.TestRunner.privateRun(TestRunner.java:756)
	at org.testng.TestRunner.run(TestRunner.java:610)
	at org.testng.SuiteRunner.runTest(SuiteRunner.java:387)
	at org.testng.SuiteRunner.runSequentially(SuiteRunner.java:382)
	at org.testng.SuiteRunner.privateRun(SuiteRunner.java:340)
	at org.testng.SuiteRunner.run(SuiteRunner.java:289)
	at org.testng.SuiteRunnerWorker.runSuite(SuiteRunnerWorker.java:52)
	at org.testng.SuiteRunnerWorker.run(SuiteRunnerWorker.java:86)
	at org.testng.TestNG.runSuitesSequentially(TestNG.java:1293)
	at org.testng.TestNG.runSuitesLocally(TestNG.java:1218)
	at org.testng.TestNG.runSuites(TestNG.java:1133)
	at org.testng.TestNG.run(TestNG.java:1104)
	at org.apache.maven.surefire.testng.TestNGExecutor.run(TestNGExecutor.java:284)
	at org.apache.maven.surefire.testng.TestNGXmlTestSuite.execute(TestNGXmlTestSuite.java:75)
	at org.apache.maven.surefire.testng.TestNGProvider.invoke(TestNGProvider.java:119)
	at org.apache.maven.surefire.booter.ForkedBooter.runSuitesInProcess(ForkedBooter.java:428)
	at org.apache.maven.surefire.booter.ForkedBooter.execute(ForkedBooter.java:162)
	at org.apache.maven.surefire.booter.ForkedBooter.run(ForkedBooter.java:562)
	at org.apache.maven.surefire.booter.ForkedBooter.main(ForkedBooter.java:548)
</pre></div></td>
<td>0</td>
<td>com.BankingV1.testCases.TC_LoginTest@20d525</td></tr>
</table><p>
<table width='100%' border='1' class='invocation-skipped'>
<tr><td colspan='4' align='center'><b>SKIPPED CONFIGURATIONS</b></td></tr>
<tr><td><b>Test method</b></td>
<td width="30%"><b>Exception</b></td>
<td width="10%"><b>Time (seconds)</b></td>
<td><b>Instance</b></td>
</tr>
<tr>
<td title='com.BankingV1.testCases.TC_LoginTestDDT.setup()'><b>setup</b><br>Test class: com.BankingV1.testCases.TC_LoginTestDDT</td>
<td></td>
<td>0</td>
<td>com.BankingV1.testCases.TC_LoginTestDDT@6200f9cb</td></tr>
<tr>
<td title='com.BankingV1.testCases.TC_AddCustomerTest.setup()'><b>setup</b><br>Test class: com.BankingV1.testCases.TC_AddCustomerTest</td>
<td></td>
<td>0</td>
<td>com.BankingV1.testCases.TC_AddCustomerTest@2002fc1d</td></tr>
<tr>
<td title='com.BankingV1.testCases.TC_LoginTest.teardown()'><b>teardown</b><br>Test class: com.BankingV1.testCases.TC_LoginTest</td>
<td></td>
<td>0</td>
<td>com.BankingV1.testCases.TC_LoginTest@20d525</td></tr>
<tr>
<td title='com.BankingV1.testCases.TC_LoginTestDDT.teardown()'><b>teardown</b><br>Test class: com.BankingV1.testCases.TC_LoginTestDDT</td>
<td></td>
<td>0</td>
<td>com.BankingV1.testCases.TC_LoginTestDDT@6200f9cb</td></tr>
<tr>
<td title='com.BankingV1.testCases.TC_AddCustomerTest.teardown()'><b>teardown</b><br>Test class: com.BankingV1.testCases.TC_AddCustomerTest</td>
<td></td>
<td>0</td>
<td>com.BankingV1.testCases.TC_AddCustomerTest@2002fc1d</td></tr>
</table><p>
<table width='100%' border='1' class='invocation-skipped'>
<tr><td colspan='4' align='center'><b>SKIPPED TESTS</b></td></tr>
<tr><td><b>Test method</b></td>
<td width="30%"><b>Exception</b></td>
<td width="10%"><b>Time (seconds)</b></td>
<td><b>Instance</b></td>
</tr>
<tr>
<td title='com.BankingV1.testCases.TC_AddCustomerTest.addNewCustomer()'><b>addNewCustomer</b><br>Test class: com.BankingV1.testCases.TC_AddCustomerTest</td>
<td><div><pre>org.openqa.selenium.SessionNotCreatedException: session not created
from timeout: Timed out receiving message from renderer: 600.000
  (Session info: chrome=88.0.4324.146)
Build info: version: &apos;3.141.59&apos;, revision: &apos;e82be7d358&apos;, time: &apos;2018-11-14T08:17:03&apos;
System info: host: &apos;MSI&apos;, ip: &apos;192.168.43.184&apos;, os.name: &apos;Windows 10&apos;, os.arch: &apos;amd64&apos;, os.version: &apos;10.0&apos;, java.version: &apos;11.0.10&apos;
Driver info: driver.version: ChromeDriver
remote stacktrace: Backtrace:
	Ordinal0 [0x0074C0C3+3326147]
	Ordinal0 [0x00630851+2164817]
	Ordinal0 [0x004B7298+619160]
	Ordinal0 [0x004AB17F+569727]
	Ordinal0 [0x004AA421+566305]
	Ordinal0 [0x004AA815+567317]
	Ordinal0 [0x004AA135+565557]
	Ordinal0 [0x004B38B1+604337]
	Ordinal0 [0x004AA0F1+565489]
	Ordinal0 [0x004AAEA2+568994]
	Ordinal0 [0x004AA421+566305]
	Ordinal0 [0x004AA815+567317]
	Ordinal0 [0x004AA135+565557]
	Ordinal0 [0x004B1D2C+597292]
	Ordinal0 [0x004AA0F1+565489]
	Ordinal0 [0x004AAEA2+568994]
	Ordinal0 [0x004AA421+566305]
	Ordinal0 [0x004AA815+567317]
	Ordinal0 [0x004AA135+565557]
	Ordinal0 [0x004AFE62+589410]
	Ordinal0 [0x004AA0F1+565489]
	Ordinal0 [0x004AAEA2+568994]
	Ordinal0 [0x004AA421+566305]
	Ordinal0 [0x004AA815+567317]
	Ordinal0 [0x004AA135+565557]
	Ordinal0 [0x004AF075+585845]
	Ordinal0 [0x004AA0F1+565489]
	Ordinal0 [0x004AAEA2+568994]
	Ordinal0 [0x004AA421+566305]
	Ordinal0 [0x004AA815+567317]
	Ordinal0 [0x004AA135+565557]
	Ordinal0 [0x004A6776+550774]
	Ordinal0 [0x004AA0F1+565489]
	Ordinal0 [0x004A9F13+565011]
	Ordinal0 [0x004A9D07+564487]
	Ordinal0 [0x004B82C0+623296]
	Ordinal0 [0x00456BDD+224221]
	Ordinal0 [0x00455CAC+220332]
	Ordinal0 [0x0045189B+202907]
	Ordinal0 [0x00433DF4+81396]
	Ordinal0 [0x00434DEE+85486]
	Ordinal0 [0x00434D79+85369]
	Ordinal0 [0x006485DC+2262492]
	GetHandleVerifier [0x008D2874+1487204]
	GetHandleVerifier [0x008D23CD+1486013]
	GetHandleVerifier [0x008DA368+1518680]
	GetHandleVerifier [0x008D2F4E+1488958]
	Ordinal0 [0x0063ED0D+2223373]
	Ordinal0 [0x0064A12B+2269483]
	Ordinal0 [0x0064A26F+2269807]
	Ordinal0 [0x0065ECB8+2354360]
	BaseThreadInitThunk [0x77036359+25]
	RtlGetAppContainerNamedObjectPath [0x77B78944+228]
	RtlGetAppContainerNamedObjectPath [0x77B78914+180]

	at org.openqa.selenium.remote.W3CHandshakeResponse.lambda$errorHandler$0(W3CHandshakeResponse.java:62)
	at org.openqa.selenium.remote.HandshakeResponse.lambda$getResponseFunction$0(HandshakeResponse.java:30)
	at org.openqa.selenium.remote.ProtocolHandshake.lambda$createSession$0(ProtocolHandshake.java:126)
	at java.base/java.util.stream.ReferencePipeline$3$1.accept(ReferencePipeline.java:195)
	at java.base/java.util.Spliterators$ArraySpliterator.tryAdvance(Spliterators.java:958)
	at java.base/java.util.stream.ReferencePipeline.forEachWithCancel(ReferencePipeline.java:127)
	at java.base/java.util.stream.AbstractPipeline.copyIntoWithCancel(AbstractPipeline.java:502)
	at java.base/java.util.stream.AbstractPipeline.copyInto(AbstractPipeline.java:488)
	at java.base/java.util.stream.AbstractPipeline.wrapAndCopyInto(AbstractPipeline.java:474)
	at java.base/java.util.stream.FindOps$FindOp.evaluateSequential(FindOps.java:150)
	at java.base/java.util.stream.AbstractPipeline.evaluate(AbstractPipeline.java:234)
	at java.base/java.util.stream.ReferencePipeline.findFirst(ReferencePipeline.java:543)
	at org.openqa.selenium.remote.ProtocolHandshake.createSession(ProtocolHandshake.java:128)
	at org.openqa.selenium.remote.ProtocolHandshake.createSession(ProtocolHandshake.java:74)
	at org.openqa.selenium.remote.HttpCommandExecutor.execute(HttpCommandExecutor.java:136)
	at org.openqa.selenium.remote.service.DriverCommandExecutor.execute(DriverCommandExecutor.java:83)
	at org.openqa.selenium.remote.RemoteWebDriver.execute(RemoteWebDriver.java:552)
	at org.openqa.selenium.remote.RemoteWebDriver.startSession(RemoteWebDriver.java:213)
	at org.openqa.selenium.remote.RemoteWebDriver.&lt;init&gt;(RemoteWebDriver.java:131)
	at org.openqa.selenium.chrome.ChromeDriver.&lt;init&gt;(ChromeDriver.java:181)
	at org.openqa.selenium.chrome.ChromeDriver.&lt;init&gt;(ChromeDriver.java:168)
	at org.openqa.selenium.chrome.ChromeDriver.&lt;init&gt;(ChromeDriver.java:123)
	at com.BankingV1.testCases.BaseTest.setup(BaseTest.java:46)
... Removed 33 stack frames</pre></div><a href='#' onClick='toggleBox("stack-trace1056953587", this, "Click to show all stack frames", "Click to hide stack frames")'>Click to show all stack frames</a>
<div class='stack-trace' id='stack-trace1056953587'><pre>org.openqa.selenium.SessionNotCreatedException: session not created
from timeout: Timed out receiving message from renderer: 600.000
  (Session info: chrome=88.0.4324.146)
Build info: version: &apos;3.141.59&apos;, revision: &apos;e82be7d358&apos;, time: &apos;2018-11-14T08:17:03&apos;
System info: host: &apos;MSI&apos;, ip: &apos;192.168.43.184&apos;, os.name: &apos;Windows 10&apos;, os.arch: &apos;amd64&apos;, os.version: &apos;10.0&apos;, java.version: &apos;11.0.10&apos;
Driver info: driver.version: ChromeDriver
remote stacktrace: Backtrace:
	Ordinal0 [0x0074C0C3+3326147]
	Ordinal0 [0x00630851+2164817]
	Ordinal0 [0x004B7298+619160]
	Ordinal0 [0x004AB17F+569727]
	Ordinal0 [0x004AA421+566305]
	Ordinal0 [0x004AA815+567317]
	Ordinal0 [0x004AA135+565557]
	Ordinal0 [0x004B38B1+604337]
	Ordinal0 [0x004AA0F1+565489]
	Ordinal0 [0x004AAEA2+568994]
	Ordinal0 [0x004AA421+566305]
	Ordinal0 [0x004AA815+567317]
	Ordinal0 [0x004AA135+565557]
	Ordinal0 [0x004B1D2C+597292]
	Ordinal0 [0x004AA0F1+565489]
	Ordinal0 [0x004AAEA2+568994]
	Ordinal0 [0x004AA421+566305]
	Ordinal0 [0x004AA815+567317]
	Ordinal0 [0x004AA135+565557]
	Ordinal0 [0x004AFE62+589410]
	Ordinal0 [0x004AA0F1+565489]
	Ordinal0 [0x004AAEA2+568994]
	Ordinal0 [0x004AA421+566305]
	Ordinal0 [0x004AA815+567317]
	Ordinal0 [0x004AA135+565557]
	Ordinal0 [0x004AF075+585845]
	Ordinal0 [0x004AA0F1+565489]
	Ordinal0 [0x004AAEA2+568994]
	Ordinal0 [0x004AA421+566305]
	Ordinal0 [0x004AA815+567317]
	Ordinal0 [0x004AA135+565557]
	Ordinal0 [0x004A6776+550774]
	Ordinal0 [0x004AA0F1+565489]
	Ordinal0 [0x004A9F13+565011]
	Ordinal0 [0x004A9D07+564487]
	Ordinal0 [0x004B82C0+623296]
	Ordinal0 [0x00456BDD+224221]
	Ordinal0 [0x00455CAC+220332]
	Ordinal0 [0x0045189B+202907]
	Ordinal0 [0x00433DF4+81396]
	Ordinal0 [0x00434DEE+85486]
	Ordinal0 [0x00434D79+85369]
	Ordinal0 [0x006485DC+2262492]
	GetHandleVerifier [0x008D2874+1487204]
	GetHandleVerifier [0x008D23CD+1486013]
	GetHandleVerifier [0x008DA368+1518680]
	GetHandleVerifier [0x008D2F4E+1488958]
	Ordinal0 [0x0063ED0D+2223373]
	Ordinal0 [0x0064A12B+2269483]
	Ordinal0 [0x0064A26F+2269807]
	Ordinal0 [0x0065ECB8+2354360]
	BaseThreadInitThunk [0x77036359+25]
	RtlGetAppContainerNamedObjectPath [0x77B78944+228]
	RtlGetAppContainerNamedObjectPath [0x77B78914+180]

	at java.base/jdk.internal.reflect.NativeConstructorAccessorImpl.newInstance0(Native Method)
	at java.base/jdk.internal.reflect.NativeConstructorAccessorImpl.newInstance(NativeConstructorAccessorImpl.java:62)
	at java.base/jdk.internal.reflect.DelegatingConstructorAccessorImpl.newInstance(DelegatingConstructorAccessorImpl.java:45)
	at java.base/java.lang.reflect.Constructor.newInstance(Constructor.java:490)
	at org.openqa.selenium.remote.W3CHandshakeResponse.lambda$errorHandler$0(W3CHandshakeResponse.java:62)
	at org.openqa.selenium.remote.HandshakeResponse.lambda$getResponseFunction$0(HandshakeResponse.java:30)
	at org.openqa.selenium.remote.ProtocolHandshake.lambda$createSession$0(ProtocolHandshake.java:126)
	at java.base/java.util.stream.ReferencePipeline$3$1.accept(ReferencePipeline.java:195)
	at java.base/java.util.Spliterators$ArraySpliterator.tryAdvance(Spliterators.java:958)
	at java.base/java.util.stream.ReferencePipeline.forEachWithCancel(ReferencePipeline.java:127)
	at java.base/java.util.stream.AbstractPipeline.copyIntoWithCancel(AbstractPipeline.java:502)
	at java.base/java.util.stream.AbstractPipeline.copyInto(AbstractPipeline.java:488)
	at java.base/java.util.stream.AbstractPipeline.wrapAndCopyInto(AbstractPipeline.java:474)
	at java.base/java.util.stream.FindOps$FindOp.evaluateSequential(FindOps.java:150)
	at java.base/java.util.stream.AbstractPipeline.evaluate(AbstractPipeline.java:234)
	at java.base/java.util.stream.ReferencePipeline.findFirst(ReferencePipeline.java:543)
	at org.openqa.selenium.remote.ProtocolHandshake.createSession(ProtocolHandshake.java:128)
	at org.openqa.selenium.remote.ProtocolHandshake.createSession(ProtocolHandshake.java:74)
	at org.openqa.selenium.remote.HttpCommandExecutor.execute(HttpCommandExecutor.java:136)
	at org.openqa.selenium.remote.service.DriverCommandExecutor.execute(DriverCommandExecutor.java:83)
	at org.openqa.selenium.remote.RemoteWebDriver.execute(RemoteWebDriver.java:552)
	at org.openqa.selenium.remote.RemoteWebDriver.startSession(RemoteWebDriver.java:213)
	at org.openqa.selenium.remote.RemoteWebDriver.&lt;init&gt;(RemoteWebDriver.java:131)
	at org.openqa.selenium.chrome.ChromeDriver.&lt;init&gt;(ChromeDriver.java:181)
	at org.openqa.selenium.chrome.ChromeDriver.&lt;init&gt;(ChromeDriver.java:168)
	at org.openqa.selenium.chrome.ChromeDriver.&lt;init&gt;(ChromeDriver.java:123)
	at com.BankingV1.testCases.BaseTest.setup(BaseTest.java:46)
	at java.base/jdk.internal.reflect.NativeMethodAccessorImpl.invoke0(Native Method)
	at java.base/jdk.internal.reflect.NativeMethodAccessorImpl.invoke(NativeMethodAccessorImpl.java:62)
	at java.base/jdk.internal.reflect.DelegatingMethodAccessorImpl.invoke(DelegatingMethodAccessorImpl.java:43)
	at java.base/java.lang.reflect.Method.invoke(Method.java:566)
	at org.testng.internal.MethodInvocationHelper.invokeMethod(MethodInvocationHelper.java:104)
	at org.testng.internal.Invoker.invokeConfigurationMethod(Invoker.java:515)
	at org.testng.internal.Invoker.invokeConfigurations(Invoker.java:217)
	at org.testng.internal.Invoker.invokeConfigurations(Invoker.java:144)
	at org.testng.internal.TestMethodWorker.invokeBeforeClassMethods(TestMethodWorker.java:169)
	at org.testng.internal.TestMethodWorker.run(TestMethodWorker.java:108)
	at org.testng.TestRunner.privateRun(TestRunner.java:756)
	at org.testng.TestRunner.run(TestRunner.java:610)
	at org.testng.SuiteRunner.runTest(SuiteRunner.java:387)
	at org.testng.SuiteRunner.runSequentially(SuiteRunner.java:382)
	at org.testng.SuiteRunner.privateRun(SuiteRunner.java:340)
	at org.testng.SuiteRunner.run(SuiteRunner.java:289)
	at org.testng.SuiteRunnerWorker.runSuite(SuiteRunnerWorker.java:52)
	at org.testng.SuiteRunnerWorker.run(SuiteRunnerWorker.java:86)
	at org.testng.TestNG.runSuitesSequentially(TestNG.java:1293)
	at org.testng.TestNG.runSuitesLocally(TestNG.java:1218)
	at org.testng.TestNG.runSuites(TestNG.java:1133)
	at org.testng.TestNG.run(TestNG.java:1104)
	at org.apache.maven.surefire.testng.TestNGExecutor.run(TestNGExecutor.java:284)
	at org.apache.maven.surefire.testng.TestNGXmlTestSuite.execute(TestNGXmlTestSuite.java:75)
	at org.apache.maven.surefire.testng.TestNGProvider.invoke(TestNGProvider.java:119)
	at org.apache.maven.surefire.booter.ForkedBooter.runSuitesInProcess(ForkedBooter.java:428)
	at org.apache.maven.surefire.booter.ForkedBooter.execute(ForkedBooter.java:162)
	at org.apache.maven.surefire.booter.ForkedBooter.run(ForkedBooter.java:562)
	at org.apache.maven.surefire.booter.ForkedBooter.main(ForkedBooter.java:548)
</pre></div></td>
<td>0</td>
<td>com.BankingV1.testCases.TC_AddCustomerTest@2002fc1d</td></tr>
<tr>
<td title='com.BankingV1.testCases.TC_LoginTestDDT.logInDDT()'><b>logInDDT</b><br>Test class: com.BankingV1.testCases.TC_LoginTestDDT<br>Parameters: mngr304231, ajavUve</td>
<td><div><pre>org.openqa.selenium.SessionNotCreatedException: session not created
from timeout: Timed out receiving message from renderer: 600.000
  (Session info: chrome=88.0.4324.146)
Build info: version: &apos;3.141.59&apos;, revision: &apos;e82be7d358&apos;, time: &apos;2018-11-14T08:17:03&apos;
System info: host: &apos;MSI&apos;, ip: &apos;192.168.43.184&apos;, os.name: &apos;Windows 10&apos;, os.arch: &apos;amd64&apos;, os.version: &apos;10.0&apos;, java.version: &apos;11.0.10&apos;
Driver info: driver.version: ChromeDriver
remote stacktrace: Backtrace:
	Ordinal0 [0x0074C0C3+3326147]
	Ordinal0 [0x00630851+2164817]
	Ordinal0 [0x004B7298+619160]
	Ordinal0 [0x004AB17F+569727]
	Ordinal0 [0x004AA421+566305]
	Ordinal0 [0x004AA815+567317]
	Ordinal0 [0x004AA135+565557]
	Ordinal0 [0x004B38B1+604337]
	Ordinal0 [0x004AA0F1+565489]
	Ordinal0 [0x004AAEA2+568994]
	Ordinal0 [0x004AA421+566305]
	Ordinal0 [0x004AA815+567317]
	Ordinal0 [0x004AA135+565557]
	Ordinal0 [0x004B1D2C+597292]
	Ordinal0 [0x004AA0F1+565489]
	Ordinal0 [0x004AAEA2+568994]
	Ordinal0 [0x004AA421+566305]
	Ordinal0 [0x004AA815+567317]
	Ordinal0 [0x004AA135+565557]
	Ordinal0 [0x004AFE62+589410]
	Ordinal0 [0x004AA0F1+565489]
	Ordinal0 [0x004AAEA2+568994]
	Ordinal0 [0x004AA421+566305]
	Ordinal0 [0x004AA815+567317]
	Ordinal0 [0x004AA135+565557]
	Ordinal0 [0x004AF075+585845]
	Ordinal0 [0x004AA0F1+565489]
	Ordinal0 [0x004AAEA2+568994]
	Ordinal0 [0x004AA421+566305]
	Ordinal0 [0x004AA815+567317]
	Ordinal0 [0x004AA135+565557]
	Ordinal0 [0x004A6776+550774]
	Ordinal0 [0x004AA0F1+565489]
	Ordinal0 [0x004A9F13+565011]
	Ordinal0 [0x004A9D07+564487]
	Ordinal0 [0x004B82C0+623296]
	Ordinal0 [0x00456BDD+224221]
	Ordinal0 [0x00455CAC+220332]
	Ordinal0 [0x0045189B+202907]
	Ordinal0 [0x00433DF4+81396]
	Ordinal0 [0x00434DEE+85486]
	Ordinal0 [0x00434D79+85369]
	Ordinal0 [0x006485DC+2262492]
	GetHandleVerifier [0x008D2874+1487204]
	GetHandleVerifier [0x008D23CD+1486013]
	GetHandleVerifier [0x008DA368+1518680]
	GetHandleVerifier [0x008D2F4E+1488958]
	Ordinal0 [0x0063ED0D+2223373]
	Ordinal0 [0x0064A12B+2269483]
	Ordinal0 [0x0064A26F+2269807]
	Ordinal0 [0x0065ECB8+2354360]
	BaseThreadInitThunk [0x77036359+25]
	RtlGetAppContainerNamedObjectPath [0x77B78944+228]
	RtlGetAppContainerNamedObjectPath [0x77B78914+180]

	at org.openqa.selenium.remote.W3CHandshakeResponse.lambda$errorHandler$0(W3CHandshakeResponse.java:62)
	at org.openqa.selenium.remote.HandshakeResponse.lambda$getResponseFunction$0(HandshakeResponse.java:30)
	at org.openqa.selenium.remote.ProtocolHandshake.lambda$createSession$0(ProtocolHandshake.java:126)
	at java.base/java.util.stream.ReferencePipeline$3$1.accept(ReferencePipeline.java:195)
	at java.base/java.util.Spliterators$ArraySpliterator.tryAdvance(Spliterators.java:958)
	at java.base/java.util.stream.ReferencePipeline.forEachWithCancel(ReferencePipeline.java:127)
	at java.base/java.util.stream.AbstractPipeline.copyIntoWithCancel(AbstractPipeline.java:502)
	at java.base/java.util.stream.AbstractPipeline.copyInto(AbstractPipeline.java:488)
	at java.base/java.util.stream.AbstractPipeline.wrapAndCopyInto(AbstractPipeline.java:474)
	at java.base/java.util.stream.FindOps$FindOp.evaluateSequential(FindOps.java:150)
	at java.base/java.util.stream.AbstractPipeline.evaluate(AbstractPipeline.java:234)
	at java.base/java.util.stream.ReferencePipeline.findFirst(ReferencePipeline.java:543)
	at org.openqa.selenium.remote.ProtocolHandshake.createSession(ProtocolHandshake.java:128)
	at org.openqa.selenium.remote.ProtocolHandshake.createSession(ProtocolHandshake.java:74)
	at org.openqa.selenium.remote.HttpCommandExecutor.execute(HttpCommandExecutor.java:136)
	at org.openqa.selenium.remote.service.DriverCommandExecutor.execute(DriverCommandExecutor.java:83)
	at org.openqa.selenium.remote.RemoteWebDriver.execute(RemoteWebDriver.java:552)
	at org.openqa.selenium.remote.RemoteWebDriver.startSession(RemoteWebDriver.java:213)
	at org.openqa.selenium.remote.RemoteWebDriver.&lt;init&gt;(RemoteWebDriver.java:131)
	at org.openqa.selenium.chrome.ChromeDriver.&lt;init&gt;(ChromeDriver.java:181)
	at org.openqa.selenium.chrome.ChromeDriver.&lt;init&gt;(ChromeDriver.java:168)
	at org.openqa.selenium.chrome.ChromeDriver.&lt;init&gt;(ChromeDriver.java:123)
	at com.BankingV1.testCases.BaseTest.setup(BaseTest.java:46)
... Removed 33 stack frames</pre></div><a href='#' onClick='toggleBox("stack-trace165137662", this, "Click to show all stack frames", "Click to hide stack frames")'>Click to show all stack frames</a>
<div class='stack-trace' id='stack-trace165137662'><pre>org.openqa.selenium.SessionNotCreatedException: session not created
from timeout: Timed out receiving message from renderer: 600.000
  (Session info: chrome=88.0.4324.146)
Build info: version: &apos;3.141.59&apos;, revision: &apos;e82be7d358&apos;, time: &apos;2018-11-14T08:17:03&apos;
System info: host: &apos;MSI&apos;, ip: &apos;192.168.43.184&apos;, os.name: &apos;Windows 10&apos;, os.arch: &apos;amd64&apos;, os.version: &apos;10.0&apos;, java.version: &apos;11.0.10&apos;
Driver info: driver.version: ChromeDriver
remote stacktrace: Backtrace:
	Ordinal0 [0x0074C0C3+3326147]
	Ordinal0 [0x00630851+2164817]
	Ordinal0 [0x004B7298+619160]
	Ordinal0 [0x004AB17F+569727]
	Ordinal0 [0x004AA421+566305]
	Ordinal0 [0x004AA815+567317]
	Ordinal0 [0x004AA135+565557]
	Ordinal0 [0x004B38B1+604337]
	Ordinal0 [0x004AA0F1+565489]
	Ordinal0 [0x004AAEA2+568994]
	Ordinal0 [0x004AA421+566305]
	Ordinal0 [0x004AA815+567317]
	Ordinal0 [0x004AA135+565557]
	Ordinal0 [0x004B1D2C+597292]
	Ordinal0 [0x004AA0F1+565489]
	Ordinal0 [0x004AAEA2+568994]
	Ordinal0 [0x004AA421+566305]
	Ordinal0 [0x004AA815+567317]
	Ordinal0 [0x004AA135+565557]
	Ordinal0 [0x004AFE62+589410]
	Ordinal0 [0x004AA0F1+565489]
	Ordinal0 [0x004AAEA2+568994]
	Ordinal0 [0x004AA421+566305]
	Ordinal0 [0x004AA815+567317]
	Ordinal0 [0x004AA135+565557]
	Ordinal0 [0x004AF075+585845]
	Ordinal0 [0x004AA0F1+565489]
	Ordinal0 [0x004AAEA2+568994]
	Ordinal0 [0x004AA421+566305]
	Ordinal0 [0x004AA815+567317]
	Ordinal0 [0x004AA135+565557]
	Ordinal0 [0x004A6776+550774]
	Ordinal0 [0x004AA0F1+565489]
	Ordinal0 [0x004A9F13+565011]
	Ordinal0 [0x004A9D07+564487]
	Ordinal0 [0x004B82C0+623296]
	Ordinal0 [0x00456BDD+224221]
	Ordinal0 [0x00455CAC+220332]
	Ordinal0 [0x0045189B+202907]
	Ordinal0 [0x00433DF4+81396]
	Ordinal0 [0x00434DEE+85486]
	Ordinal0 [0x00434D79+85369]
	Ordinal0 [0x006485DC+2262492]
	GetHandleVerifier [0x008D2874+1487204]
	GetHandleVerifier [0x008D23CD+1486013]
	GetHandleVerifier [0x008DA368+1518680]
	GetHandleVerifier [0x008D2F4E+1488958]
	Ordinal0 [0x0063ED0D+2223373]
	Ordinal0 [0x0064A12B+2269483]
	Ordinal0 [0x0064A26F+2269807]
	Ordinal0 [0x0065ECB8+2354360]
	BaseThreadInitThunk [0x77036359+25]
	RtlGetAppContainerNamedObjectPath [0x77B78944+228]
	RtlGetAppContainerNamedObjectPath [0x77B78914+180]

	at java.base/jdk.internal.reflect.NativeConstructorAccessorImpl.newInstance0(Native Method)
	at java.base/jdk.internal.reflect.NativeConstructorAccessorImpl.newInstance(NativeConstructorAccessorImpl.java:62)
	at java.base/jdk.internal.reflect.DelegatingConstructorAccessorImpl.newInstance(DelegatingConstructorAccessorImpl.java:45)
	at java.base/java.lang.reflect.Constructor.newInstance(Constructor.java:490)
	at org.openqa.selenium.remote.W3CHandshakeResponse.lambda$errorHandler$0(W3CHandshakeResponse.java:62)
	at org.openqa.selenium.remote.HandshakeResponse.lambda$getResponseFunction$0(HandshakeResponse.java:30)
	at org.openqa.selenium.remote.ProtocolHandshake.lambda$createSession$0(ProtocolHandshake.java:126)
	at java.base/java.util.stream.ReferencePipeline$3$1.accept(ReferencePipeline.java:195)
	at java.base/java.util.Spliterators$ArraySpliterator.tryAdvance(Spliterators.java:958)
	at java.base/java.util.stream.ReferencePipeline.forEachWithCancel(ReferencePipeline.java:127)
	at java.base/java.util.stream.AbstractPipeline.copyIntoWithCancel(AbstractPipeline.java:502)
	at java.base/java.util.stream.AbstractPipeline.copyInto(AbstractPipeline.java:488)
	at java.base/java.util.stream.AbstractPipeline.wrapAndCopyInto(AbstractPipeline.java:474)
	at java.base/java.util.stream.FindOps$FindOp.evaluateSequential(FindOps.java:150)
	at java.base/java.util.stream.AbstractPipeline.evaluate(AbstractPipeline.java:234)
	at java.base/java.util.stream.ReferencePipeline.findFirst(ReferencePipeline.java:543)
	at org.openqa.selenium.remote.ProtocolHandshake.createSession(ProtocolHandshake.java:128)
	at org.openqa.selenium.remote.ProtocolHandshake.createSession(ProtocolHandshake.java:74)
	at org.openqa.selenium.remote.HttpCommandExecutor.execute(HttpCommandExecutor.java:136)
	at org.openqa.selenium.remote.service.DriverCommandExecutor.execute(DriverCommandExecutor.java:83)
	at org.openqa.selenium.remote.RemoteWebDriver.execute(RemoteWebDriver.java:552)
	at org.openqa.selenium.remote.RemoteWebDriver.startSession(RemoteWebDriver.java:213)
	at org.openqa.selenium.remote.RemoteWebDriver.&lt;init&gt;(RemoteWebDriver.java:131)
	at org.openqa.selenium.chrome.ChromeDriver.&lt;init&gt;(ChromeDriver.java:181)
	at org.openqa.selenium.chrome.ChromeDriver.&lt;init&gt;(ChromeDriver.java:168)
	at org.openqa.selenium.chrome.ChromeDriver.&lt;init&gt;(ChromeDriver.java:123)
	at com.BankingV1.testCases.BaseTest.setup(BaseTest.java:46)
	at java.base/jdk.internal.reflect.NativeMethodAccessorImpl.invoke0(Native Method)
	at java.base/jdk.internal.reflect.NativeMethodAccessorImpl.invoke(NativeMethodAccessorImpl.java:62)
	at java.base/jdk.internal.reflect.DelegatingMethodAccessorImpl.invoke(DelegatingMethodAccessorImpl.java:43)
	at java.base/java.lang.reflect.Method.invoke(Method.java:566)
	at org.testng.internal.MethodInvocationHelper.invokeMethod(MethodInvocationHelper.java:104)
	at org.testng.internal.Invoker.invokeConfigurationMethod(Invoker.java:515)
	at org.testng.internal.Invoker.invokeConfigurations(Invoker.java:217)
	at org.testng.internal.Invoker.invokeConfigurations(Invoker.java:144)
	at org.testng.internal.TestMethodWorker.invokeBeforeClassMethods(TestMethodWorker.java:169)
	at org.testng.internal.TestMethodWorker.run(TestMethodWorker.java:108)
	at org.testng.TestRunner.privateRun(TestRunner.java:756)
	at org.testng.TestRunner.run(TestRunner.java:610)
	at org.testng.SuiteRunner.runTest(SuiteRunner.java:387)
	at org.testng.SuiteRunner.runSequentially(SuiteRunner.java:382)
	at org.testng.SuiteRunner.privateRun(SuiteRunner.java:340)
	at org.testng.SuiteRunner.run(SuiteRunner.java:289)
	at org.testng.SuiteRunnerWorker.runSuite(SuiteRunnerWorker.java:52)
	at org.testng.SuiteRunnerWorker.run(SuiteRunnerWorker.java:86)
	at org.testng.TestNG.runSuitesSequentially(TestNG.java:1293)
	at org.testng.TestNG.runSuitesLocally(TestNG.java:1218)
	at org.testng.TestNG.runSuites(TestNG.java:1133)
	at org.testng.TestNG.run(TestNG.java:1104)
	at org.apache.maven.surefire.testng.TestNGExecutor.run(TestNGExecutor.java:284)
	at org.apache.maven.surefire.testng.TestNGXmlTestSuite.execute(TestNGXmlTestSuite.java:75)
	at org.apache.maven.surefire.testng.TestNGProvider.invoke(TestNGProvider.java:119)
	at org.apache.maven.surefire.booter.ForkedBooter.runSuitesInProcess(ForkedBooter.java:428)
	at org.apache.maven.surefire.booter.ForkedBooter.execute(ForkedBooter.java:162)
	at org.apache.maven.surefire.booter.ForkedBooter.run(ForkedBooter.java:562)
	at org.apache.maven.surefire.booter.ForkedBooter.main(ForkedBooter.java:548)
</pre></div></td>
<td>0</td>
<td>com.BankingV1.testCases.TC_LoginTestDDT@6200f9cb</td></tr>
<tr>
<td title='com.BankingV1.testCases.TC_LoginTestDDT.logInDDT()'><b>logInDDT</b><br>Test class: com.BankingV1.testCases.TC_LoginTestDDT<br>Parameters: mngr304231, ajavUvew</td>
<td><div><pre>org.openqa.selenium.SessionNotCreatedException: session not created
from timeout: Timed out receiving message from renderer: 600.000
  (Session info: chrome=88.0.4324.146)
Build info: version: &apos;3.141.59&apos;, revision: &apos;e82be7d358&apos;, time: &apos;2018-11-14T08:17:03&apos;
System info: host: &apos;MSI&apos;, ip: &apos;192.168.43.184&apos;, os.name: &apos;Windows 10&apos;, os.arch: &apos;amd64&apos;, os.version: &apos;10.0&apos;, java.version: &apos;11.0.10&apos;
Driver info: driver.version: ChromeDriver
remote stacktrace: Backtrace:
	Ordinal0 [0x0074C0C3+3326147]
	Ordinal0 [0x00630851+2164817]
	Ordinal0 [0x004B7298+619160]
	Ordinal0 [0x004AB17F+569727]
	Ordinal0 [0x004AA421+566305]
	Ordinal0 [0x004AA815+567317]
	Ordinal0 [0x004AA135+565557]
	Ordinal0 [0x004B38B1+604337]
	Ordinal0 [0x004AA0F1+565489]
	Ordinal0 [0x004AAEA2+568994]
	Ordinal0 [0x004AA421+566305]
	Ordinal0 [0x004AA815+567317]
	Ordinal0 [0x004AA135+565557]
	Ordinal0 [0x004B1D2C+597292]
	Ordinal0 [0x004AA0F1+565489]
	Ordinal0 [0x004AAEA2+568994]
	Ordinal0 [0x004AA421+566305]
	Ordinal0 [0x004AA815+567317]
	Ordinal0 [0x004AA135+565557]
	Ordinal0 [0x004AFE62+589410]
	Ordinal0 [0x004AA0F1+565489]
	Ordinal0 [0x004AAEA2+568994]
	Ordinal0 [0x004AA421+566305]
	Ordinal0 [0x004AA815+567317]
	Ordinal0 [0x004AA135+565557]
	Ordinal0 [0x004AF075+585845]
	Ordinal0 [0x004AA0F1+565489]
	Ordinal0 [0x004AAEA2+568994]
	Ordinal0 [0x004AA421+566305]
	Ordinal0 [0x004AA815+567317]
	Ordinal0 [0x004AA135+565557]
	Ordinal0 [0x004A6776+550774]
	Ordinal0 [0x004AA0F1+565489]
	Ordinal0 [0x004A9F13+565011]
	Ordinal0 [0x004A9D07+564487]
	Ordinal0 [0x004B82C0+623296]
	Ordinal0 [0x00456BDD+224221]
	Ordinal0 [0x00455CAC+220332]
	Ordinal0 [0x0045189B+202907]
	Ordinal0 [0x00433DF4+81396]
	Ordinal0 [0x00434DEE+85486]
	Ordinal0 [0x00434D79+85369]
	Ordinal0 [0x006485DC+2262492]
	GetHandleVerifier [0x008D2874+1487204]
	GetHandleVerifier [0x008D23CD+1486013]
	GetHandleVerifier [0x008DA368+1518680]
	GetHandleVerifier [0x008D2F4E+1488958]
	Ordinal0 [0x0063ED0D+2223373]
	Ordinal0 [0x0064A12B+2269483]
	Ordinal0 [0x0064A26F+2269807]
	Ordinal0 [0x0065ECB8+2354360]
	BaseThreadInitThunk [0x77036359+25]
	RtlGetAppContainerNamedObjectPath [0x77B78944+228]
	RtlGetAppContainerNamedObjectPath [0x77B78914+180]

	at org.openqa.selenium.remote.W3CHandshakeResponse.lambda$errorHandler$0(W3CHandshakeResponse.java:62)
	at org.openqa.selenium.remote.HandshakeResponse.lambda$getResponseFunction$0(HandshakeResponse.java:30)
	at org.openqa.selenium.remote.ProtocolHandshake.lambda$createSession$0(ProtocolHandshake.java:126)
	at java.base/java.util.stream.ReferencePipeline$3$1.accept(ReferencePipeline.java:195)
	at java.base/java.util.Spliterators$ArraySpliterator.tryAdvance(Spliterators.java:958)
	at java.base/java.util.stream.ReferencePipeline.forEachWithCancel(ReferencePipeline.java:127)
	at java.base/java.util.stream.AbstractPipeline.copyIntoWithCancel(AbstractPipeline.java:502)
	at java.base/java.util.stream.AbstractPipeline.copyInto(AbstractPipeline.java:488)
	at java.base/java.util.stream.AbstractPipeline.wrapAndCopyInto(AbstractPipeline.java:474)
	at java.base/java.util.stream.FindOps$FindOp.evaluateSequential(FindOps.java:150)
	at java.base/java.util.stream.AbstractPipeline.evaluate(AbstractPipeline.java:234)
	at java.base/java.util.stream.ReferencePipeline.findFirst(ReferencePipeline.java:543)
	at org.openqa.selenium.remote.ProtocolHandshake.createSession(ProtocolHandshake.java:128)
	at org.openqa.selenium.remote.ProtocolHandshake.createSession(ProtocolHandshake.java:74)
	at org.openqa.selenium.remote.HttpCommandExecutor.execute(HttpCommandExecutor.java:136)
	at org.openqa.selenium.remote.service.DriverCommandExecutor.execute(DriverCommandExecutor.java:83)
	at org.openqa.selenium.remote.RemoteWebDriver.execute(RemoteWebDriver.java:552)
	at org.openqa.selenium.remote.RemoteWebDriver.startSession(RemoteWebDriver.java:213)
	at org.openqa.selenium.remote.RemoteWebDriver.&lt;init&gt;(RemoteWebDriver.java:131)
	at org.openqa.selenium.chrome.ChromeDriver.&lt;init&gt;(ChromeDriver.java:181)
	at org.openqa.selenium.chrome.ChromeDriver.&lt;init&gt;(ChromeDriver.java:168)
	at org.openqa.selenium.chrome.ChromeDriver.&lt;init&gt;(ChromeDriver.java:123)
	at com.BankingV1.testCases.BaseTest.setup(BaseTest.java:46)
... Removed 33 stack frames</pre></div><a href='#' onClick='toggleBox("stack-trace1728897841", this, "Click to show all stack frames", "Click to hide stack frames")'>Click to show all stack frames</a>
<div class='stack-trace' id='stack-trace1728897841'><pre>org.openqa.selenium.SessionNotCreatedException: session not created
from timeout: Timed out receiving message from renderer: 600.000
  (Session info: chrome=88.0.4324.146)
Build info: version: &apos;3.141.59&apos;, revision: &apos;e82be7d358&apos;, time: &apos;2018-11-14T08:17:03&apos;
System info: host: &apos;MSI&apos;, ip: &apos;192.168.43.184&apos;, os.name: &apos;Windows 10&apos;, os.arch: &apos;amd64&apos;, os.version: &apos;10.0&apos;, java.version: &apos;11.0.10&apos;
Driver info: driver.version: ChromeDriver
remote stacktrace: Backtrace:
	Ordinal0 [0x0074C0C3+3326147]
	Ordinal0 [0x00630851+2164817]
	Ordinal0 [0x004B7298+619160]
	Ordinal0 [0x004AB17F+569727]
	Ordinal0 [0x004AA421+566305]
	Ordinal0 [0x004AA815+567317]
	Ordinal0 [0x004AA135+565557]
	Ordinal0 [0x004B38B1+604337]
	Ordinal0 [0x004AA0F1+565489]
	Ordinal0 [0x004AAEA2+568994]
	Ordinal0 [0x004AA421+566305]
	Ordinal0 [0x004AA815+567317]
	Ordinal0 [0x004AA135+565557]
	Ordinal0 [0x004B1D2C+597292]
	Ordinal0 [0x004AA0F1+565489]
	Ordinal0 [0x004AAEA2+568994]
	Ordinal0 [0x004AA421+566305]
	Ordinal0 [0x004AA815+567317]
	Ordinal0 [0x004AA135+565557]
	Ordinal0 [0x004AFE62+589410]
	Ordinal0 [0x004AA0F1+565489]
	Ordinal0 [0x004AAEA2+568994]
	Ordinal0 [0x004AA421+566305]
	Ordinal0 [0x004AA815+567317]
	Ordinal0 [0x004AA135+565557]
	Ordinal0 [0x004AF075+585845]
	Ordinal0 [0x004AA0F1+565489]
	Ordinal0 [0x004AAEA2+568994]
	Ordinal0 [0x004AA421+566305]
	Ordinal0 [0x004AA815+567317]
	Ordinal0 [0x004AA135+565557]
	Ordinal0 [0x004A6776+550774]
	Ordinal0 [0x004AA0F1+565489]
	Ordinal0 [0x004A9F13+565011]
	Ordinal0 [0x004A9D07+564487]
	Ordinal0 [0x004B82C0+623296]
	Ordinal0 [0x00456BDD+224221]
	Ordinal0 [0x00455CAC+220332]
	Ordinal0 [0x0045189B+202907]
	Ordinal0 [0x00433DF4+81396]
	Ordinal0 [0x00434DEE+85486]
	Ordinal0 [0x00434D79+85369]
	Ordinal0 [0x006485DC+2262492]
	GetHandleVerifier [0x008D2874+1487204]
	GetHandleVerifier [0x008D23CD+1486013]
	GetHandleVerifier [0x008DA368+1518680]
	GetHandleVerifier [0x008D2F4E+1488958]
	Ordinal0 [0x0063ED0D+2223373]
	Ordinal0 [0x0064A12B+2269483]
	Ordinal0 [0x0064A26F+2269807]
	Ordinal0 [0x0065ECB8+2354360]
	BaseThreadInitThunk [0x77036359+25]
	RtlGetAppContainerNamedObjectPath [0x77B78944+228]
	RtlGetAppContainerNamedObjectPath [0x77B78914+180]

	at java.base/jdk.internal.reflect.NativeConstructorAccessorImpl.newInstance0(Native Method)
	at java.base/jdk.internal.reflect.NativeConstructorAccessorImpl.newInstance(NativeConstructorAccessorImpl.java:62)
	at java.base/jdk.internal.reflect.DelegatingConstructorAccessorImpl.newInstance(DelegatingConstructorAccessorImpl.java:45)
	at java.base/java.lang.reflect.Constructor.newInstance(Constructor.java:490)
	at org.openqa.selenium.remote.W3CHandshakeResponse.lambda$errorHandler$0(W3CHandshakeResponse.java:62)
	at org.openqa.selenium.remote.HandshakeResponse.lambda$getResponseFunction$0(HandshakeResponse.java:30)
	at org.openqa.selenium.remote.ProtocolHandshake.lambda$createSession$0(ProtocolHandshake.java:126)
	at java.base/java.util.stream.ReferencePipeline$3$1.accept(ReferencePipeline.java:195)
	at java.base/java.util.Spliterators$ArraySpliterator.tryAdvance(Spliterators.java:958)
	at java.base/java.util.stream.ReferencePipeline.forEachWithCancel(ReferencePipeline.java:127)
	at java.base/java.util.stream.AbstractPipeline.copyIntoWithCancel(AbstractPipeline.java:502)
	at java.base/java.util.stream.AbstractPipeline.copyInto(AbstractPipeline.java:488)
	at java.base/java.util.stream.AbstractPipeline.wrapAndCopyInto(AbstractPipeline.java:474)
	at java.base/java.util.stream.FindOps$FindOp.evaluateSequential(FindOps.java:150)
	at java.base/java.util.stream.AbstractPipeline.evaluate(AbstractPipeline.java:234)
	at java.base/java.util.stream.ReferencePipeline.findFirst(ReferencePipeline.java:543)
	at org.openqa.selenium.remote.ProtocolHandshake.createSession(ProtocolHandshake.java:128)
	at org.openqa.selenium.remote.ProtocolHandshake.createSession(ProtocolHandshake.java:74)
	at org.openqa.selenium.remote.HttpCommandExecutor.execute(HttpCommandExecutor.java:136)
	at org.openqa.selenium.remote.service.DriverCommandExecutor.execute(DriverCommandExecutor.java:83)
	at org.openqa.selenium.remote.RemoteWebDriver.execute(RemoteWebDriver.java:552)
	at org.openqa.selenium.remote.RemoteWebDriver.startSession(RemoteWebDriver.java:213)
	at org.openqa.selenium.remote.RemoteWebDriver.&lt;init&gt;(RemoteWebDriver.java:131)
	at org.openqa.selenium.chrome.ChromeDriver.&lt;init&gt;(ChromeDriver.java:181)
	at org.openqa.selenium.chrome.ChromeDriver.&lt;init&gt;(ChromeDriver.java:168)
	at org.openqa.selenium.chrome.ChromeDriver.&lt;init&gt;(ChromeDriver.java:123)
	at com.BankingV1.testCases.BaseTest.setup(BaseTest.java:46)
	at java.base/jdk.internal.reflect.NativeMethodAccessorImpl.invoke0(Native Method)
	at java.base/jdk.internal.reflect.NativeMethodAccessorImpl.invoke(NativeMethodAccessorImpl.java:62)
	at java.base/jdk.internal.reflect.DelegatingMethodAccessorImpl.invoke(DelegatingMethodAccessorImpl.java:43)
	at java.base/java.lang.reflect.Method.invoke(Method.java:566)
	at org.testng.internal.MethodInvocationHelper.invokeMethod(MethodInvocationHelper.java:104)
	at org.testng.internal.Invoker.invokeConfigurationMethod(Invoker.java:515)
	at org.testng.internal.Invoker.invokeConfigurations(Invoker.java:217)
	at org.testng.internal.Invoker.invokeConfigurations(Invoker.java:144)
	at org.testng.internal.TestMethodWorker.invokeBeforeClassMethods(TestMethodWorker.java:169)
	at org.testng.internal.TestMethodWorker.run(TestMethodWorker.java:108)
	at org.testng.TestRunner.privateRun(TestRunner.java:756)
	at org.testng.TestRunner.run(TestRunner.java:610)
	at org.testng.SuiteRunner.runTest(SuiteRunner.java:387)
	at org.testng.SuiteRunner.runSequentially(SuiteRunner.java:382)
	at org.testng.SuiteRunner.privateRun(SuiteRunner.java:340)
	at org.testng.SuiteRunner.run(SuiteRunner.java:289)
	at org.testng.SuiteRunnerWorker.runSuite(SuiteRunnerWorker.java:52)
	at org.testng.SuiteRunnerWorker.run(SuiteRunnerWorker.java:86)
	at org.testng.TestNG.runSuitesSequentially(TestNG.java:1293)
	at org.testng.TestNG.runSuitesLocally(TestNG.java:1218)
	at org.testng.TestNG.runSuites(TestNG.java:1133)
	at org.testng.TestNG.run(TestNG.java:1104)
	at org.apache.maven.surefire.testng.TestNGExecutor.run(TestNGExecutor.java:284)
	at org.apache.maven.surefire.testng.TestNGXmlTestSuite.execute(TestNGXmlTestSuite.java:75)
	at org.apache.maven.surefire.testng.TestNGProvider.invoke(TestNGProvider.java:119)
	at org.apache.maven.surefire.booter.ForkedBooter.runSuitesInProcess(ForkedBooter.java:428)
	at org.apache.maven.surefire.booter.ForkedBooter.execute(ForkedBooter.java:162)
	at org.apache.maven.surefire.booter.ForkedBooter.run(ForkedBooter.java:562)
	at org.apache.maven.surefire.booter.ForkedBooter.main(ForkedBooter.java:548)
</pre></div></td>
<td>0</td>
<td>com.BankingV1.testCases.TC_LoginTestDDT@6200f9cb</td></tr>
<tr>
<td title='com.BankingV1.testCases.TC_LoginTestDDT.logInDDT()'><b>logInDDT</b><br>Test class: com.BankingV1.testCases.TC_LoginTestDDT<br>Parameters: mngr304232, ajavUve</td>
<td><div><pre>org.openqa.selenium.SessionNotCreatedException: session not created
from timeout: Timed out receiving message from renderer: 600.000
  (Session info: chrome=88.0.4324.146)
Build info: version: &apos;3.141.59&apos;, revision: &apos;e82be7d358&apos;, time: &apos;2018-11-14T08:17:03&apos;
System info: host: &apos;MSI&apos;, ip: &apos;192.168.43.184&apos;, os.name: &apos;Windows 10&apos;, os.arch: &apos;amd64&apos;, os.version: &apos;10.0&apos;, java.version: &apos;11.0.10&apos;
Driver info: driver.version: ChromeDriver
remote stacktrace: Backtrace:
	Ordinal0 [0x0074C0C3+3326147]
	Ordinal0 [0x00630851+2164817]
	Ordinal0 [0x004B7298+619160]
	Ordinal0 [0x004AB17F+569727]
	Ordinal0 [0x004AA421+566305]
	Ordinal0 [0x004AA815+567317]
	Ordinal0 [0x004AA135+565557]
	Ordinal0 [0x004B38B1+604337]
	Ordinal0 [0x004AA0F1+565489]
	Ordinal0 [0x004AAEA2+568994]
	Ordinal0 [0x004AA421+566305]
	Ordinal0 [0x004AA815+567317]
	Ordinal0 [0x004AA135+565557]
	Ordinal0 [0x004B1D2C+597292]
	Ordinal0 [0x004AA0F1+565489]
	Ordinal0 [0x004AAEA2+568994]
	Ordinal0 [0x004AA421+566305]
	Ordinal0 [0x004AA815+567317]
	Ordinal0 [0x004AA135+565557]
	Ordinal0 [0x004AFE62+589410]
	Ordinal0 [0x004AA0F1+565489]
	Ordinal0 [0x004AAEA2+568994]
	Ordinal0 [0x004AA421+566305]
	Ordinal0 [0x004AA815+567317]
	Ordinal0 [0x004AA135+565557]
	Ordinal0 [0x004AF075+585845]
	Ordinal0 [0x004AA0F1+565489]
	Ordinal0 [0x004AAEA2+568994]
	Ordinal0 [0x004AA421+566305]
	Ordinal0 [0x004AA815+567317]
	Ordinal0 [0x004AA135+565557]
	Ordinal0 [0x004A6776+550774]
	Ordinal0 [0x004AA0F1+565489]
	Ordinal0 [0x004A9F13+565011]
	Ordinal0 [0x004A9D07+564487]
	Ordinal0 [0x004B82C0+623296]
	Ordinal0 [0x00456BDD+224221]
	Ordinal0 [0x00455CAC+220332]
	Ordinal0 [0x0045189B+202907]
	Ordinal0 [0x00433DF4+81396]
	Ordinal0 [0x00434DEE+85486]
	Ordinal0 [0x00434D79+85369]
	Ordinal0 [0x006485DC+2262492]
	GetHandleVerifier [0x008D2874+1487204]
	GetHandleVerifier [0x008D23CD+1486013]
	GetHandleVerifier [0x008DA368+1518680]
	GetHandleVerifier [0x008D2F4E+1488958]
	Ordinal0 [0x0063ED0D+2223373]
	Ordinal0 [0x0064A12B+2269483]
	Ordinal0 [0x0064A26F+2269807]
	Ordinal0 [0x0065ECB8+2354360]
	BaseThreadInitThunk [0x77036359+25]
	RtlGetAppContainerNamedObjectPath [0x77B78944+228]
	RtlGetAppContainerNamedObjectPath [0x77B78914+180]

	at org.openqa.selenium.remote.W3CHandshakeResponse.lambda$errorHandler$0(W3CHandshakeResponse.java:62)
	at org.openqa.selenium.remote.HandshakeResponse.lambda$getResponseFunction$0(HandshakeResponse.java:30)
	at org.openqa.selenium.remote.ProtocolHandshake.lambda$createSession$0(ProtocolHandshake.java:126)
	at java.base/java.util.stream.ReferencePipeline$3$1.accept(ReferencePipeline.java:195)
	at java.base/java.util.Spliterators$ArraySpliterator.tryAdvance(Spliterators.java:958)
	at java.base/java.util.stream.ReferencePipeline.forEachWithCancel(ReferencePipeline.java:127)
	at java.base/java.util.stream.AbstractPipeline.copyIntoWithCancel(AbstractPipeline.java:502)
	at java.base/java.util.stream.AbstractPipeline.copyInto(AbstractPipeline.java:488)
	at java.base/java.util.stream.AbstractPipeline.wrapAndCopyInto(AbstractPipeline.java:474)
	at java.base/java.util.stream.FindOps$FindOp.evaluateSequential(FindOps.java:150)
	at java.base/java.util.stream.AbstractPipeline.evaluate(AbstractPipeline.java:234)
	at java.base/java.util.stream.ReferencePipeline.findFirst(ReferencePipeline.java:543)
	at org.openqa.selenium.remote.ProtocolHandshake.createSession(ProtocolHandshake.java:128)
	at org.openqa.selenium.remote.ProtocolHandshake.createSession(ProtocolHandshake.java:74)
	at org.openqa.selenium.remote.HttpCommandExecutor.execute(HttpCommandExecutor.java:136)
	at org.openqa.selenium.remote.service.DriverCommandExecutor.execute(DriverCommandExecutor.java:83)
	at org.openqa.selenium.remote.RemoteWebDriver.execute(RemoteWebDriver.java:552)
	at org.openqa.selenium.remote.RemoteWebDriver.startSession(RemoteWebDriver.java:213)
	at org.openqa.selenium.remote.RemoteWebDriver.&lt;init&gt;(RemoteWebDriver.java:131)
	at org.openqa.selenium.chrome.ChromeDriver.&lt;init&gt;(ChromeDriver.java:181)
	at org.openqa.selenium.chrome.ChromeDriver.&lt;init&gt;(ChromeDriver.java:168)
	at org.openqa.selenium.chrome.ChromeDriver.&lt;init&gt;(ChromeDriver.java:123)
	at com.BankingV1.testCases.BaseTest.setup(BaseTest.java:46)
... Removed 33 stack frames</pre></div><a href='#' onClick='toggleBox("stack-trace1023344953", this, "Click to show all stack frames", "Click to hide stack frames")'>Click to show all stack frames</a>
<div class='stack-trace' id='stack-trace1023344953'><pre>org.openqa.selenium.SessionNotCreatedException: session not created
from timeout: Timed out receiving message from renderer: 600.000
  (Session info: chrome=88.0.4324.146)
Build info: version: &apos;3.141.59&apos;, revision: &apos;e82be7d358&apos;, time: &apos;2018-11-14T08:17:03&apos;
System info: host: &apos;MSI&apos;, ip: &apos;192.168.43.184&apos;, os.name: &apos;Windows 10&apos;, os.arch: &apos;amd64&apos;, os.version: &apos;10.0&apos;, java.version: &apos;11.0.10&apos;
Driver info: driver.version: ChromeDriver
remote stacktrace: Backtrace:
	Ordinal0 [0x0074C0C3+3326147]
	Ordinal0 [0x00630851+2164817]
	Ordinal0 [0x004B7298+619160]
	Ordinal0 [0x004AB17F+569727]
	Ordinal0 [0x004AA421+566305]
	Ordinal0 [0x004AA815+567317]
	Ordinal0 [0x004AA135+565557]
	Ordinal0 [0x004B38B1+604337]
	Ordinal0 [0x004AA0F1+565489]
	Ordinal0 [0x004AAEA2+568994]
	Ordinal0 [0x004AA421+566305]
	Ordinal0 [0x004AA815+567317]
	Ordinal0 [0x004AA135+565557]
	Ordinal0 [0x004B1D2C+597292]
	Ordinal0 [0x004AA0F1+565489]
	Ordinal0 [0x004AAEA2+568994]
	Ordinal0 [0x004AA421+566305]
	Ordinal0 [0x004AA815+567317]
	Ordinal0 [0x004AA135+565557]
	Ordinal0 [0x004AFE62+589410]
	Ordinal0 [0x004AA0F1+565489]
	Ordinal0 [0x004AAEA2+568994]
	Ordinal0 [0x004AA421+566305]
	Ordinal0 [0x004AA815+567317]
	Ordinal0 [0x004AA135+565557]
	Ordinal0 [0x004AF075+585845]
	Ordinal0 [0x004AA0F1+565489]
	Ordinal0 [0x004AAEA2+568994]
	Ordinal0 [0x004AA421+566305]
	Ordinal0 [0x004AA815+567317]
	Ordinal0 [0x004AA135+565557]
	Ordinal0 [0x004A6776+550774]
	Ordinal0 [0x004AA0F1+565489]
	Ordinal0 [0x004A9F13+565011]
	Ordinal0 [0x004A9D07+564487]
	Ordinal0 [0x004B82C0+623296]
	Ordinal0 [0x00456BDD+224221]
	Ordinal0 [0x00455CAC+220332]
	Ordinal0 [0x0045189B+202907]
	Ordinal0 [0x00433DF4+81396]
	Ordinal0 [0x00434DEE+85486]
	Ordinal0 [0x00434D79+85369]
	Ordinal0 [0x006485DC+2262492]
	GetHandleVerifier [0x008D2874+1487204]
	GetHandleVerifier [0x008D23CD+1486013]
	GetHandleVerifier [0x008DA368+1518680]
	GetHandleVerifier [0x008D2F4E+1488958]
	Ordinal0 [0x0063ED0D+2223373]
	Ordinal0 [0x0064A12B+2269483]
	Ordinal0 [0x0064A26F+2269807]
	Ordinal0 [0x0065ECB8+2354360]
	BaseThreadInitThunk [0x77036359+25]
	RtlGetAppContainerNamedObjectPath [0x77B78944+228]
	RtlGetAppContainerNamedObjectPath [0x77B78914+180]

	at java.base/jdk.internal.reflect.NativeConstructorAccessorImpl.newInstance0(Native Method)
	at java.base/jdk.internal.reflect.NativeConstructorAccessorImpl.newInstance(NativeConstructorAccessorImpl.java:62)
	at java.base/jdk.internal.reflect.DelegatingConstructorAccessorImpl.newInstance(DelegatingConstructorAccessorImpl.java:45)
	at java.base/java.lang.reflect.Constructor.newInstance(Constructor.java:490)
	at org.openqa.selenium.remote.W3CHandshakeResponse.lambda$errorHandler$0(W3CHandshakeResponse.java:62)
	at org.openqa.selenium.remote.HandshakeResponse.lambda$getResponseFunction$0(HandshakeResponse.java:30)
	at org.openqa.selenium.remote.ProtocolHandshake.lambda$createSession$0(ProtocolHandshake.java:126)
	at java.base/java.util.stream.ReferencePipeline$3$1.accept(ReferencePipeline.java:195)
	at java.base/java.util.Spliterators$ArraySpliterator.tryAdvance(Spliterators.java:958)
	at java.base/java.util.stream.ReferencePipeline.forEachWithCancel(ReferencePipeline.java:127)
	at java.base/java.util.stream.AbstractPipeline.copyIntoWithCancel(AbstractPipeline.java:502)
	at java.base/java.util.stream.AbstractPipeline.copyInto(AbstractPipeline.java:488)
	at java.base/java.util.stream.AbstractPipeline.wrapAndCopyInto(AbstractPipeline.java:474)
	at java.base/java.util.stream.FindOps$FindOp.evaluateSequential(FindOps.java:150)
	at java.base/java.util.stream.AbstractPipeline.evaluate(AbstractPipeline.java:234)
	at java.base/java.util.stream.ReferencePipeline.findFirst(ReferencePipeline.java:543)
	at org.openqa.selenium.remote.ProtocolHandshake.createSession(ProtocolHandshake.java:128)
	at org.openqa.selenium.remote.ProtocolHandshake.createSession(ProtocolHandshake.java:74)
	at org.openqa.selenium.remote.HttpCommandExecutor.execute(HttpCommandExecutor.java:136)
	at org.openqa.selenium.remote.service.DriverCommandExecutor.execute(DriverCommandExecutor.java:83)
	at org.openqa.selenium.remote.RemoteWebDriver.execute(RemoteWebDriver.java:552)
	at org.openqa.selenium.remote.RemoteWebDriver.startSession(RemoteWebDriver.java:213)
	at org.openqa.selenium.remote.RemoteWebDriver.&lt;init&gt;(RemoteWebDriver.java:131)
	at org.openqa.selenium.chrome.ChromeDriver.&lt;init&gt;(ChromeDriver.java:181)
	at org.openqa.selenium.chrome.ChromeDriver.&lt;init&gt;(ChromeDriver.java:168)
	at org.openqa.selenium.chrome.ChromeDriver.&lt;init&gt;(ChromeDriver.java:123)
	at com.BankingV1.testCases.BaseTest.setup(BaseTest.java:46)
	at java.base/jdk.internal.reflect.NativeMethodAccessorImpl.invoke0(Native Method)
	at java.base/jdk.internal.reflect.NativeMethodAccessorImpl.invoke(NativeMethodAccessorImpl.java:62)
	at java.base/jdk.internal.reflect.DelegatingMethodAccessorImpl.invoke(DelegatingMethodAccessorImpl.java:43)
	at java.base/java.lang.reflect.Method.invoke(Method.java:566)
	at org.testng.internal.MethodInvocationHelper.invokeMethod(MethodInvocationHelper.java:104)
	at org.testng.internal.Invoker.invokeConfigurationMethod(Invoker.java:515)
	at org.testng.internal.Invoker.invokeConfigurations(Invoker.java:217)
	at org.testng.internal.Invoker.invokeConfigurations(Invoker.java:144)
	at org.testng.internal.TestMethodWorker.invokeBeforeClassMethods(TestMethodWorker.java:169)
	at org.testng.internal.TestMethodWorker.run(TestMethodWorker.java:108)
	at org.testng.TestRunner.privateRun(TestRunner.java:756)
	at org.testng.TestRunner.run(TestRunner.java:610)
	at org.testng.SuiteRunner.runTest(SuiteRunner.java:387)
	at org.testng.SuiteRunner.runSequentially(SuiteRunner.java:382)
	at org.testng.SuiteRunner.privateRun(SuiteRunner.java:340)
	at org.testng.SuiteRunner.run(SuiteRunner.java:289)
	at org.testng.SuiteRunnerWorker.runSuite(SuiteRunnerWorker.java:52)
	at org.testng.SuiteRunnerWorker.run(SuiteRunnerWorker.java:86)
	at org.testng.TestNG.runSuitesSequentially(TestNG.java:1293)
	at org.testng.TestNG.runSuitesLocally(TestNG.java:1218)
	at org.testng.TestNG.runSuites(TestNG.java:1133)
	at org.testng.TestNG.run(TestNG.java:1104)
	at org.apache.maven.surefire.testng.TestNGExecutor.run(TestNGExecutor.java:284)
	at org.apache.maven.surefire.testng.TestNGXmlTestSuite.execute(TestNGXmlTestSuite.java:75)
	at org.apache.maven.surefire.testng.TestNGProvider.invoke(TestNGProvider.java:119)
	at org.apache.maven.surefire.booter.ForkedBooter.runSuitesInProcess(ForkedBooter.java:428)
	at org.apache.maven.surefire.booter.ForkedBooter.execute(ForkedBooter.java:162)
	at org.apache.maven.surefire.booter.ForkedBooter.run(ForkedBooter.java:562)
	at org.apache.maven.surefire.booter.ForkedBooter.main(ForkedBooter.java:548)
</pre></div></td>
<td>0</td>
<td>com.BankingV1.testCases.TC_LoginTestDDT@6200f9cb</td></tr>
<tr>
<td title='com.BankingV1.testCases.TC_LoginTestDDT.logInDDT()'><b>logInDDT</b><br>Test class: com.BankingV1.testCases.TC_LoginTestDDT<br>Parameters: mngr304233, ajavUvev</td>
<td><div><pre>org.openqa.selenium.SessionNotCreatedException: session not created
from timeout: Timed out receiving message from renderer: 600.000
  (Session info: chrome=88.0.4324.146)
Build info: version: &apos;3.141.59&apos;, revision: &apos;e82be7d358&apos;, time: &apos;2018-11-14T08:17:03&apos;
System info: host: &apos;MSI&apos;, ip: &apos;192.168.43.184&apos;, os.name: &apos;Windows 10&apos;, os.arch: &apos;amd64&apos;, os.version: &apos;10.0&apos;, java.version: &apos;11.0.10&apos;
Driver info: driver.version: ChromeDriver
remote stacktrace: Backtrace:
	Ordinal0 [0x0074C0C3+3326147]
	Ordinal0 [0x00630851+2164817]
	Ordinal0 [0x004B7298+619160]
	Ordinal0 [0x004AB17F+569727]
	Ordinal0 [0x004AA421+566305]
	Ordinal0 [0x004AA815+567317]
	Ordinal0 [0x004AA135+565557]
	Ordinal0 [0x004B38B1+604337]
	Ordinal0 [0x004AA0F1+565489]
	Ordinal0 [0x004AAEA2+568994]
	Ordinal0 [0x004AA421+566305]
	Ordinal0 [0x004AA815+567317]
	Ordinal0 [0x004AA135+565557]
	Ordinal0 [0x004B1D2C+597292]
	Ordinal0 [0x004AA0F1+565489]
	Ordinal0 [0x004AAEA2+568994]
	Ordinal0 [0x004AA421+566305]
	Ordinal0 [0x004AA815+567317]
	Ordinal0 [0x004AA135+565557]
	Ordinal0 [0x004AFE62+589410]
	Ordinal0 [0x004AA0F1+565489]
	Ordinal0 [0x004AAEA2+568994]
	Ordinal0 [0x004AA421+566305]
	Ordinal0 [0x004AA815+567317]
	Ordinal0 [0x004AA135+565557]
	Ordinal0 [0x004AF075+585845]
	Ordinal0 [0x004AA0F1+565489]
	Ordinal0 [0x004AAEA2+568994]
	Ordinal0 [0x004AA421+566305]
	Ordinal0 [0x004AA815+567317]
	Ordinal0 [0x004AA135+565557]
	Ordinal0 [0x004A6776+550774]
	Ordinal0 [0x004AA0F1+565489]
	Ordinal0 [0x004A9F13+565011]
	Ordinal0 [0x004A9D07+564487]
	Ordinal0 [0x004B82C0+623296]
	Ordinal0 [0x00456BDD+224221]
	Ordinal0 [0x00455CAC+220332]
	Ordinal0 [0x0045189B+202907]
	Ordinal0 [0x00433DF4+81396]
	Ordinal0 [0x00434DEE+85486]
	Ordinal0 [0x00434D79+85369]
	Ordinal0 [0x006485DC+2262492]
	GetHandleVerifier [0x008D2874+1487204]
	GetHandleVerifier [0x008D23CD+1486013]
	GetHandleVerifier [0x008DA368+1518680]
	GetHandleVerifier [0x008D2F4E+1488958]
	Ordinal0 [0x0063ED0D+2223373]
	Ordinal0 [0x0064A12B+2269483]
	Ordinal0 [0x0064A26F+2269807]
	Ordinal0 [0x0065ECB8+2354360]
	BaseThreadInitThunk [0x77036359+25]
	RtlGetAppContainerNamedObjectPath [0x77B78944+228]
	RtlGetAppContainerNamedObjectPath [0x77B78914+180]

	at org.openqa.selenium.remote.W3CHandshakeResponse.lambda$errorHandler$0(W3CHandshakeResponse.java:62)
	at org.openqa.selenium.remote.HandshakeResponse.lambda$getResponseFunction$0(HandshakeResponse.java:30)
	at org.openqa.selenium.remote.ProtocolHandshake.lambda$createSession$0(ProtocolHandshake.java:126)
	at java.base/java.util.stream.ReferencePipeline$3$1.accept(ReferencePipeline.java:195)
	at java.base/java.util.Spliterators$ArraySpliterator.tryAdvance(Spliterators.java:958)
	at java.base/java.util.stream.ReferencePipeline.forEachWithCancel(ReferencePipeline.java:127)
	at java.base/java.util.stream.AbstractPipeline.copyIntoWithCancel(AbstractPipeline.java:502)
	at java.base/java.util.stream.AbstractPipeline.copyInto(AbstractPipeline.java:488)
	at java.base/java.util.stream.AbstractPipeline.wrapAndCopyInto(AbstractPipeline.java:474)
	at java.base/java.util.stream.FindOps$FindOp.evaluateSequential(FindOps.java:150)
	at java.base/java.util.stream.AbstractPipeline.evaluate(AbstractPipeline.java:234)
	at java.base/java.util.stream.ReferencePipeline.findFirst(ReferencePipeline.java:543)
	at org.openqa.selenium.remote.ProtocolHandshake.createSession(ProtocolHandshake.java:128)
	at org.openqa.selenium.remote.ProtocolHandshake.createSession(ProtocolHandshake.java:74)
	at org.openqa.selenium.remote.HttpCommandExecutor.execute(HttpCommandExecutor.java:136)
	at org.openqa.selenium.remote.service.DriverCommandExecutor.execute(DriverCommandExecutor.java:83)
	at org.openqa.selenium.remote.RemoteWebDriver.execute(RemoteWebDriver.java:552)
	at org.openqa.selenium.remote.RemoteWebDriver.startSession(RemoteWebDriver.java:213)
	at org.openqa.selenium.remote.RemoteWebDriver.&lt;init&gt;(RemoteWebDriver.java:131)
	at org.openqa.selenium.chrome.ChromeDriver.&lt;init&gt;(ChromeDriver.java:181)
	at org.openqa.selenium.chrome.ChromeDriver.&lt;init&gt;(ChromeDriver.java:168)
	at org.openqa.selenium.chrome.ChromeDriver.&lt;init&gt;(ChromeDriver.java:123)
	at com.BankingV1.testCases.BaseTest.setup(BaseTest.java:46)
... Removed 33 stack frames</pre></div><a href='#' onClick='toggleBox("stack-trace2083106248", this, "Click to show all stack frames", "Click to hide stack frames")'>Click to show all stack frames</a>
<div class='stack-trace' id='stack-trace2083106248'><pre>org.openqa.selenium.SessionNotCreatedException: session not created
from timeout: Timed out receiving message from renderer: 600.000
  (Session info: chrome=88.0.4324.146)
Build info: version: &apos;3.141.59&apos;, revision: &apos;e82be7d358&apos;, time: &apos;2018-11-14T08:17:03&apos;
System info: host: &apos;MSI&apos;, ip: &apos;192.168.43.184&apos;, os.name: &apos;Windows 10&apos;, os.arch: &apos;amd64&apos;, os.version: &apos;10.0&apos;, java.version: &apos;11.0.10&apos;
Driver info: driver.version: ChromeDriver
remote stacktrace: Backtrace:
	Ordinal0 [0x0074C0C3+3326147]
	Ordinal0 [0x00630851+2164817]
	Ordinal0 [0x004B7298+619160]
	Ordinal0 [0x004AB17F+569727]
	Ordinal0 [0x004AA421+566305]
	Ordinal0 [0x004AA815+567317]
	Ordinal0 [0x004AA135+565557]
	Ordinal0 [0x004B38B1+604337]
	Ordinal0 [0x004AA0F1+565489]
	Ordinal0 [0x004AAEA2+568994]
	Ordinal0 [0x004AA421+566305]
	Ordinal0 [0x004AA815+567317]
	Ordinal0 [0x004AA135+565557]
	Ordinal0 [0x004B1D2C+597292]
	Ordinal0 [0x004AA0F1+565489]
	Ordinal0 [0x004AAEA2+568994]
	Ordinal0 [0x004AA421+566305]
	Ordinal0 [0x004AA815+567317]
	Ordinal0 [0x004AA135+565557]
	Ordinal0 [0x004AFE62+589410]
	Ordinal0 [0x004AA0F1+565489]
	Ordinal0 [0x004AAEA2+568994]
	Ordinal0 [0x004AA421+566305]
	Ordinal0 [0x004AA815+567317]
	Ordinal0 [0x004AA135+565557]
	Ordinal0 [0x004AF075+585845]
	Ordinal0 [0x004AA0F1+565489]
	Ordinal0 [0x004AAEA2+568994]
	Ordinal0 [0x004AA421+566305]
	Ordinal0 [0x004AA815+567317]
	Ordinal0 [0x004AA135+565557]
	Ordinal0 [0x004A6776+550774]
	Ordinal0 [0x004AA0F1+565489]
	Ordinal0 [0x004A9F13+565011]
	Ordinal0 [0x004A9D07+564487]
	Ordinal0 [0x004B82C0+623296]
	Ordinal0 [0x00456BDD+224221]
	Ordinal0 [0x00455CAC+220332]
	Ordinal0 [0x0045189B+202907]
	Ordinal0 [0x00433DF4+81396]
	Ordinal0 [0x00434DEE+85486]
	Ordinal0 [0x00434D79+85369]
	Ordinal0 [0x006485DC+2262492]
	GetHandleVerifier [0x008D2874+1487204]
	GetHandleVerifier [0x008D23CD+1486013]
	GetHandleVerifier [0x008DA368+1518680]
	GetHandleVerifier [0x008D2F4E+1488958]
	Ordinal0 [0x0063ED0D+2223373]
	Ordinal0 [0x0064A12B+2269483]
	Ordinal0 [0x0064A26F+2269807]
	Ordinal0 [0x0065ECB8+2354360]
	BaseThreadInitThunk [0x77036359+25]
	RtlGetAppContainerNamedObjectPath [0x77B78944+228]
	RtlGetAppContainerNamedObjectPath [0x77B78914+180]

	at java.base/jdk.internal.reflect.NativeConstructorAccessorImpl.newInstance0(Native Method)
	at java.base/jdk.internal.reflect.NativeConstructorAccessorImpl.newInstance(NativeConstructorAccessorImpl.java:62)
	at java.base/jdk.internal.reflect.DelegatingConstructorAccessorImpl.newInstance(DelegatingConstructorAccessorImpl.java:45)
	at java.base/java.lang.reflect.Constructor.newInstance(Constructor.java:490)
	at org.openqa.selenium.remote.W3CHandshakeResponse.lambda$errorHandler$0(W3CHandshakeResponse.java:62)
	at org.openqa.selenium.remote.HandshakeResponse.lambda$getResponseFunction$0(HandshakeResponse.java:30)
	at org.openqa.selenium.remote.ProtocolHandshake.lambda$createSession$0(ProtocolHandshake.java:126)
	at java.base/java.util.stream.ReferencePipeline$3$1.accept(ReferencePipeline.java:195)
	at java.base/java.util.Spliterators$ArraySpliterator.tryAdvance(Spliterators.java:958)
	at java.base/java.util.stream.ReferencePipeline.forEachWithCancel(ReferencePipeline.java:127)
	at java.base/java.util.stream.AbstractPipeline.copyIntoWithCancel(AbstractPipeline.java:502)
	at java.base/java.util.stream.AbstractPipeline.copyInto(AbstractPipeline.java:488)
	at java.base/java.util.stream.AbstractPipeline.wrapAndCopyInto(AbstractPipeline.java:474)
	at java.base/java.util.stream.FindOps$FindOp.evaluateSequential(FindOps.java:150)
	at java.base/java.util.stream.AbstractPipeline.evaluate(AbstractPipeline.java:234)
	at java.base/java.util.stream.ReferencePipeline.findFirst(ReferencePipeline.java:543)
	at org.openqa.selenium.remote.ProtocolHandshake.createSession(ProtocolHandshake.java:128)
	at org.openqa.selenium.remote.ProtocolHandshake.createSession(ProtocolHandshake.java:74)
	at org.openqa.selenium.remote.HttpCommandExecutor.execute(HttpCommandExecutor.java:136)
	at org.openqa.selenium.remote.service.DriverCommandExecutor.execute(DriverCommandExecutor.java:83)
	at org.openqa.selenium.remote.RemoteWebDriver.execute(RemoteWebDriver.java:552)
	at org.openqa.selenium.remote.RemoteWebDriver.startSession(RemoteWebDriver.java:213)
	at org.openqa.selenium.remote.RemoteWebDriver.&lt;init&gt;(RemoteWebDriver.java:131)
	at org.openqa.selenium.chrome.ChromeDriver.&lt;init&gt;(ChromeDriver.java:181)
	at org.openqa.selenium.chrome.ChromeDriver.&lt;init&gt;(ChromeDriver.java:168)
	at org.openqa.selenium.chrome.ChromeDriver.&lt;init&gt;(ChromeDriver.java:123)
	at com.BankingV1.testCases.BaseTest.setup(BaseTest.java:46)
	at java.base/jdk.internal.reflect.NativeMethodAccessorImpl.invoke0(Native Method)
	at java.base/jdk.internal.reflect.NativeMethodAccessorImpl.invoke(NativeMethodAccessorImpl.java:62)
	at java.base/jdk.internal.reflect.DelegatingMethodAccessorImpl.invoke(DelegatingMethodAccessorImpl.java:43)
	at java.base/java.lang.reflect.Method.invoke(Method.java:566)
	at org.testng.internal.MethodInvocationHelper.invokeMethod(MethodInvocationHelper.java:104)
	at org.testng.internal.Invoker.invokeConfigurationMethod(Invoker.java:515)
	at org.testng.internal.Invoker.invokeConfigurations(Invoker.java:217)
	at org.testng.internal.Invoker.invokeConfigurations(Invoker.java:144)
	at org.testng.internal.TestMethodWorker.invokeBeforeClassMethods(TestMethodWorker.java:169)
	at org.testng.internal.TestMethodWorker.run(TestMethodWorker.java:108)
	at org.testng.TestRunner.privateRun(TestRunner.java:756)
	at org.testng.TestRunner.run(TestRunner.java:610)
	at org.testng.SuiteRunner.runTest(SuiteRunner.java:387)
	at org.testng.SuiteRunner.runSequentially(SuiteRunner.java:382)
	at org.testng.SuiteRunner.privateRun(SuiteRunner.java:340)
	at org.testng.SuiteRunner.run(SuiteRunner.java:289)
	at org.testng.SuiteRunnerWorker.runSuite(SuiteRunnerWorker.java:52)
	at org.testng.SuiteRunnerWorker.run(SuiteRunnerWorker.java:86)
	at org.testng.TestNG.runSuitesSequentially(TestNG.java:1293)
	at org.testng.TestNG.runSuitesLocally(TestNG.java:1218)
	at org.testng.TestNG.runSuites(TestNG.java:1133)
	at org.testng.TestNG.run(TestNG.java:1104)
	at org.apache.maven.surefire.testng.TestNGExecutor.run(TestNGExecutor.java:284)
	at org.apache.maven.surefire.testng.TestNGXmlTestSuite.execute(TestNGXmlTestSuite.java:75)
	at org.apache.maven.surefire.testng.TestNGProvider.invoke(TestNGProvider.java:119)
	at org.apache.maven.surefire.booter.ForkedBooter.runSuitesInProcess(ForkedBooter.java:428)
	at org.apache.maven.surefire.booter.ForkedBooter.execute(ForkedBooter.java:162)
	at org.apache.maven.surefire.booter.ForkedBooter.run(ForkedBooter.java:562)
	at org.apache.maven.surefire.booter.ForkedBooter.main(ForkedBooter.java:548)
</pre></div></td>
<td>0</td>
<td>com.BankingV1.testCases.TC_LoginTestDDT@6200f9cb</td></tr>
<tr>
<td title='com.BankingV1.testCases.TC_LoginTest.loginTest()'><b>loginTest</b><br>Test class: com.BankingV1.testCases.TC_LoginTest</td>
<td><div><pre>org.openqa.selenium.SessionNotCreatedException: session not created
from timeout: Timed out receiving message from renderer: 600.000
  (Session info: chrome=88.0.4324.146)
Build info: version: &apos;3.141.59&apos;, revision: &apos;e82be7d358&apos;, time: &apos;2018-11-14T08:17:03&apos;
System info: host: &apos;MSI&apos;, ip: &apos;192.168.43.184&apos;, os.name: &apos;Windows 10&apos;, os.arch: &apos;amd64&apos;, os.version: &apos;10.0&apos;, java.version: &apos;11.0.10&apos;
Driver info: driver.version: ChromeDriver
remote stacktrace: Backtrace:
	Ordinal0 [0x0074C0C3+3326147]
	Ordinal0 [0x00630851+2164817]
	Ordinal0 [0x004B7298+619160]
	Ordinal0 [0x004AB17F+569727]
	Ordinal0 [0x004AA421+566305]
	Ordinal0 [0x004AA815+567317]
	Ordinal0 [0x004AA135+565557]
	Ordinal0 [0x004B38B1+604337]
	Ordinal0 [0x004AA0F1+565489]
	Ordinal0 [0x004AAEA2+568994]
	Ordinal0 [0x004AA421+566305]
	Ordinal0 [0x004AA815+567317]
	Ordinal0 [0x004AA135+565557]
	Ordinal0 [0x004B1D2C+597292]
	Ordinal0 [0x004AA0F1+565489]
	Ordinal0 [0x004AAEA2+568994]
	Ordinal0 [0x004AA421+566305]
	Ordinal0 [0x004AA815+567317]
	Ordinal0 [0x004AA135+565557]
	Ordinal0 [0x004AFE62+589410]
	Ordinal0 [0x004AA0F1+565489]
	Ordinal0 [0x004AAEA2+568994]
	Ordinal0 [0x004AA421+566305]
	Ordinal0 [0x004AA815+567317]
	Ordinal0 [0x004AA135+565557]
	Ordinal0 [0x004AF075+585845]
	Ordinal0 [0x004AA0F1+565489]
	Ordinal0 [0x004AAEA2+568994]
	Ordinal0 [0x004AA421+566305]
	Ordinal0 [0x004AA815+567317]
	Ordinal0 [0x004AA135+565557]
	Ordinal0 [0x004A6776+550774]
	Ordinal0 [0x004AA0F1+565489]
	Ordinal0 [0x004A9F13+565011]
	Ordinal0 [0x004A9D07+564487]
	Ordinal0 [0x004B82C0+623296]
	Ordinal0 [0x00456BDD+224221]
	Ordinal0 [0x00455CAC+220332]
	Ordinal0 [0x0045189B+202907]
	Ordinal0 [0x00433DF4+81396]
	Ordinal0 [0x00434DEE+85486]
	Ordinal0 [0x00434D79+85369]
	Ordinal0 [0x006485DC+2262492]
	GetHandleVerifier [0x008D2874+1487204]
	GetHandleVerifier [0x008D23CD+1486013]
	GetHandleVerifier [0x008DA368+1518680]
	GetHandleVerifier [0x008D2F4E+1488958]
	Ordinal0 [0x0063ED0D+2223373]
	Ordinal0 [0x0064A12B+2269483]
	Ordinal0 [0x0064A26F+2269807]
	Ordinal0 [0x0065ECB8+2354360]
	BaseThreadInitThunk [0x77036359+25]
	RtlGetAppContainerNamedObjectPath [0x77B78944+228]
	RtlGetAppContainerNamedObjectPath [0x77B78914+180]

	at org.openqa.selenium.remote.W3CHandshakeResponse.lambda$errorHandler$0(W3CHandshakeResponse.java:62)
	at org.openqa.selenium.remote.HandshakeResponse.lambda$getResponseFunction$0(HandshakeResponse.java:30)
	at org.openqa.selenium.remote.ProtocolHandshake.lambda$createSession$0(ProtocolHandshake.java:126)
	at java.base/java.util.stream.ReferencePipeline$3$1.accept(ReferencePipeline.java:195)
	at java.base/java.util.Spliterators$ArraySpliterator.tryAdvance(Spliterators.java:958)
	at java.base/java.util.stream.ReferencePipeline.forEachWithCancel(ReferencePipeline.java:127)
	at java.base/java.util.stream.AbstractPipeline.copyIntoWithCancel(AbstractPipeline.java:502)
	at java.base/java.util.stream.AbstractPipeline.copyInto(AbstractPipeline.java:488)
	at java.base/java.util.stream.AbstractPipeline.wrapAndCopyInto(AbstractPipeline.java:474)
	at java.base/java.util.stream.FindOps$FindOp.evaluateSequential(FindOps.java:150)
	at java.base/java.util.stream.AbstractPipeline.evaluate(AbstractPipeline.java:234)
	at java.base/java.util.stream.ReferencePipeline.findFirst(ReferencePipeline.java:543)
	at org.openqa.selenium.remote.ProtocolHandshake.createSession(ProtocolHandshake.java:128)
	at org.openqa.selenium.remote.ProtocolHandshake.createSession(ProtocolHandshake.java:74)
	at org.openqa.selenium.remote.HttpCommandExecutor.execute(HttpCommandExecutor.java:136)
	at org.openqa.selenium.remote.service.DriverCommandExecutor.execute(DriverCommandExecutor.java:83)
	at org.openqa.selenium.remote.RemoteWebDriver.execute(RemoteWebDriver.java:552)
	at org.openqa.selenium.remote.RemoteWebDriver.startSession(RemoteWebDriver.java:213)
	at org.openqa.selenium.remote.RemoteWebDriver.&lt;init&gt;(RemoteWebDriver.java:131)
	at org.openqa.selenium.chrome.ChromeDriver.&lt;init&gt;(ChromeDriver.java:181)
	at org.openqa.selenium.chrome.ChromeDriver.&lt;init&gt;(ChromeDriver.java:168)
	at org.openqa.selenium.chrome.ChromeDriver.&lt;init&gt;(ChromeDriver.java:123)
	at com.BankingV1.testCases.BaseTest.setup(BaseTest.java:46)
... Removed 33 stack frames</pre></div><a href='#' onClick='toggleBox("stack-trace65438140", this, "Click to show all stack frames", "Click to hide stack frames")'>Click to show all stack frames</a>
<div class='stack-trace' id='stack-trace65438140'><pre>org.openqa.selenium.SessionNotCreatedException: session not created
from timeout: Timed out receiving message from renderer: 600.000
  (Session info: chrome=88.0.4324.146)
Build info: version: &apos;3.141.59&apos;, revision: &apos;e82be7d358&apos;, time: &apos;2018-11-14T08:17:03&apos;
System info: host: &apos;MSI&apos;, ip: &apos;192.168.43.184&apos;, os.name: &apos;Windows 10&apos;, os.arch: &apos;amd64&apos;, os.version: &apos;10.0&apos;, java.version: &apos;11.0.10&apos;
Driver info: driver.version: ChromeDriver
remote stacktrace: Backtrace:
	Ordinal0 [0x0074C0C3+3326147]
	Ordinal0 [0x00630851+2164817]
	Ordinal0 [0x004B7298+619160]
	Ordinal0 [0x004AB17F+569727]
	Ordinal0 [0x004AA421+566305]
	Ordinal0 [0x004AA815+567317]
	Ordinal0 [0x004AA135+565557]
	Ordinal0 [0x004B38B1+604337]
	Ordinal0 [0x004AA0F1+565489]
	Ordinal0 [0x004AAEA2+568994]
	Ordinal0 [0x004AA421+566305]
	Ordinal0 [0x004AA815+567317]
	Ordinal0 [0x004AA135+565557]
	Ordinal0 [0x004B1D2C+597292]
	Ordinal0 [0x004AA0F1+565489]
	Ordinal0 [0x004AAEA2+568994]
	Ordinal0 [0x004AA421+566305]
	Ordinal0 [0x004AA815+567317]
	Ordinal0 [0x004AA135+565557]
	Ordinal0 [0x004AFE62+589410]
	Ordinal0 [0x004AA0F1+565489]
	Ordinal0 [0x004AAEA2+568994]
	Ordinal0 [0x004AA421+566305]
	Ordinal0 [0x004AA815+567317]
	Ordinal0 [0x004AA135+565557]
	Ordinal0 [0x004AF075+585845]
	Ordinal0 [0x004AA0F1+565489]
	Ordinal0 [0x004AAEA2+568994]
	Ordinal0 [0x004AA421+566305]
	Ordinal0 [0x004AA815+567317]
	Ordinal0 [0x004AA135+565557]
	Ordinal0 [0x004A6776+550774]
	Ordinal0 [0x004AA0F1+565489]
	Ordinal0 [0x004A9F13+565011]
	Ordinal0 [0x004A9D07+564487]
	Ordinal0 [0x004B82C0+623296]
	Ordinal0 [0x00456BDD+224221]
	Ordinal0 [0x00455CAC+220332]
	Ordinal0 [0x0045189B+202907]
	Ordinal0 [0x00433DF4+81396]
	Ordinal0 [0x00434DEE+85486]
	Ordinal0 [0x00434D79+85369]
	Ordinal0 [0x006485DC+2262492]
	GetHandleVerifier [0x008D2874+1487204]
	GetHandleVerifier [0x008D23CD+1486013]
	GetHandleVerifier [0x008DA368+1518680]
	GetHandleVerifier [0x008D2F4E+1488958]
	Ordinal0 [0x0063ED0D+2223373]
	Ordinal0 [0x0064A12B+2269483]
	Ordinal0 [0x0064A26F+2269807]
	Ordinal0 [0x0065ECB8+2354360]
	BaseThreadInitThunk [0x77036359+25]
	RtlGetAppContainerNamedObjectPath [0x77B78944+228]
	RtlGetAppContainerNamedObjectPath [0x77B78914+180]

	at java.base/jdk.internal.reflect.NativeConstructorAccessorImpl.newInstance0(Native Method)
	at java.base/jdk.internal.reflect.NativeConstructorAccessorImpl.newInstance(NativeConstructorAccessorImpl.java:62)
	at java.base/jdk.internal.reflect.DelegatingConstructorAccessorImpl.newInstance(DelegatingConstructorAccessorImpl.java:45)
	at java.base/java.lang.reflect.Constructor.newInstance(Constructor.java:490)
	at org.openqa.selenium.remote.W3CHandshakeResponse.lambda$errorHandler$0(W3CHandshakeResponse.java:62)
	at org.openqa.selenium.remote.HandshakeResponse.lambda$getResponseFunction$0(HandshakeResponse.java:30)
	at org.openqa.selenium.remote.ProtocolHandshake.lambda$createSession$0(ProtocolHandshake.java:126)
	at java.base/java.util.stream.ReferencePipeline$3$1.accept(ReferencePipeline.java:195)
	at java.base/java.util.Spliterators$ArraySpliterator.tryAdvance(Spliterators.java:958)
	at java.base/java.util.stream.ReferencePipeline.forEachWithCancel(ReferencePipeline.java:127)
	at java.base/java.util.stream.AbstractPipeline.copyIntoWithCancel(AbstractPipeline.java:502)
	at java.base/java.util.stream.AbstractPipeline.copyInto(AbstractPipeline.java:488)
	at java.base/java.util.stream.AbstractPipeline.wrapAndCopyInto(AbstractPipeline.java:474)
	at java.base/java.util.stream.FindOps$FindOp.evaluateSequential(FindOps.java:150)
	at java.base/java.util.stream.AbstractPipeline.evaluate(AbstractPipeline.java:234)
	at java.base/java.util.stream.ReferencePipeline.findFirst(ReferencePipeline.java:543)
	at org.openqa.selenium.remote.ProtocolHandshake.createSession(ProtocolHandshake.java:128)
	at org.openqa.selenium.remote.ProtocolHandshake.createSession(ProtocolHandshake.java:74)
	at org.openqa.selenium.remote.HttpCommandExecutor.execute(HttpCommandExecutor.java:136)
	at org.openqa.selenium.remote.service.DriverCommandExecutor.execute(DriverCommandExecutor.java:83)
	at org.openqa.selenium.remote.RemoteWebDriver.execute(RemoteWebDriver.java:552)
	at org.openqa.selenium.remote.RemoteWebDriver.startSession(RemoteWebDriver.java:213)
	at org.openqa.selenium.remote.RemoteWebDriver.&lt;init&gt;(RemoteWebDriver.java:131)
	at org.openqa.selenium.chrome.ChromeDriver.&lt;init&gt;(ChromeDriver.java:181)
	at org.openqa.selenium.chrome.ChromeDriver.&lt;init&gt;(ChromeDriver.java:168)
	at org.openqa.selenium.chrome.ChromeDriver.&lt;init&gt;(ChromeDriver.java:123)
	at com.BankingV1.testCases.BaseTest.setup(BaseTest.java:46)
	at java.base/jdk.internal.reflect.NativeMethodAccessorImpl.invoke0(Native Method)
	at java.base/jdk.internal.reflect.NativeMethodAccessorImpl.invoke(NativeMethodAccessorImpl.java:62)
	at java.base/jdk.internal.reflect.DelegatingMethodAccessorImpl.invoke(DelegatingMethodAccessorImpl.java:43)
	at java.base/java.lang.reflect.Method.invoke(Method.java:566)
	at org.testng.internal.MethodInvocationHelper.invokeMethod(MethodInvocationHelper.java:104)
	at org.testng.internal.Invoker.invokeConfigurationMethod(Invoker.java:515)
	at org.testng.internal.Invoker.invokeConfigurations(Invoker.java:217)
	at org.testng.internal.Invoker.invokeConfigurations(Invoker.java:144)
	at org.testng.internal.TestMethodWorker.invokeBeforeClassMethods(TestMethodWorker.java:169)
	at org.testng.internal.TestMethodWorker.run(TestMethodWorker.java:108)
	at org.testng.TestRunner.privateRun(TestRunner.java:756)
	at org.testng.TestRunner.run(TestRunner.java:610)
	at org.testng.SuiteRunner.runTest(SuiteRunner.java:387)
	at org.testng.SuiteRunner.runSequentially(SuiteRunner.java:382)
	at org.testng.SuiteRunner.privateRun(SuiteRunner.java:340)
	at org.testng.SuiteRunner.run(SuiteRunner.java:289)
	at org.testng.SuiteRunnerWorker.runSuite(SuiteRunnerWorker.java:52)
	at org.testng.SuiteRunnerWorker.run(SuiteRunnerWorker.java:86)
	at org.testng.TestNG.runSuitesSequentially(TestNG.java:1293)
	at org.testng.TestNG.runSuitesLocally(TestNG.java:1218)
	at org.testng.TestNG.runSuites(TestNG.java:1133)
	at org.testng.TestNG.run(TestNG.java:1104)
	at org.apache.maven.surefire.testng.TestNGExecutor.run(TestNGExecutor.java:284)
	at org.apache.maven.surefire.testng.TestNGXmlTestSuite.execute(TestNGXmlTestSuite.java:75)
	at org.apache.maven.surefire.testng.TestNGProvider.invoke(TestNGProvider.java:119)
	at org.apache.maven.surefire.booter.ForkedBooter.runSuitesInProcess(ForkedBooter.java:428)
	at org.apache.maven.surefire.booter.ForkedBooter.execute(ForkedBooter.java:162)
	at org.apache.maven.surefire.booter.ForkedBooter.run(ForkedBooter.java:562)
	at org.apache.maven.surefire.booter.ForkedBooter.main(ForkedBooter.java:548)
</pre></div></td>
<td>0</td>
<td>com.BankingV1.testCases.TC_LoginTest@20d525</td></tr>
</table><p>
</body>
</html>