<!DOCTYPE html PUBLIC "-//W3C//DTD XHTML 1.1//EN" "http://www.w3.org/TR/xhtml11/DTD/xhtml11.dtd">
<html xmlns="http://www.w3.org/1999/xhtml"><head><title>TestNG Report</title><style type="text/css">table {margin-bottom:10px;border-collapse:collapse;empty-cells:show}th,td {border:1px solid #009;padding:.25em .5em}th {vertical-align:bottom}td {vertical-align:top}table a {font-weight:bold}.stripe td {background-color: #E6EBF9}.num {text-align:right}.passedodd td {background-color: #3F3}.passedeven td {background-color: #0A0}.skippedodd td {background-color: #DDD}.skippedeven td {background-color: #CCC}.failedodd td,.attn {background-color: #F33}.failedeven td,.stripe .attn {background-color: #D00}.stacktrace {white-space:pre;font-family:monospace}.totop {font-size:85%;text-align:center;border-bottom:2px solid #000}</style></head><body><table><tr><th>Test</th><th># Passed</th><th># Skipped</th><th># Failed</th><th>Time (ms)</th><th>Included Groups</th><th>Excluded Groups</th></tr><tr><th colspan="7">BankingV1</th></tr><tr><td><a href="#t0">BankingApp Test</a></td><td class="num">0</td><td class="num attn">6</td><td class="num">0</td><td class="num">605,016</td><td></td><td></td></tr></table><table><thead><tr><th>Class</th><th>Method</th><th>Start</th><th>Time (ms)</th></tr></thead><tbody><tr><th colspan="4">BankingV1</th></tr></tbody><tbody id="t0"><tr><th colspan="4">BankingApp Test &#8212; failed (configuration methods)</th></tr><tr class="failedeven"><td rowspan="1">com.BankingV1.testCases.TC_LoginTest</td><td><a href="#m0">setup</a></td><td rowspan="1">1612610049634</td><td rowspan="1">0</td></tr><tr><th colspan="4">BankingApp Test &#8212; skipped (configuration methods)</th></tr><tr class="skippedeven"><td rowspan="2">com.BankingV1.testCases.TC_AddCustomerTest</td><td><a href="#m1">setup</a></td><td rowspan="1">1612610654393</td><td rowspan="1">0</td></tr><tr class="skippedeven"><td><a href="#m2">teardown</a></td><td rowspan="1">1612610654394</td><td rowspan="1">0</td></tr><tr class="skippedodd"><td rowspan="1">com.BankingV1.testCases.TC_LoginTest</td><td><a href="#m3">teardown</a></td><td rowspan="1">1612610653613</td><td rowspan="1">0</td></tr><tr class="skippedeven"><td rowspan="2">com.BankingV1.testCases.TC_LoginTestDDT</td><td><a href="#m4">setup</a></td><td rowspan="1">1612610653613</td><td rowspan="1">0</td></tr><tr class="skippedeven"><td><a href="#m5">teardown</a></td><td rowspan="1">1612610654393</td><td rowspan="1">0</td></tr><tr><th colspan="4">BankingApp Test &#8212; skipped</th></tr><tr class="skippedeven"><td rowspan="1">com.BankingV1.testCases.TC_AddCustomerTest</td><td><a href="#m6">addNewCustomer</a></td><td rowspan="1">1612610654394</td><td rowspan="1">0</td></tr><tr class="skippedodd"><td rowspan="1">com.BankingV1.testCases.TC_LoginTest</td><td><a href="#m7">loginTest</a></td><td rowspan="1">1612610653603</td><td rowspan="1">0</td></tr><tr class="skippedeven"><td rowspan="4">com.BankingV1.testCases.TC_LoginTestDDT</td><td><a href="#m8">logInDDT</a></td><td rowspan="4">1612610654392</td><td rowspan="4">0</td></tr><tr class="skippedeven"><td><a href="#m9">logInDDT</a></td></tr><tr class="skippedeven"><td><a href="#m10">logInDDT</a></td></tr><tr class="skippedeven"><td><a href="#m11">logInDDT</a></td></tr></tbody></table><h2>BankingApp Test</h2><h3 id="m0">com.BankingV1.testCases.TC_LoginTest#setup</h3><table class="result"><tr class="param"><th>Parameter #1</th></tr><tr class="param stripe"><td>chrome</td></tr><tr><th>Exception</th></tr><tr><td><div class="stacktrace">org.openqa.selenium.SessionNotCreatedException: session not created
from timeout: Timed out receiving message from renderer: 600.000
  (Session info: chrome=88.0.4324.146)
Build info: version: &apos;3.141.59&apos;, revision: &apos;e82be7d358&apos;, time: &apos;2018-11-14T08:17:03&apos;
System info: host: &apos;MSI&apos;, ip: &apos;192.168.43.184&apos;, os.name: &apos;Windows 10&apos;, os.arch: &apos;amd64&apos;, os.version: &apos;10.0&apos;, java.version: &apos;11.0.10&apos;
Driver info: driver.version: ChromeDriver
remote stacktrace: Backtrace:
	Ordinal0 [0x0074C0C3+3326147]
	Ordinal0 [0x00630851+2164817]
	Ordinal0 [0x004B7298+619160]
	Ordinal0 [0x004AB17F+569727]
	Ordinal0 [0x004AA421+566305]
	Ordinal0 [0x004AA815+567317]
	Ordinal0 [0x004AA135+565557]
	Ordinal0 [0x004B38B1+604337]
	Ordinal0 [0x004AA0F1+565489]
	Ordinal0 [0x004AAEA2+568994]
	Ordinal0 [0x004AA421+566305]
	Ordinal0 [0x004AA815+567317]
	Ordinal0 [0x004AA135+565557]
	Ordinal0 [0x004B1D2C+597292]
	Ordinal0 [0x004AA0F1+565489]
	Ordinal0 [0x004AAEA2+568994]
	Ordinal0 [0x004AA421+566305]
	Ordinal0 [0x004AA815+567317]
	Ordinal0 [0x004AA135+565557]
	Ordinal0 [0x004AFE62+589410]
	Ordinal0 [0x004AA0F1+565489]
	Ordinal0 [0x004AAEA2+568994]
	Ordinal0 [0x004AA421+566305]
	Ordinal0 [0x004AA815+567317]
	Ordinal0 [0x004AA135+565557]
	Ordinal0 [0x004AF075+585845]
	Ordinal0 [0x004AA0F1+565489]
	Ordinal0 [0x004AAEA2+568994]
	Ordinal0 [0x004AA421+566305]
	Ordinal0 [0x004AA815+567317]
	Ordinal0 [0x004AA135+565557]
	Ordinal0 [0x004A6776+550774]
	Ordinal0 [0x004AA0F1+565489]
	Ordinal0 [0x004A9F13+565011]
	Ordinal0 [0x004A9D07+564487]
	Ordinal0 [0x004B82C0+623296]
	Ordinal0 [0x00456BDD+224221]
	Ordinal0 [0x00455CAC+220332]
	Ordinal0 [0x0045189B+202907]
	Ordinal0 [0x00433DF4+81396]
	Ordinal0 [0x00434DEE+85486]
	Ordinal0 [0x00434D79+85369]
	Ordinal0 [0x006485DC+2262492]
	GetHandleVerifier [0x008D2874+1487204]
	GetHandleVerifier [0x008D23CD+1486013]
	GetHandleVerifier [0x008DA368+1518680]
	GetHandleVerifier [0x008D2F4E+1488958]
	Ordinal0 [0x0063ED0D+2223373]
	Ordinal0 [0x0064A12B+2269483]
	Ordinal0 [0x0064A26F+2269807]
	Ordinal0 [0x0065ECB8+2354360]
	BaseThreadInitThunk [0x77036359+25]
	RtlGetAppContainerNamedObjectPath [0x77B78944+228]
	RtlGetAppContainerNamedObjectPath [0x77B78914+180]

	at org.openqa.selenium.remote.W3CHandshakeResponse.lambda$errorHandler$0(W3CHandshakeResponse.java:62)
	at org.openqa.selenium.remote.HandshakeResponse.lambda$getResponseFunction$0(HandshakeResponse.java:30)
	at org.openqa.selenium.remote.ProtocolHandshake.lambda$createSession$0(ProtocolHandshake.java:126)
	at java.base/java.util.stream.ReferencePipeline$3$1.accept(ReferencePipeline.java:195)
	at java.base/java.util.Spliterators$ArraySpliterator.tryAdvance(Spliterators.java:958)
	at java.base/java.util.stream.ReferencePipeline.forEachWithCancel(ReferencePipeline.java:127)
	at java.base/java.util.stream.AbstractPipeline.copyIntoWithCancel(AbstractPipeline.java:502)
	at java.base/java.util.stream.AbstractPipeline.copyInto(AbstractPipeline.java:488)
	at java.base/java.util.stream.AbstractPipeline.wrapAndCopyInto(AbstractPipeline.java:474)
	at java.base/java.util.stream.FindOps$FindOp.evaluateSequential(FindOps.java:150)
	at java.base/java.util.stream.AbstractPipeline.evaluate(AbstractPipeline.java:234)
	at java.base/java.util.stream.ReferencePipeline.findFirst(ReferencePipeline.java:543)
	at org.openqa.selenium.remote.ProtocolHandshake.createSession(ProtocolHandshake.java:128)
	at org.openqa.selenium.remote.ProtocolHandshake.createSession(ProtocolHandshake.java:74)
	at org.openqa.selenium.remote.HttpCommandExecutor.execute(HttpCommandExecutor.java:136)
	at org.openqa.selenium.remote.service.DriverCommandExecutor.execute(DriverCommandExecutor.java:83)
	at org.openqa.selenium.remote.RemoteWebDriver.execute(RemoteWebDriver.java:552)
	at org.openqa.selenium.remote.RemoteWebDriver.startSession(RemoteWebDriver.java:213)
	at org.openqa.selenium.remote.RemoteWebDriver.&lt;init&gt;(RemoteWebDriver.java:131)
	at org.openqa.selenium.chrome.ChromeDriver.&lt;init&gt;(ChromeDriver.java:181)
	at org.openqa.selenium.chrome.ChromeDriver.&lt;init&gt;(ChromeDriver.java:168)
	at org.openqa.selenium.chrome.ChromeDriver.&lt;init&gt;(ChromeDriver.java:123)
	at com.BankingV1.testCases.BaseTest.setup(BaseTest.java:46)
... Removed 33 stack frames</div></td></tr></table><p class="totop"><a href="#summary">back to summary</a></p><h3 id="m1">com.BankingV1.testCases.TC_AddCustomerTest#setup</h3><table class="result"></table><p class="totop"><a href="#summary">back to summary</a></p><h3 id="m2">com.BankingV1.testCases.TC_AddCustomerTest#teardown</h3><table class="result"></table><p class="totop"><a href="#summary">back to summary</a></p><h3 id="m3">com.BankingV1.testCases.TC_LoginTest#teardown</h3><table class="result"></table><p class="totop"><a href="#summary">back to summary</a></p><h3 id="m4">com.BankingV1.testCases.TC_LoginTestDDT#setup</h3><table class="result"></table><p class="totop"><a href="#summary">back to summary</a></p><h3 id="m5">com.BankingV1.testCases.TC_LoginTestDDT#teardown</h3><table class="result"></table><p class="totop"><a href="#summary">back to summary</a></p><h3 id="m6">com.BankingV1.testCases.TC_AddCustomerTest#addNewCustomer</h3><table class="result"><tr><th>Exception</th></tr><tr><td><div class="stacktrace">org.openqa.selenium.SessionNotCreatedException: session not created
from timeout: Timed out receiving message from renderer: 600.000
  (Session info: chrome=88.0.4324.146)
Build info: version: &apos;3.141.59&apos;, revision: &apos;e82be7d358&apos;, time: &apos;2018-11-14T08:17:03&apos;
System info: host: &apos;MSI&apos;, ip: &apos;192.168.43.184&apos;, os.name: &apos;Windows 10&apos;, os.arch: &apos;amd64&apos;, os.version: &apos;10.0&apos;, java.version: &apos;11.0.10&apos;
Driver info: driver.version: ChromeDriver
remote stacktrace: Backtrace:
	Ordinal0 [0x0074C0C3+3326147]
	Ordinal0 [0x00630851+2164817]
	Ordinal0 [0x004B7298+619160]
	Ordinal0 [0x004AB17F+569727]
	Ordinal0 [0x004AA421+566305]
	Ordinal0 [0x004AA815+567317]
	Ordinal0 [0x004AA135+565557]
	Ordinal0 [0x004B38B1+604337]
	Ordinal0 [0x004AA0F1+565489]
	Ordinal0 [0x004AAEA2+568994]
	Ordinal0 [0x004AA421+566305]
	Ordinal0 [0x004AA815+567317]
	Ordinal0 [0x004AA135+565557]
	Ordinal0 [0x004B1D2C+597292]
	Ordinal0 [0x004AA0F1+565489]
	Ordinal0 [0x004AAEA2+568994]
	Ordinal0 [0x004AA421+566305]
	Ordinal0 [0x004AA815+567317]
	Ordinal0 [0x004AA135+565557]
	Ordinal0 [0x004AFE62+589410]
	Ordinal0 [0x004AA0F1+565489]
	Ordinal0 [0x004AAEA2+568994]
	Ordinal0 [0x004AA421+566305]
	Ordinal0 [0x004AA815+567317]
	Ordinal0 [0x004AA135+565557]
	Ordinal0 [0x004AF075+585845]
	Ordinal0 [0x004AA0F1+565489]
	Ordinal0 [0x004AAEA2+568994]
	Ordinal0 [0x004AA421+566305]
	Ordinal0 [0x004AA815+567317]
	Ordinal0 [0x004AA135+565557]
	Ordinal0 [0x004A6776+550774]
	Ordinal0 [0x004AA0F1+565489]
	Ordinal0 [0x004A9F13+565011]
	Ordinal0 [0x004A9D07+564487]
	Ordinal0 [0x004B82C0+623296]
	Ordinal0 [0x00456BDD+224221]
	Ordinal0 [0x00455CAC+220332]
	Ordinal0 [0x0045189B+202907]
	Ordinal0 [0x00433DF4+81396]
	Ordinal0 [0x00434DEE+85486]
	Ordinal0 [0x00434D79+85369]
	Ordinal0 [0x006485DC+2262492]
	GetHandleVerifier [0x008D2874+1487204]
	GetHandleVerifier [0x008D23CD+1486013]
	GetHandleVerifier [0x008DA368+1518680]
	GetHandleVerifier [0x008D2F4E+1488958]
	Ordinal0 [0x0063ED0D+2223373]
	Ordinal0 [0x0064A12B+2269483]
	Ordinal0 [0x0064A26F+2269807]
	Ordinal0 [0x0065ECB8+2354360]
	BaseThreadInitThunk [0x77036359+25]
	RtlGetAppContainerNamedObjectPath [0x77B78944+228]
	RtlGetAppContainerNamedObjectPath [0x77B78914+180]

	at org.openqa.selenium.remote.W3CHandshakeResponse.lambda$errorHandler$0(W3CHandshakeResponse.java:62)
	at org.openqa.selenium.remote.HandshakeResponse.lambda$getResponseFunction$0(HandshakeResponse.java:30)
	at org.openqa.selenium.remote.ProtocolHandshake.lambda$createSession$0(ProtocolHandshake.java:126)
	at java.base/java.util.stream.ReferencePipeline$3$1.accept(ReferencePipeline.java:195)
	at java.base/java.util.Spliterators$ArraySpliterator.tryAdvance(Spliterators.java:958)
	at java.base/java.util.stream.ReferencePipeline.forEachWithCancel(ReferencePipeline.java:127)
	at java.base/java.util.stream.AbstractPipeline.copyIntoWithCancel(AbstractPipeline.java:502)
	at java.base/java.util.stream.AbstractPipeline.copyInto(AbstractPipeline.java:488)
	at java.base/java.util.stream.AbstractPipeline.wrapAndCopyInto(AbstractPipeline.java:474)
	at java.base/java.util.stream.FindOps$FindOp.evaluateSequential(FindOps.java:150)
	at java.base/java.util.stream.AbstractPipeline.evaluate(AbstractPipeline.java:234)
	at java.base/java.util.stream.ReferencePipeline.findFirst(ReferencePipeline.java:543)
	at org.openqa.selenium.remote.ProtocolHandshake.createSession(ProtocolHandshake.java:128)
	at org.openqa.selenium.remote.ProtocolHandshake.createSession(ProtocolHandshake.java:74)
	at org.openqa.selenium.remote.HttpCommandExecutor.execute(HttpCommandExecutor.java:136)
	at org.openqa.selenium.remote.service.DriverCommandExecutor.execute(DriverCommandExecutor.java:83)
	at org.openqa.selenium.remote.RemoteWebDriver.execute(RemoteWebDriver.java:552)
	at org.openqa.selenium.remote.RemoteWebDriver.startSession(RemoteWebDriver.java:213)
	at org.openqa.selenium.remote.RemoteWebDriver.&lt;init&gt;(RemoteWebDriver.java:131)
	at org.openqa.selenium.chrome.ChromeDriver.&lt;init&gt;(ChromeDriver.java:181)
	at org.openqa.selenium.chrome.ChromeDriver.&lt;init&gt;(ChromeDriver.java:168)
	at org.openqa.selenium.chrome.ChromeDriver.&lt;init&gt;(ChromeDriver.java:123)
	at com.BankingV1.testCases.BaseTest.setup(BaseTest.java:46)
... Removed 33 stack frames</div></td></tr></table><p class="totop"><a href="#summary">back to summary</a></p><h3 id="m7">com.BankingV1.testCases.TC_LoginTest#loginTest</h3><table class="result"><tr><th>Exception</th></tr><tr><td><div class="stacktrace">org.openqa.selenium.SessionNotCreatedException: session not created
from timeout: Timed out receiving message from renderer: 600.000
  (Session info: chrome=88.0.4324.146)
Build info: version: &apos;3.141.59&apos;, revision: &apos;e82be7d358&apos;, time: &apos;2018-11-14T08:17:03&apos;
System info: host: &apos;MSI&apos;, ip: &apos;192.168.43.184&apos;, os.name: &apos;Windows 10&apos;, os.arch: &apos;amd64&apos;, os.version: &apos;10.0&apos;, java.version: &apos;11.0.10&apos;
Driver info: driver.version: ChromeDriver
remote stacktrace: Backtrace:
	Ordinal0 [0x0074C0C3+3326147]
	Ordinal0 [0x00630851+2164817]
	Ordinal0 [0x004B7298+619160]
	Ordinal0 [0x004AB17F+569727]
	Ordinal0 [0x004AA421+566305]
	Ordinal0 [0x004AA815+567317]
	Ordinal0 [0x004AA135+565557]
	Ordinal0 [0x004B38B1+604337]
	Ordinal0 [0x004AA0F1+565489]
	Ordinal0 [0x004AAEA2+568994]
	Ordinal0 [0x004AA421+566305]
	Ordinal0 [0x004AA815+567317]
	Ordinal0 [0x004AA135+565557]
	Ordinal0 [0x004B1D2C+597292]
	Ordinal0 [0x004AA0F1+565489]
	Ordinal0 [0x004AAEA2+568994]
	Ordinal0 [0x004AA421+566305]
	Ordinal0 [0x004AA815+567317]
	Ordinal0 [0x004AA135+565557]
	Ordinal0 [0x004AFE62+589410]
	Ordinal0 [0x004AA0F1+565489]
	Ordinal0 [0x004AAEA2+568994]
	Ordinal0 [0x004AA421+566305]
	Ordinal0 [0x004AA815+567317]
	Ordinal0 [0x004AA135+565557]
	Ordinal0 [0x004AF075+585845]
	Ordinal0 [0x004AA0F1+565489]
	Ordinal0 [0x004AAEA2+568994]
	Ordinal0 [0x004AA421+566305]
	Ordinal0 [0x004AA815+567317]
	Ordinal0 [0x004AA135+565557]
	Ordinal0 [0x004A6776+550774]
	Ordinal0 [0x004AA0F1+565489]
	Ordinal0 [0x004A9F13+565011]
	Ordinal0 [0x004A9D07+564487]
	Ordinal0 [0x004B82C0+623296]
	Ordinal0 [0x00456BDD+224221]
	Ordinal0 [0x00455CAC+220332]
	Ordinal0 [0x0045189B+202907]
	Ordinal0 [0x00433DF4+81396]
	Ordinal0 [0x00434DEE+85486]
	Ordinal0 [0x00434D79+85369]
	Ordinal0 [0x006485DC+2262492]
	GetHandleVerifier [0x008D2874+1487204]
	GetHandleVerifier [0x008D23CD+1486013]
	GetHandleVerifier [0x008DA368+1518680]
	GetHandleVerifier [0x008D2F4E+1488958]
	Ordinal0 [0x0063ED0D+2223373]
	Ordinal0 [0x0064A12B+2269483]
	Ordinal0 [0x0064A26F+2269807]
	Ordinal0 [0x0065ECB8+2354360]
	BaseThreadInitThunk [0x77036359+25]
	RtlGetAppContainerNamedObjectPath [0x77B78944+228]
	RtlGetAppContainerNamedObjectPath [0x77B78914+180]

	at org.openqa.selenium.remote.W3CHandshakeResponse.lambda$errorHandler$0(W3CHandshakeResponse.java:62)
	at org.openqa.selenium.remote.HandshakeResponse.lambda$getResponseFunction$0(HandshakeResponse.java:30)
	at org.openqa.selenium.remote.ProtocolHandshake.lambda$createSession$0(ProtocolHandshake.java:126)
	at java.base/java.util.stream.ReferencePipeline$3$1.accept(ReferencePipeline.java:195)
	at java.base/java.util.Spliterators$ArraySpliterator.tryAdvance(Spliterators.java:958)
	at java.base/java.util.stream.ReferencePipeline.forEachWithCancel(ReferencePipeline.java:127)
	at java.base/java.util.stream.AbstractPipeline.copyIntoWithCancel(AbstractPipeline.java:502)
	at java.base/java.util.stream.AbstractPipeline.copyInto(AbstractPipeline.java:488)
	at java.base/java.util.stream.AbstractPipeline.wrapAndCopyInto(AbstractPipeline.java:474)
	at java.base/java.util.stream.FindOps$FindOp.evaluateSequential(FindOps.java:150)
	at java.base/java.util.stream.AbstractPipeline.evaluate(AbstractPipeline.java:234)
	at java.base/java.util.stream.ReferencePipeline.findFirst(ReferencePipeline.java:543)
	at org.openqa.selenium.remote.ProtocolHandshake.createSession(ProtocolHandshake.java:128)
	at org.openqa.selenium.remote.ProtocolHandshake.createSession(ProtocolHandshake.java:74)
	at org.openqa.selenium.remote.HttpCommandExecutor.execute(HttpCommandExecutor.java:136)
	at org.openqa.selenium.remote.service.DriverCommandExecutor.execute(DriverCommandExecutor.java:83)
	at org.openqa.selenium.remote.RemoteWebDriver.execute(RemoteWebDriver.java:552)
	at org.openqa.selenium.remote.RemoteWebDriver.startSession(RemoteWebDriver.java:213)
	at org.openqa.selenium.remote.RemoteWebDriver.&lt;init&gt;(RemoteWebDriver.java:131)
	at org.openqa.selenium.chrome.ChromeDriver.&lt;init&gt;(ChromeDriver.java:181)
	at org.openqa.selenium.chrome.ChromeDriver.&lt;init&gt;(ChromeDriver.java:168)
	at org.openqa.selenium.chrome.ChromeDriver.&lt;init&gt;(ChromeDriver.java:123)
	at com.BankingV1.testCases.BaseTest.setup(BaseTest.java:46)
... Removed 33 stack frames</div></td></tr></table><p class="totop"><a href="#summary">back to summary</a></p><h3 id="m8">com.BankingV1.testCases.TC_LoginTestDDT#logInDDT</h3><table class="result"><tr class="param"><th>Parameter #1</th><th>Parameter #2</th></tr><tr class="param stripe"><td>mngr304233</td><td>ajavUvev</td></tr><tr><th colspan="2">Exception</th></tr><tr><td colspan="2"><div class="stacktrace">org.openqa.selenium.SessionNotCreatedException: session not created
from timeout: Timed out receiving message from renderer: 600.000
  (Session info: chrome=88.0.4324.146)
Build info: version: &apos;3.141.59&apos;, revision: &apos;e82be7d358&apos;, time: &apos;2018-11-14T08:17:03&apos;
System info: host: &apos;MSI&apos;, ip: &apos;192.168.43.184&apos;, os.name: &apos;Windows 10&apos;, os.arch: &apos;amd64&apos;, os.version: &apos;10.0&apos;, java.version: &apos;11.0.10&apos;
Driver info: driver.version: ChromeDriver
remote stacktrace: Backtrace:
	Ordinal0 [0x0074C0C3+3326147]
	Ordinal0 [0x00630851+2164817]
	Ordinal0 [0x004B7298+619160]
	Ordinal0 [0x004AB17F+569727]
	Ordinal0 [0x004AA421+566305]
	Ordinal0 [0x004AA815+567317]
	Ordinal0 [0x004AA135+565557]
	Ordinal0 [0x004B38B1+604337]
	Ordinal0 [0x004AA0F1+565489]
	Ordinal0 [0x004AAEA2+568994]
	Ordinal0 [0x004AA421+566305]
	Ordinal0 [0x004AA815+567317]
	Ordinal0 [0x004AA135+565557]
	Ordinal0 [0x004B1D2C+597292]
	Ordinal0 [0x004AA0F1+565489]
	Ordinal0 [0x004AAEA2+568994]
	Ordinal0 [0x004AA421+566305]
	Ordinal0 [0x004AA815+567317]
	Ordinal0 [0x004AA135+565557]
	Ordinal0 [0x004AFE62+589410]
	Ordinal0 [0x004AA0F1+565489]
	Ordinal0 [0x004AAEA2+568994]
	Ordinal0 [0x004AA421+566305]
	Ordinal0 [0x004AA815+567317]
	Ordinal0 [0x004AA135+565557]
	Ordinal0 [0x004AF075+585845]
	Ordinal0 [0x004AA0F1+565489]
	Ordinal0 [0x004AAEA2+568994]
	Ordinal0 [0x004AA421+566305]
	Ordinal0 [0x004AA815+567317]
	Ordinal0 [0x004AA135+565557]
	Ordinal0 [0x004A6776+550774]
	Ordinal0 [0x004AA0F1+565489]
	Ordinal0 [0x004A9F13+565011]
	Ordinal0 [0x004A9D07+564487]
	Ordinal0 [0x004B82C0+623296]
	Ordinal0 [0x00456BDD+224221]
	Ordinal0 [0x00455CAC+220332]
	Ordinal0 [0x0045189B+202907]
	Ordinal0 [0x00433DF4+81396]
	Ordinal0 [0x00434DEE+85486]
	Ordinal0 [0x00434D79+85369]
	Ordinal0 [0x006485DC+2262492]
	GetHandleVerifier [0x008D2874+1487204]
	GetHandleVerifier [0x008D23CD+1486013]
	GetHandleVerifier [0x008DA368+1518680]
	GetHandleVerifier [0x008D2F4E+1488958]
	Ordinal0 [0x0063ED0D+2223373]
	Ordinal0 [0x0064A12B+2269483]
	Ordinal0 [0x0064A26F+2269807]
	Ordinal0 [0x0065ECB8+2354360]
	BaseThreadInitThunk [0x77036359+25]
	RtlGetAppContainerNamedObjectPath [0x77B78944+228]
	RtlGetAppContainerNamedObjectPath [0x77B78914+180]

	at org.openqa.selenium.remote.W3CHandshakeResponse.lambda$errorHandler$0(W3CHandshakeResponse.java:62)
	at org.openqa.selenium.remote.HandshakeResponse.lambda$getResponseFunction$0(HandshakeResponse.java:30)
	at org.openqa.selenium.remote.ProtocolHandshake.lambda$createSession$0(ProtocolHandshake.java:126)
	at java.base/java.util.stream.ReferencePipeline$3$1.accept(ReferencePipeline.java:195)
	at java.base/java.util.Spliterators$ArraySpliterator.tryAdvance(Spliterators.java:958)
	at java.base/java.util.stream.ReferencePipeline.forEachWithCancel(ReferencePipeline.java:127)
	at java.base/java.util.stream.AbstractPipeline.copyIntoWithCancel(AbstractPipeline.java:502)
	at java.base/java.util.stream.AbstractPipeline.copyInto(AbstractPipeline.java:488)
	at java.base/java.util.stream.AbstractPipeline.wrapAndCopyInto(AbstractPipeline.java:474)
	at java.base/java.util.stream.FindOps$FindOp.evaluateSequential(FindOps.java:150)
	at java.base/java.util.stream.AbstractPipeline.evaluate(AbstractPipeline.java:234)
	at java.base/java.util.stream.ReferencePipeline.findFirst(ReferencePipeline.java:543)
	at org.openqa.selenium.remote.ProtocolHandshake.createSession(ProtocolHandshake.java:128)
	at org.openqa.selenium.remote.ProtocolHandshake.createSession(ProtocolHandshake.java:74)
	at org.openqa.selenium.remote.HttpCommandExecutor.execute(HttpCommandExecutor.java:136)
	at org.openqa.selenium.remote.service.DriverCommandExecutor.execute(DriverCommandExecutor.java:83)
	at org.openqa.selenium.remote.RemoteWebDriver.execute(RemoteWebDriver.java:552)
	at org.openqa.selenium.remote.RemoteWebDriver.startSession(RemoteWebDriver.java:213)
	at org.openqa.selenium.remote.RemoteWebDriver.&lt;init&gt;(RemoteWebDriver.java:131)
	at org.openqa.selenium.chrome.ChromeDriver.&lt;init&gt;(ChromeDriver.java:181)
	at org.openqa.selenium.chrome.ChromeDriver.&lt;init&gt;(ChromeDriver.java:168)
	at org.openqa.selenium.chrome.ChromeDriver.&lt;init&gt;(ChromeDriver.java:123)
	at com.BankingV1.testCases.BaseTest.setup(BaseTest.java:46)
... Removed 33 stack frames</div></td></tr></table><p class="totop"><a href="#summary">back to summary</a></p><h3 id="m9">com.BankingV1.testCases.TC_LoginTestDDT#logInDDT</h3><table class="result"><tr class="param"><th>Parameter #1</th><th>Parameter #2</th></tr><tr class="param stripe"><td>mngr304232</td><td>ajavUve</td></tr><tr><th colspan="2">Exception</th></tr><tr><td colspan="2"><div class="stacktrace">org.openqa.selenium.SessionNotCreatedException: session not created
from timeout: Timed out receiving message from renderer: 600.000
  (Session info: chrome=88.0.4324.146)
Build info: version: &apos;3.141.59&apos;, revision: &apos;e82be7d358&apos;, time: &apos;2018-11-14T08:17:03&apos;
System info: host: &apos;MSI&apos;, ip: &apos;192.168.43.184&apos;, os.name: &apos;Windows 10&apos;, os.arch: &apos;amd64&apos;, os.version: &apos;10.0&apos;, java.version: &apos;11.0.10&apos;
Driver info: driver.version: ChromeDriver
remote stacktrace: Backtrace:
	Ordinal0 [0x0074C0C3+3326147]
	Ordinal0 [0x00630851+2164817]
	Ordinal0 [0x004B7298+619160]
	Ordinal0 [0x004AB17F+569727]
	Ordinal0 [0x004AA421+566305]
	Ordinal0 [0x004AA815+567317]
	Ordinal0 [0x004AA135+565557]
	Ordinal0 [0x004B38B1+604337]
	Ordinal0 [0x004AA0F1+565489]
	Ordinal0 [0x004AAEA2+568994]
	Ordinal0 [0x004AA421+566305]
	Ordinal0 [0x004AA815+567317]
	Ordinal0 [0x004AA135+565557]
	Ordinal0 [0x004B1D2C+597292]
	Ordinal0 [0x004AA0F1+565489]
	Ordinal0 [0x004AAEA2+568994]
	Ordinal0 [0x004AA421+566305]
	Ordinal0 [0x004AA815+567317]
	Ordinal0 [0x004AA135+565557]
	Ordinal0 [0x004AFE62+589410]
	Ordinal0 [0x004AA0F1+565489]
	Ordinal0 [0x004AAEA2+568994]
	Ordinal0 [0x004AA421+566305]
	Ordinal0 [0x004AA815+567317]
	Ordinal0 [0x004AA135+565557]
	Ordinal0 [0x004AF075+585845]
	Ordinal0 [0x004AA0F1+565489]
	Ordinal0 [0x004AAEA2+568994]
	Ordinal0 [0x004AA421+566305]
	Ordinal0 [0x004AA815+567317]
	Ordinal0 [0x004AA135+565557]
	Ordinal0 [0x004A6776+550774]
	Ordinal0 [0x004AA0F1+565489]
	Ordinal0 [0x004A9F13+565011]
	Ordinal0 [0x004A9D07+564487]
	Ordinal0 [0x004B82C0+623296]
	Ordinal0 [0x00456BDD+224221]
	Ordinal0 [0x00455CAC+220332]
	Ordinal0 [0x0045189B+202907]
	Ordinal0 [0x00433DF4+81396]
	Ordinal0 [0x00434DEE+85486]
	Ordinal0 [0x00434D79+85369]
	Ordinal0 [0x006485DC+2262492]
	GetHandleVerifier [0x008D2874+1487204]
	GetHandleVerifier [0x008D23CD+1486013]
	GetHandleVerifier [0x008DA368+1518680]
	GetHandleVerifier [0x008D2F4E+1488958]
	Ordinal0 [0x0063ED0D+2223373]
	Ordinal0 [0x0064A12B+2269483]
	Ordinal0 [0x0064A26F+2269807]
	Ordinal0 [0x0065ECB8+2354360]
	BaseThreadInitThunk [0x77036359+25]
	RtlGetAppContainerNamedObjectPath [0x77B78944+228]
	RtlGetAppContainerNamedObjectPath [0x77B78914+180]

	at org.openqa.selenium.remote.W3CHandshakeResponse.lambda$errorHandler$0(W3CHandshakeResponse.java:62)
	at org.openqa.selenium.remote.HandshakeResponse.lambda$getResponseFunction$0(HandshakeResponse.java:30)
	at org.openqa.selenium.remote.ProtocolHandshake.lambda$createSession$0(ProtocolHandshake.java:126)
	at java.base/java.util.stream.ReferencePipeline$3$1.accept(ReferencePipeline.java:195)
	at java.base/java.util.Spliterators$ArraySpliterator.tryAdvance(Spliterators.java:958)
	at java.base/java.util.stream.ReferencePipeline.forEachWithCancel(ReferencePipeline.java:127)
	at java.base/java.util.stream.AbstractPipeline.copyIntoWithCancel(AbstractPipeline.java:502)
	at java.base/java.util.stream.AbstractPipeline.copyInto(AbstractPipeline.java:488)
	at java.base/java.util.stream.AbstractPipeline.wrapAndCopyInto(AbstractPipeline.java:474)
	at java.base/java.util.stream.FindOps$FindOp.evaluateSequential(FindOps.java:150)
	at java.base/java.util.stream.AbstractPipeline.evaluate(AbstractPipeline.java:234)
	at java.base/java.util.stream.ReferencePipeline.findFirst(ReferencePipeline.java:543)
	at org.openqa.selenium.remote.ProtocolHandshake.createSession(ProtocolHandshake.java:128)
	at org.openqa.selenium.remote.ProtocolHandshake.createSession(ProtocolHandshake.java:74)
	at org.openqa.selenium.remote.HttpCommandExecutor.execute(HttpCommandExecutor.java:136)
	at org.openqa.selenium.remote.service.DriverCommandExecutor.execute(DriverCommandExecutor.java:83)
	at org.openqa.selenium.remote.RemoteWebDriver.execute(RemoteWebDriver.java:552)
	at org.openqa.selenium.remote.RemoteWebDriver.startSession(RemoteWebDriver.java:213)
	at org.openqa.selenium.remote.RemoteWebDriver.&lt;init&gt;(RemoteWebDriver.java:131)
	at org.openqa.selenium.chrome.ChromeDriver.&lt;init&gt;(ChromeDriver.java:181)
	at org.openqa.selenium.chrome.ChromeDriver.&lt;init&gt;(ChromeDriver.java:168)
	at org.openqa.selenium.chrome.ChromeDriver.&lt;init&gt;(ChromeDriver.java:123)
	at com.BankingV1.testCases.BaseTest.setup(BaseTest.java:46)
... Removed 33 stack frames</div></td></tr></table><p class="totop"><a href="#summary">back to summary</a></p><h3 id="m10">com.BankingV1.testCases.TC_LoginTestDDT#logInDDT</h3><table class="result"><tr class="param"><th>Parameter #1</th><th>Parameter #2</th></tr><tr class="param stripe"><td>mngr304231</td><td>ajavUve</td></tr><tr><th colspan="2">Exception</th></tr><tr><td colspan="2"><div class="stacktrace">org.openqa.selenium.SessionNotCreatedException: session not created
from timeout: Timed out receiving message from renderer: 600.000
  (Session info: chrome=88.0.4324.146)
Build info: version: &apos;3.141.59&apos;, revision: &apos;e82be7d358&apos;, time: &apos;2018-11-14T08:17:03&apos;
System info: host: &apos;MSI&apos;, ip: &apos;192.168.43.184&apos;, os.name: &apos;Windows 10&apos;, os.arch: &apos;amd64&apos;, os.version: &apos;10.0&apos;, java.version: &apos;11.0.10&apos;
Driver info: driver.version: ChromeDriver
remote stacktrace: Backtrace:
	Ordinal0 [0x0074C0C3+3326147]
	Ordinal0 [0x00630851+2164817]
	Ordinal0 [0x004B7298+619160]
	Ordinal0 [0x004AB17F+569727]
	Ordinal0 [0x004AA421+566305]
	Ordinal0 [0x004AA815+567317]
	Ordinal0 [0x004AA135+565557]
	Ordinal0 [0x004B38B1+604337]
	Ordinal0 [0x004AA0F1+565489]
	Ordinal0 [0x004AAEA2+568994]
	Ordinal0 [0x004AA421+566305]
	Ordinal0 [0x004AA815+567317]
	Ordinal0 [0x004AA135+565557]
	Ordinal0 [0x004B1D2C+597292]
	Ordinal0 [0x004AA0F1+565489]
	Ordinal0 [0x004AAEA2+568994]
	Ordinal0 [0x004AA421+566305]
	Ordinal0 [0x004AA815+567317]
	Ordinal0 [0x004AA135+565557]
	Ordinal0 [0x004AFE62+589410]
	Ordinal0 [0x004AA0F1+565489]
	Ordinal0 [0x004AAEA2+568994]
	Ordinal0 [0x004AA421+566305]
	Ordinal0 [0x004AA815+567317]
	Ordinal0 [0x004AA135+565557]
	Ordinal0 [0x004AF075+585845]
	Ordinal0 [0x004AA0F1+565489]
	Ordinal0 [0x004AAEA2+568994]
	Ordinal0 [0x004AA421+566305]
	Ordinal0 [0x004AA815+567317]
	Ordinal0 [0x004AA135+565557]
	Ordinal0 [0x004A6776+550774]
	Ordinal0 [0x004AA0F1+565489]
	Ordinal0 [0x004A9F13+565011]
	Ordinal0 [0x004A9D07+564487]
	Ordinal0 [0x004B82C0+623296]
	Ordinal0 [0x00456BDD+224221]
	Ordinal0 [0x00455CAC+220332]
	Ordinal0 [0x0045189B+202907]
	Ordinal0 [0x00433DF4+81396]
	Ordinal0 [0x00434DEE+85486]
	Ordinal0 [0x00434D79+85369]
	Ordinal0 [0x006485DC+2262492]
	GetHandleVerifier [0x008D2874+1487204]
	GetHandleVerifier [0x008D23CD+1486013]
	GetHandleVerifier [0x008DA368+1518680]
	GetHandleVerifier [0x008D2F4E+1488958]
	Ordinal0 [0x0063ED0D+2223373]
	Ordinal0 [0x0064A12B+2269483]
	Ordinal0 [0x0064A26F+2269807]
	Ordinal0 [0x0065ECB8+2354360]
	BaseThreadInitThunk [0x77036359+25]
	RtlGetAppContainerNamedObjectPath [0x77B78944+228]
	RtlGetAppContainerNamedObjectPath [0x77B78914+180]

	at org.openqa.selenium.remote.W3CHandshakeResponse.lambda$errorHandler$0(W3CHandshakeResponse.java:62)
	at org.openqa.selenium.remote.HandshakeResponse.lambda$getResponseFunction$0(HandshakeResponse.java:30)
	at org.openqa.selenium.remote.ProtocolHandshake.lambda$createSession$0(ProtocolHandshake.java:126)
	at java.base/java.util.stream.ReferencePipeline$3$1.accept(ReferencePipeline.java:195)
	at java.base/java.util.Spliterators$ArraySpliterator.tryAdvance(Spliterators.java:958)
	at java.base/java.util.stream.ReferencePipeline.forEachWithCancel(ReferencePipeline.java:127)
	at java.base/java.util.stream.AbstractPipeline.copyIntoWithCancel(AbstractPipeline.java:502)
	at java.base/java.util.stream.AbstractPipeline.copyInto(AbstractPipeline.java:488)
	at java.base/java.util.stream.AbstractPipeline.wrapAndCopyInto(AbstractPipeline.java:474)
	at java.base/java.util.stream.FindOps$FindOp.evaluateSequential(FindOps.java:150)
	at java.base/java.util.stream.AbstractPipeline.evaluate(AbstractPipeline.java:234)
	at java.base/java.util.stream.ReferencePipeline.findFirst(ReferencePipeline.java:543)
	at org.openqa.selenium.remote.ProtocolHandshake.createSession(ProtocolHandshake.java:128)
	at org.openqa.selenium.remote.ProtocolHandshake.createSession(ProtocolHandshake.java:74)
	at org.openqa.selenium.remote.HttpCommandExecutor.execute(HttpCommandExecutor.java:136)
	at org.openqa.selenium.remote.service.DriverCommandExecutor.execute(DriverCommandExecutor.java:83)
	at org.openqa.selenium.remote.RemoteWebDriver.execute(RemoteWebDriver.java:552)
	at org.openqa.selenium.remote.RemoteWebDriver.startSession(RemoteWebDriver.java:213)
	at org.openqa.selenium.remote.RemoteWebDriver.&lt;init&gt;(RemoteWebDriver.java:131)
	at org.openqa.selenium.chrome.ChromeDriver.&lt;init&gt;(ChromeDriver.java:181)
	at org.openqa.selenium.chrome.ChromeDriver.&lt;init&gt;(ChromeDriver.java:168)
	at org.openqa.selenium.chrome.ChromeDriver.&lt;init&gt;(ChromeDriver.java:123)
	at com.BankingV1.testCases.BaseTest.setup(BaseTest.java:46)
... Removed 33 stack frames</div></td></tr></table><p class="totop"><a href="#summary">back to summary</a></p><h3 id="m11">com.BankingV1.testCases.TC_LoginTestDDT#logInDDT</h3><table class="result"><tr class="param"><th>Parameter #1</th><th>Parameter #2</th></tr><tr class="param stripe"><td>mngr304231</td><td>ajavUvew</td></tr><tr><th colspan="2">Exception</th></tr><tr><td colspan="2"><div class="stacktrace">org.openqa.selenium.SessionNotCreatedException: session not created
from timeout: Timed out receiving message from renderer: 600.000
  (Session info: chrome=88.0.4324.146)
Build info: version: &apos;3.141.59&apos;, revision: &apos;e82be7d358&apos;, time: &apos;2018-11-14T08:17:03&apos;
System info: host: &apos;MSI&apos;, ip: &apos;192.168.43.184&apos;, os.name: &apos;Windows 10&apos;, os.arch: &apos;amd64&apos;, os.version: &apos;10.0&apos;, java.version: &apos;11.0.10&apos;
Driver info: driver.version: ChromeDriver
remote stacktrace: Backtrace:
	Ordinal0 [0x0074C0C3+3326147]
	Ordinal0 [0x00630851+2164817]
	Ordinal0 [0x004B7298+619160]
	Ordinal0 [0x004AB17F+569727]
	Ordinal0 [0x004AA421+566305]
	Ordinal0 [0x004AA815+567317]
	Ordinal0 [0x004AA135+565557]
	Ordinal0 [0x004B38B1+604337]
	Ordinal0 [0x004AA0F1+565489]
	Ordinal0 [0x004AAEA2+568994]
	Ordinal0 [0x004AA421+566305]
	Ordinal0 [0x004AA815+567317]
	Ordinal0 [0x004AA135+565557]
	Ordinal0 [0x004B1D2C+597292]
	Ordinal0 [0x004AA0F1+565489]
	Ordinal0 [0x004AAEA2+568994]
	Ordinal0 [0x004AA421+566305]
	Ordinal0 [0x004AA815+567317]
	Ordinal0 [0x004AA135+565557]
	Ordinal0 [0x004AFE62+589410]
	Ordinal0 [0x004AA0F1+565489]
	Ordinal0 [0x004AAEA2+568994]
	Ordinal0 [0x004AA421+566305]
	Ordinal0 [0x004AA815+567317]
	Ordinal0 [0x004AA135+565557]
	Ordinal0 [0x004AF075+585845]
	Ordinal0 [0x004AA0F1+565489]
	Ordinal0 [0x004AAEA2+568994]
	Ordinal0 [0x004AA421+566305]
	Ordinal0 [0x004AA815+567317]
	Ordinal0 [0x004AA135+565557]
	Ordinal0 [0x004A6776+550774]
	Ordinal0 [0x004AA0F1+565489]
	Ordinal0 [0x004A9F13+565011]
	Ordinal0 [0x004A9D07+564487]
	Ordinal0 [0x004B82C0+623296]
	Ordinal0 [0x00456BDD+224221]
	Ordinal0 [0x00455CAC+220332]
	Ordinal0 [0x0045189B+202907]
	Ordinal0 [0x00433DF4+81396]
	Ordinal0 [0x00434DEE+85486]
	Ordinal0 [0x00434D79+85369]
	Ordinal0 [0x006485DC+2262492]
	GetHandleVerifier [0x008D2874+1487204]
	GetHandleVerifier [0x008D23CD+1486013]
	GetHandleVerifier [0x008DA368+1518680]
	GetHandleVerifier [0x008D2F4E+1488958]
	Ordinal0 [0x0063ED0D+2223373]
	Ordinal0 [0x0064A12B+2269483]
	Ordinal0 [0x0064A26F+2269807]
	Ordinal0 [0x0065ECB8+2354360]
	BaseThreadInitThunk [0x77036359+25]
	RtlGetAppContainerNamedObjectPath [0x77B78944+228]
	RtlGetAppContainerNamedObjectPath [0x77B78914+180]

	at org.openqa.selenium.remote.W3CHandshakeResponse.lambda$errorHandler$0(W3CHandshakeResponse.java:62)
	at org.openqa.selenium.remote.HandshakeResponse.lambda$getResponseFunction$0(HandshakeResponse.java:30)
	at org.openqa.selenium.remote.ProtocolHandshake.lambda$createSession$0(ProtocolHandshake.java:126)
	at java.base/java.util.stream.ReferencePipeline$3$1.accept(ReferencePipeline.java:195)
	at java.base/java.util.Spliterators$ArraySpliterator.tryAdvance(Spliterators.java:958)
	at java.base/java.util.stream.ReferencePipeline.forEachWithCancel(ReferencePipeline.java:127)
	at java.base/java.util.stream.AbstractPipeline.copyIntoWithCancel(AbstractPipeline.java:502)
	at java.base/java.util.stream.AbstractPipeline.copyInto(AbstractPipeline.java:488)
	at java.base/java.util.stream.AbstractPipeline.wrapAndCopyInto(AbstractPipeline.java:474)
	at java.base/java.util.stream.FindOps$FindOp.evaluateSequential(FindOps.java:150)
	at java.base/java.util.stream.AbstractPipeline.evaluate(AbstractPipeline.java:234)
	at java.base/java.util.stream.ReferencePipeline.findFirst(ReferencePipeline.java:543)
	at org.openqa.selenium.remote.ProtocolHandshake.createSession(ProtocolHandshake.java:128)
	at org.openqa.selenium.remote.ProtocolHandshake.createSession(ProtocolHandshake.java:74)
	at org.openqa.selenium.remote.HttpCommandExecutor.execute(HttpCommandExecutor.java:136)
	at org.openqa.selenium.remote.service.DriverCommandExecutor.execute(DriverCommandExecutor.java:83)
	at org.openqa.selenium.remote.RemoteWebDriver.execute(RemoteWebDriver.java:552)
	at org.openqa.selenium.remote.RemoteWebDriver.startSession(RemoteWebDriver.java:213)
	at org.openqa.selenium.remote.RemoteWebDriver.&lt;init&gt;(RemoteWebDriver.java:131)
	at org.openqa.selenium.chrome.ChromeDriver.&lt;init&gt;(ChromeDriver.java:181)
	at org.openqa.selenium.chrome.ChromeDriver.&lt;init&gt;(ChromeDriver.java:168)
	at org.openqa.selenium.chrome.ChromeDriver.&lt;init&gt;(ChromeDriver.java:123)
	at com.BankingV1.testCases.BaseTest.setup(BaseTest.java:46)
... Removed 33 stack frames</div></td></tr></table><p class="totop"><a href="#summary">back to summary</a></p></body></html>