<?xml version="1.0" encoding="UTF-8"?>
<testng-results ignored="0" total="6" passed="0" failed="0" skipped="6">
  <reporter-output>
  </reporter-output>
  <suite started-at="2021-02-06T11:14:09Z" name="BankingV1" finished-at="2021-02-06T11:24:14Z" duration-ms="605016">
    <groups>
    </groups>
    <test started-at="2021-02-06T11:14:09Z" name="BankingApp Test" finished-at="2021-02-06T11:24:14Z" duration-ms="605016">
      <class name="com.BankingV1.testCases.TC_AddCustomerTest">
        <test-method is-config="true" signature="setup(java.lang.String)[pri:0, instance:com.BankingV1.testCases.TC_AddCustomerTest@2002fc1d]" started-at="2021-02-06T16:54:14Z" name="setup" finished-at="2021-02-06T16:54:14Z" duration-ms="0" status="SKIP">
          <reporter-output>
          </reporter-output>
        </test-method> <!-- setup -->
        <test-method is-config="true" signature="teardown()[pri:0, instance:com.BankingV1.testCases.TC_AddCustomerTest@2002fc1d]" started-at="2021-02-06T16:54:14Z" name="teardown" finished-at="2021-02-06T16:54:14Z" duration-ms="0" status="SKIP">
          <reporter-output>
          </reporter-output>
        </test-method> <!-- teardown -->
        <test-method signature="addNewCustomer()[pri:0, instance:com.BankingV1.testCases.TC_AddCustomerTest@2002fc1d]" started-at="2021-02-06T16:54:14Z" name="addNewCustomer" finished-at="2021-02-06T16:54:14Z" duration-ms="0" status="SKIP">
          <exception class="org.openqa.selenium.SessionNotCreatedException">
            <message>
              <![CDATA[session not created
from timeout: Timed out receiving message from renderer: 600.000
  (Session info: chrome=88.0.4324.146)
Build info: version: '3.141.59', revision: 'e82be7d358', time: '2018-11-14T08:17:03'
System info: host: 'MSI', ip: '192.168.43.184', os.name: 'Windows 10', os.arch: 'amd64', os.version: '10.0', java.version: '11.0.10'
Driver info: driver.version: ChromeDriver
remote stacktrace: Backtrace:
	Ordinal0 [0x0074C0C3+3326147]
	Ordinal0 [0x00630851+2164817]
	Ordinal0 [0x004B7298+619160]
	Ordinal0 [0x004AB17F+569727]
	Ordinal0 [0x004AA421+566305]
	Ordinal0 [0x004AA815+567317]
	Ordinal0 [0x004AA135+565557]
	Ordinal0 [0x004B38B1+604337]
	Ordinal0 [0x004AA0F1+565489]
	Ordinal0 [0x004AAEA2+568994]
	Ordinal0 [0x004AA421+566305]
	Ordinal0 [0x004AA815+567317]
	Ordinal0 [0x004AA135+565557]
	Ordinal0 [0x004B1D2C+597292]
	Ordinal0 [0x004AA0F1+565489]
	Ordinal0 [0x004AAEA2+568994]
	Ordinal0 [0x004AA421+566305]
	Ordinal0 [0x004AA815+567317]
	Ordinal0 [0x004AA135+565557]
	Ordinal0 [0x004AFE62+589410]
	Ordinal0 [0x004AA0F1+565489]
	Ordinal0 [0x004AAEA2+568994]
	Ordinal0 [0x004AA421+566305]
	Ordinal0 [0x004AA815+567317]
	Ordinal0 [0x004AA135+565557]
	Ordinal0 [0x004AF075+585845]
	Ordinal0 [0x004AA0F1+565489]
	Ordinal0 [0x004AAEA2+568994]
	Ordinal0 [0x004AA421+566305]
	Ordinal0 [0x004AA815+567317]
	Ordinal0 [0x004AA135+565557]
	Ordinal0 [0x004A6776+550774]
	Ordinal0 [0x004AA0F1+565489]
	Ordinal0 [0x004A9F13+565011]
	Ordinal0 [0x004A9D07+564487]
	Ordinal0 [0x004B82C0+623296]
	Ordinal0 [0x00456BDD+224221]
	Ordinal0 [0x00455CAC+220332]
	Ordinal0 [0x0045189B+202907]
	Ordinal0 [0x00433DF4+81396]
	Ordinal0 [0x00434DEE+85486]
	Ordinal0 [0x00434D79+85369]
	Ordinal0 [0x006485DC+2262492]
	GetHandleVerifier [0x008D2874+1487204]
	GetHandleVerifier [0x008D23CD+1486013]
	GetHandleVerifier [0x008DA368+1518680]
	GetHandleVerifier [0x008D2F4E+1488958]
	Ordinal0 [0x0063ED0D+2223373]
	Ordinal0 [0x0064A12B+2269483]
	Ordinal0 [0x0064A26F+2269807]
	Ordinal0 [0x0065ECB8+2354360]
	BaseThreadInitThunk [0x77036359+25]
	RtlGetAppContainerNamedObjectPath [0x77B78944+228]
	RtlGetAppContainerNamedObjectPath [0x77B78914+180]
]]>
            </message>
            <full-stacktrace>
              <![CDATA[org.openqa.selenium.SessionNotCreatedException: session not created
from timeout: Timed out receiving message from renderer: 600.000
  (Session info: chrome=88.0.4324.146)
Build info: version: '3.141.59', revision: 'e82be7d358', time: '2018-11-14T08:17:03'
System info: host: 'MSI', ip: '192.168.43.184', os.name: 'Windows 10', os.arch: 'amd64', os.version: '10.0', java.version: '11.0.10'
Driver info: driver.version: ChromeDriver
remote stacktrace: Backtrace:
	Ordinal0 [0x0074C0C3+3326147]
	Ordinal0 [0x00630851+2164817]
	Ordinal0 [0x004B7298+619160]
	Ordinal0 [0x004AB17F+569727]
	Ordinal0 [0x004AA421+566305]
	Ordinal0 [0x004AA815+567317]
	Ordinal0 [0x004AA135+565557]
	Ordinal0 [0x004B38B1+604337]
	Ordinal0 [0x004AA0F1+565489]
	Ordinal0 [0x004AAEA2+568994]
	Ordinal0 [0x004AA421+566305]
	Ordinal0 [0x004AA815+567317]
	Ordinal0 [0x004AA135+565557]
	Ordinal0 [0x004B1D2C+597292]
	Ordinal0 [0x004AA0F1+565489]
	Ordinal0 [0x004AAEA2+568994]
	Ordinal0 [0x004AA421+566305]
	Ordinal0 [0x004AA815+567317]
	Ordinal0 [0x004AA135+565557]
	Ordinal0 [0x004AFE62+589410]
	Ordinal0 [0x004AA0F1+565489]
	Ordinal0 [0x004AAEA2+568994]
	Ordinal0 [0x004AA421+566305]
	Ordinal0 [0x004AA815+567317]
	Ordinal0 [0x004AA135+565557]
	Ordinal0 [0x004AF075+585845]
	Ordinal0 [0x004AA0F1+565489]
	Ordinal0 [0x004AAEA2+568994]
	Ordinal0 [0x004AA421+566305]
	Ordinal0 [0x004AA815+567317]
	Ordinal0 [0x004AA135+565557]
	Ordinal0 [0x004A6776+550774]
	Ordinal0 [0x004AA0F1+565489]
	Ordinal0 [0x004A9F13+565011]
	Ordinal0 [0x004A9D07+564487]
	Ordinal0 [0x004B82C0+623296]
	Ordinal0 [0x00456BDD+224221]
	Ordinal0 [0x00455CAC+220332]
	Ordinal0 [0x0045189B+202907]
	Ordinal0 [0x00433DF4+81396]
	Ordinal0 [0x00434DEE+85486]
	Ordinal0 [0x00434D79+85369]
	Ordinal0 [0x006485DC+2262492]
	GetHandleVerifier [0x008D2874+1487204]
	GetHandleVerifier [0x008D23CD+1486013]
	GetHandleVerifier [0x008DA368+1518680]
	GetHandleVerifier [0x008D2F4E+1488958]
	Ordinal0 [0x0063ED0D+2223373]
	Ordinal0 [0x0064A12B+2269483]
	Ordinal0 [0x0064A26F+2269807]
	Ordinal0 [0x0065ECB8+2354360]
	BaseThreadInitThunk [0x77036359+25]
	RtlGetAppContainerNamedObjectPath [0x77B78944+228]
	RtlGetAppContainerNamedObjectPath [0x77B78914+180]

	at java.base/jdk.internal.reflect.NativeConstructorAccessorImpl.newInstance0(Native Method)
	at java.base/jdk.internal.reflect.NativeConstructorAccessorImpl.newInstance(NativeConstructorAccessorImpl.java:62)
	at java.base/jdk.internal.reflect.DelegatingConstructorAccessorImpl.newInstance(DelegatingConstructorAccessorImpl.java:45)
	at java.base/java.lang.reflect.Constructor.newInstance(Constructor.java:490)
	at org.openqa.selenium.remote.W3CHandshakeResponse.lambda$errorHandler$0(W3CHandshakeResponse.java:62)
	at org.openqa.selenium.remote.HandshakeResponse.lambda$getResponseFunction$0(HandshakeResponse.java:30)
	at org.openqa.selenium.remote.ProtocolHandshake.lambda$createSession$0(ProtocolHandshake.java:126)
	at java.base/java.util.stream.ReferencePipeline$3$1.accept(ReferencePipeline.java:195)
	at java.base/java.util.Spliterators$ArraySpliterator.tryAdvance(Spliterators.java:958)
	at java.base/java.util.stream.ReferencePipeline.forEachWithCancel(ReferencePipeline.java:127)
	at java.base/java.util.stream.AbstractPipeline.copyIntoWithCancel(AbstractPipeline.java:502)
	at java.base/java.util.stream.AbstractPipeline.copyInto(AbstractPipeline.java:488)
	at java.base/java.util.stream.AbstractPipeline.wrapAndCopyInto(AbstractPipeline.java:474)
	at java.base/java.util.stream.FindOps$FindOp.evaluateSequential(FindOps.java:150)
	at java.base/java.util.stream.AbstractPipeline.evaluate(AbstractPipeline.java:234)
	at java.base/java.util.stream.ReferencePipeline.findFirst(ReferencePipeline.java:543)
	at org.openqa.selenium.remote.ProtocolHandshake.createSession(ProtocolHandshake.java:128)
	at org.openqa.selenium.remote.ProtocolHandshake.createSession(ProtocolHandshake.java:74)
	at org.openqa.selenium.remote.HttpCommandExecutor.execute(HttpCommandExecutor.java:136)
	at org.openqa.selenium.remote.service.DriverCommandExecutor.execute(DriverCommandExecutor.java:83)
	at org.openqa.selenium.remote.RemoteWebDriver.execute(RemoteWebDriver.java:552)
	at org.openqa.selenium.remote.RemoteWebDriver.startSession(RemoteWebDriver.java:213)
	at org.openqa.selenium.remote.RemoteWebDriver.<init>(RemoteWebDriver.java:131)
	at org.openqa.selenium.chrome.ChromeDriver.<init>(ChromeDriver.java:181)
	at org.openqa.selenium.chrome.ChromeDriver.<init>(ChromeDriver.java:168)
	at org.openqa.selenium.chrome.ChromeDriver.<init>(ChromeDriver.java:123)
	at com.BankingV1.testCases.BaseTest.setup(BaseTest.java:46)
	at java.base/jdk.internal.reflect.NativeMethodAccessorImpl.invoke0(Native Method)
	at java.base/jdk.internal.reflect.NativeMethodAccessorImpl.invoke(NativeMethodAccessorImpl.java:62)
	at java.base/jdk.internal.reflect.DelegatingMethodAccessorImpl.invoke(DelegatingMethodAccessorImpl.java:43)
	at java.base/java.lang.reflect.Method.invoke(Method.java:566)
	at org.testng.internal.MethodInvocationHelper.invokeMethod(MethodInvocationHelper.java:104)
	at org.testng.internal.Invoker.invokeConfigurationMethod(Invoker.java:515)
	at org.testng.internal.Invoker.invokeConfigurations(Invoker.java:217)
	at org.testng.internal.Invoker.invokeConfigurations(Invoker.java:144)
	at org.testng.internal.TestMethodWorker.invokeBeforeClassMethods(TestMethodWorker.java:169)
	at org.testng.internal.TestMethodWorker.run(TestMethodWorker.java:108)
	at org.testng.TestRunner.privateRun(TestRunner.java:756)
	at org.testng.TestRunner.run(TestRunner.java:610)
	at org.testng.SuiteRunner.runTest(SuiteRunner.java:387)
	at org.testng.SuiteRunner.runSequentially(SuiteRunner.java:382)
	at org.testng.SuiteRunner.privateRun(SuiteRunner.java:340)
	at org.testng.SuiteRunner.run(SuiteRunner.java:289)
	at org.testng.SuiteRunnerWorker.runSuite(SuiteRunnerWorker.java:52)
	at org.testng.SuiteRunnerWorker.run(SuiteRunnerWorker.java:86)
	at org.testng.TestNG.runSuitesSequentially(TestNG.java:1293)
	at org.testng.TestNG.runSuitesLocally(TestNG.java:1218)
	at org.testng.TestNG.runSuites(TestNG.java:1133)
	at org.testng.TestNG.run(TestNG.java:1104)
	at org.apache.maven.surefire.testng.TestNGExecutor.run(TestNGExecutor.java:284)
	at org.apache.maven.surefire.testng.TestNGXmlTestSuite.execute(TestNGXmlTestSuite.java:75)
	at org.apache.maven.surefire.testng.TestNGProvider.invoke(TestNGProvider.java:119)
	at org.apache.maven.surefire.booter.ForkedBooter.runSuitesInProcess(ForkedBooter.java:428)
	at org.apache.maven.surefire.booter.ForkedBooter.execute(ForkedBooter.java:162)
	at org.apache.maven.surefire.booter.ForkedBooter.run(ForkedBooter.java:562)
	at org.apache.maven.surefire.booter.ForkedBooter.main(ForkedBooter.java:548)
]]>
            </full-stacktrace>
          </exception> <!-- org.openqa.selenium.SessionNotCreatedException -->
          <reporter-output>
          </reporter-output>
        </test-method> <!-- addNewCustomer -->
      </class> <!-- com.BankingV1.testCases.TC_AddCustomerTest -->
      <class name="com.BankingV1.testCases.TC_LoginTest">
        <test-method is-config="true" signature="setup(java.lang.String)[pri:0, instance:com.BankingV1.testCases.TC_LoginTest@20d525]" started-at="2021-02-06T16:44:09Z" name="setup" finished-at="2021-02-06T16:44:09Z" duration-ms="0" status="FAIL">
          <params>
            <param index="0">
              <value>
                <![CDATA[chrome]]>
              </value>
            </param>
          </params>
          <exception class="org.openqa.selenium.SessionNotCreatedException">
            <message>
              <![CDATA[session not created
from timeout: Timed out receiving message from renderer: 600.000
  (Session info: chrome=88.0.4324.146)
Build info: version: '3.141.59', revision: 'e82be7d358', time: '2018-11-14T08:17:03'
System info: host: 'MSI', ip: '192.168.43.184', os.name: 'Windows 10', os.arch: 'amd64', os.version: '10.0', java.version: '11.0.10'
Driver info: driver.version: ChromeDriver
remote stacktrace: Backtrace:
	Ordinal0 [0x0074C0C3+3326147]
	Ordinal0 [0x00630851+2164817]
	Ordinal0 [0x004B7298+619160]
	Ordinal0 [0x004AB17F+569727]
	Ordinal0 [0x004AA421+566305]
	Ordinal0 [0x004AA815+567317]
	Ordinal0 [0x004AA135+565557]
	Ordinal0 [0x004B38B1+604337]
	Ordinal0 [0x004AA0F1+565489]
	Ordinal0 [0x004AAEA2+568994]
	Ordinal0 [0x004AA421+566305]
	Ordinal0 [0x004AA815+567317]
	Ordinal0 [0x004AA135+565557]
	Ordinal0 [0x004B1D2C+597292]
	Ordinal0 [0x004AA0F1+565489]
	Ordinal0 [0x004AAEA2+568994]
	Ordinal0 [0x004AA421+566305]
	Ordinal0 [0x004AA815+567317]
	Ordinal0 [0x004AA135+565557]
	Ordinal0 [0x004AFE62+589410]
	Ordinal0 [0x004AA0F1+565489]
	Ordinal0 [0x004AAEA2+568994]
	Ordinal0 [0x004AA421+566305]
	Ordinal0 [0x004AA815+567317]
	Ordinal0 [0x004AA135+565557]
	Ordinal0 [0x004AF075+585845]
	Ordinal0 [0x004AA0F1+565489]
	Ordinal0 [0x004AAEA2+568994]
	Ordinal0 [0x004AA421+566305]
	Ordinal0 [0x004AA815+567317]
	Ordinal0 [0x004AA135+565557]
	Ordinal0 [0x004A6776+550774]
	Ordinal0 [0x004AA0F1+565489]
	Ordinal0 [0x004A9F13+565011]
	Ordinal0 [0x004A9D07+564487]
	Ordinal0 [0x004B82C0+623296]
	Ordinal0 [0x00456BDD+224221]
	Ordinal0 [0x00455CAC+220332]
	Ordinal0 [0x0045189B+202907]
	Ordinal0 [0x00433DF4+81396]
	Ordinal0 [0x00434DEE+85486]
	Ordinal0 [0x00434D79+85369]
	Ordinal0 [0x006485DC+2262492]
	GetHandleVerifier [0x008D2874+1487204]
	GetHandleVerifier [0x008D23CD+1486013]
	GetHandleVerifier [0x008DA368+1518680]
	GetHandleVerifier [0x008D2F4E+1488958]
	Ordinal0 [0x0063ED0D+2223373]
	Ordinal0 [0x0064A12B+2269483]
	Ordinal0 [0x0064A26F+2269807]
	Ordinal0 [0x0065ECB8+2354360]
	BaseThreadInitThunk [0x77036359+25]
	RtlGetAppContainerNamedObjectPath [0x77B78944+228]
	RtlGetAppContainerNamedObjectPath [0x77B78914+180]
]]>
            </message>
            <full-stacktrace>
              <![CDATA[org.openqa.selenium.SessionNotCreatedException: session not created
from timeout: Timed out receiving message from renderer: 600.000
  (Session info: chrome=88.0.4324.146)
Build info: version: '3.141.59', revision: 'e82be7d358', time: '2018-11-14T08:17:03'
System info: host: 'MSI', ip: '192.168.43.184', os.name: 'Windows 10', os.arch: 'amd64', os.version: '10.0', java.version: '11.0.10'
Driver info: driver.version: ChromeDriver
remote stacktrace: Backtrace:
	Ordinal0 [0x0074C0C3+3326147]
	Ordinal0 [0x00630851+2164817]
	Ordinal0 [0x004B7298+619160]
	Ordinal0 [0x004AB17F+569727]
	Ordinal0 [0x004AA421+566305]
	Ordinal0 [0x004AA815+567317]
	Ordinal0 [0x004AA135+565557]
	Ordinal0 [0x004B38B1+604337]
	Ordinal0 [0x004AA0F1+565489]
	Ordinal0 [0x004AAEA2+568994]
	Ordinal0 [0x004AA421+566305]
	Ordinal0 [0x004AA815+567317]
	Ordinal0 [0x004AA135+565557]
	Ordinal0 [0x004B1D2C+597292]
	Ordinal0 [0x004AA0F1+565489]
	Ordinal0 [0x004AAEA2+568994]
	Ordinal0 [0x004AA421+566305]
	Ordinal0 [0x004AA815+567317]
	Ordinal0 [0x004AA135+565557]
	Ordinal0 [0x004AFE62+589410]
	Ordinal0 [0x004AA0F1+565489]
	Ordinal0 [0x004AAEA2+568994]
	Ordinal0 [0x004AA421+566305]
	Ordinal0 [0x004AA815+567317]
	Ordinal0 [0x004AA135+565557]
	Ordinal0 [0x004AF075+585845]
	Ordinal0 [0x004AA0F1+565489]
	Ordinal0 [0x004AAEA2+568994]
	Ordinal0 [0x004AA421+566305]
	Ordinal0 [0x004AA815+567317]
	Ordinal0 [0x004AA135+565557]
	Ordinal0 [0x004A6776+550774]
	Ordinal0 [0x004AA0F1+565489]
	Ordinal0 [0x004A9F13+565011]
	Ordinal0 [0x004A9D07+564487]
	Ordinal0 [0x004B82C0+623296]
	Ordinal0 [0x00456BDD+224221]
	Ordinal0 [0x00455CAC+220332]
	Ordinal0 [0x0045189B+202907]
	Ordinal0 [0x00433DF4+81396]
	Ordinal0 [0x00434DEE+85486]
	Ordinal0 [0x00434D79+85369]
	Ordinal0 [0x006485DC+2262492]
	GetHandleVerifier [0x008D2874+1487204]
	GetHandleVerifier [0x008D23CD+1486013]
	GetHandleVerifier [0x008DA368+1518680]
	GetHandleVerifier [0x008D2F4E+1488958]
	Ordinal0 [0x0063ED0D+2223373]
	Ordinal0 [0x0064A12B+2269483]
	Ordinal0 [0x0064A26F+2269807]
	Ordinal0 [0x0065ECB8+2354360]
	BaseThreadInitThunk [0x77036359+25]
	RtlGetAppContainerNamedObjectPath [0x77B78944+228]
	RtlGetAppContainerNamedObjectPath [0x77B78914+180]

	at java.base/jdk.internal.reflect.NativeConstructorAccessorImpl.newInstance0(Native Method)
	at java.base/jdk.internal.reflect.NativeConstructorAccessorImpl.newInstance(NativeConstructorAccessorImpl.java:62)
	at java.base/jdk.internal.reflect.DelegatingConstructorAccessorImpl.newInstance(DelegatingConstructorAccessorImpl.java:45)
	at java.base/java.lang.reflect.Constructor.newInstance(Constructor.java:490)
	at org.openqa.selenium.remote.W3CHandshakeResponse.lambda$errorHandler$0(W3CHandshakeResponse.java:62)
	at org.openqa.selenium.remote.HandshakeResponse.lambda$getResponseFunction$0(HandshakeResponse.java:30)
	at org.openqa.selenium.remote.ProtocolHandshake.lambda$createSession$0(ProtocolHandshake.java:126)
	at java.base/java.util.stream.ReferencePipeline$3$1.accept(ReferencePipeline.java:195)
	at java.base/java.util.Spliterators$ArraySpliterator.tryAdvance(Spliterators.java:958)
	at java.base/java.util.stream.ReferencePipeline.forEachWithCancel(ReferencePipeline.java:127)
	at java.base/java.util.stream.AbstractPipeline.copyIntoWithCancel(AbstractPipeline.java:502)
	at java.base/java.util.stream.AbstractPipeline.copyInto(AbstractPipeline.java:488)
	at java.base/java.util.stream.AbstractPipeline.wrapAndCopyInto(AbstractPipeline.java:474)
	at java.base/java.util.stream.FindOps$FindOp.evaluateSequential(FindOps.java:150)
	at java.base/java.util.stream.AbstractPipeline.evaluate(AbstractPipeline.java:234)
	at java.base/java.util.stream.ReferencePipeline.findFirst(ReferencePipeline.java:543)
	at org.openqa.selenium.remote.ProtocolHandshake.createSession(ProtocolHandshake.java:128)
	at org.openqa.selenium.remote.ProtocolHandshake.createSession(ProtocolHandshake.java:74)
	at org.openqa.selenium.remote.HttpCommandExecutor.execute(HttpCommandExecutor.java:136)
	at org.openqa.selenium.remote.service.DriverCommandExecutor.execute(DriverCommandExecutor.java:83)
	at org.openqa.selenium.remote.RemoteWebDriver.execute(RemoteWebDriver.java:552)
	at org.openqa.selenium.remote.RemoteWebDriver.startSession(RemoteWebDriver.java:213)
	at org.openqa.selenium.remote.RemoteWebDriver.<init>(RemoteWebDriver.java:131)
	at org.openqa.selenium.chrome.ChromeDriver.<init>(ChromeDriver.java:181)
	at org.openqa.selenium.chrome.ChromeDriver.<init>(ChromeDriver.java:168)
	at org.openqa.selenium.chrome.ChromeDriver.<init>(ChromeDriver.java:123)
	at com.BankingV1.testCases.BaseTest.setup(BaseTest.java:46)
	at java.base/jdk.internal.reflect.NativeMethodAccessorImpl.invoke0(Native Method)
	at java.base/jdk.internal.reflect.NativeMethodAccessorImpl.invoke(NativeMethodAccessorImpl.java:62)
	at java.base/jdk.internal.reflect.DelegatingMethodAccessorImpl.invoke(DelegatingMethodAccessorImpl.java:43)
	at java.base/java.lang.reflect.Method.invoke(Method.java:566)
	at org.testng.internal.MethodInvocationHelper.invokeMethod(MethodInvocationHelper.java:104)
	at org.testng.internal.Invoker.invokeConfigurationMethod(Invoker.java:515)
	at org.testng.internal.Invoker.invokeConfigurations(Invoker.java:217)
	at org.testng.internal.Invoker.invokeConfigurations(Invoker.java:144)
	at org.testng.internal.TestMethodWorker.invokeBeforeClassMethods(TestMethodWorker.java:169)
	at org.testng.internal.TestMethodWorker.run(TestMethodWorker.java:108)
	at org.testng.TestRunner.privateRun(TestRunner.java:756)
	at org.testng.TestRunner.run(TestRunner.java:610)
	at org.testng.SuiteRunner.runTest(SuiteRunner.java:387)
	at org.testng.SuiteRunner.runSequentially(SuiteRunner.java:382)
	at org.testng.SuiteRunner.privateRun(SuiteRunner.java:340)
	at org.testng.SuiteRunner.run(SuiteRunner.java:289)
	at org.testng.SuiteRunnerWorker.runSuite(SuiteRunnerWorker.java:52)
	at org.testng.SuiteRunnerWorker.run(SuiteRunnerWorker.java:86)
	at org.testng.TestNG.runSuitesSequentially(TestNG.java:1293)
	at org.testng.TestNG.runSuitesLocally(TestNG.java:1218)
	at org.testng.TestNG.runSuites(TestNG.java:1133)
	at org.testng.TestNG.run(TestNG.java:1104)
	at org.apache.maven.surefire.testng.TestNGExecutor.run(TestNGExecutor.java:284)
	at org.apache.maven.surefire.testng.TestNGXmlTestSuite.execute(TestNGXmlTestSuite.java:75)
	at org.apache.maven.surefire.testng.TestNGProvider.invoke(TestNGProvider.java:119)
	at org.apache.maven.surefire.booter.ForkedBooter.runSuitesInProcess(ForkedBooter.java:428)
	at org.apache.maven.surefire.booter.ForkedBooter.execute(ForkedBooter.java:162)
	at org.apache.maven.surefire.booter.ForkedBooter.run(ForkedBooter.java:562)
	at org.apache.maven.surefire.booter.ForkedBooter.main(ForkedBooter.java:548)
]]>
            </full-stacktrace>
          </exception> <!-- org.openqa.selenium.SessionNotCreatedException -->
          <reporter-output>
          </reporter-output>
        </test-method> <!-- setup -->
        <test-method signature="loginTest()[pri:0, instance:com.BankingV1.testCases.TC_LoginTest@20d525]" started-at="2021-02-06T16:54:13Z" name="loginTest" finished-at="2021-02-06T16:54:13Z" duration-ms="0" status="SKIP">
          <exception class="org.openqa.selenium.SessionNotCreatedException">
            <message>
              <![CDATA[session not created
from timeout: Timed out receiving message from renderer: 600.000
  (Session info: chrome=88.0.4324.146)
Build info: version: '3.141.59', revision: 'e82be7d358', time: '2018-11-14T08:17:03'
System info: host: 'MSI', ip: '192.168.43.184', os.name: 'Windows 10', os.arch: 'amd64', os.version: '10.0', java.version: '11.0.10'
Driver info: driver.version: ChromeDriver
remote stacktrace: Backtrace:
	Ordinal0 [0x0074C0C3+3326147]
	Ordinal0 [0x00630851+2164817]
	Ordinal0 [0x004B7298+619160]
	Ordinal0 [0x004AB17F+569727]
	Ordinal0 [0x004AA421+566305]
	Ordinal0 [0x004AA815+567317]
	Ordinal0 [0x004AA135+565557]
	Ordinal0 [0x004B38B1+604337]
	Ordinal0 [0x004AA0F1+565489]
	Ordinal0 [0x004AAEA2+568994]
	Ordinal0 [0x004AA421+566305]
	Ordinal0 [0x004AA815+567317]
	Ordinal0 [0x004AA135+565557]
	Ordinal0 [0x004B1D2C+597292]
	Ordinal0 [0x004AA0F1+565489]
	Ordinal0 [0x004AAEA2+568994]
	Ordinal0 [0x004AA421+566305]
	Ordinal0 [0x004AA815+567317]
	Ordinal0 [0x004AA135+565557]
	Ordinal0 [0x004AFE62+589410]
	Ordinal0 [0x004AA0F1+565489]
	Ordinal0 [0x004AAEA2+568994]
	Ordinal0 [0x004AA421+566305]
	Ordinal0 [0x004AA815+567317]
	Ordinal0 [0x004AA135+565557]
	Ordinal0 [0x004AF075+585845]
	Ordinal0 [0x004AA0F1+565489]
	Ordinal0 [0x004AAEA2+568994]
	Ordinal0 [0x004AA421+566305]
	Ordinal0 [0x004AA815+567317]
	Ordinal0 [0x004AA135+565557]
	Ordinal0 [0x004A6776+550774]
	Ordinal0 [0x004AA0F1+565489]
	Ordinal0 [0x004A9F13+565011]
	Ordinal0 [0x004A9D07+564487]
	Ordinal0 [0x004B82C0+623296]
	Ordinal0 [0x00456BDD+224221]
	Ordinal0 [0x00455CAC+220332]
	Ordinal0 [0x0045189B+202907]
	Ordinal0 [0x00433DF4+81396]
	Ordinal0 [0x00434DEE+85486]
	Ordinal0 [0x00434D79+85369]
	Ordinal0 [0x006485DC+2262492]
	GetHandleVerifier [0x008D2874+1487204]
	GetHandleVerifier [0x008D23CD+1486013]
	GetHandleVerifier [0x008DA368+1518680]
	GetHandleVerifier [0x008D2F4E+1488958]
	Ordinal0 [0x0063ED0D+2223373]
	Ordinal0 [0x0064A12B+2269483]
	Ordinal0 [0x0064A26F+2269807]
	Ordinal0 [0x0065ECB8+2354360]
	BaseThreadInitThunk [0x77036359+25]
	RtlGetAppContainerNamedObjectPath [0x77B78944+228]
	RtlGetAppContainerNamedObjectPath [0x77B78914+180]
]]>
            </message>
            <full-stacktrace>
              <![CDATA[org.openqa.selenium.SessionNotCreatedException: session not created
from timeout: Timed out receiving message from renderer: 600.000
  (Session info: chrome=88.0.4324.146)
Build info: version: '3.141.59', revision: 'e82be7d358', time: '2018-11-14T08:17:03'
System info: host: 'MSI', ip: '192.168.43.184', os.name: 'Windows 10', os.arch: 'amd64', os.version: '10.0', java.version: '11.0.10'
Driver info: driver.version: ChromeDriver
remote stacktrace: Backtrace:
	Ordinal0 [0x0074C0C3+3326147]
	Ordinal0 [0x00630851+2164817]
	Ordinal0 [0x004B7298+619160]
	Ordinal0 [0x004AB17F+569727]
	Ordinal0 [0x004AA421+566305]
	Ordinal0 [0x004AA815+567317]
	Ordinal0 [0x004AA135+565557]
	Ordinal0 [0x004B38B1+604337]
	Ordinal0 [0x004AA0F1+565489]
	Ordinal0 [0x004AAEA2+568994]
	Ordinal0 [0x004AA421+566305]
	Ordinal0 [0x004AA815+567317]
	Ordinal0 [0x004AA135+565557]
	Ordinal0 [0x004B1D2C+597292]
	Ordinal0 [0x004AA0F1+565489]
	Ordinal0 [0x004AAEA2+568994]
	Ordinal0 [0x004AA421+566305]
	Ordinal0 [0x004AA815+567317]
	Ordinal0 [0x004AA135+565557]
	Ordinal0 [0x004AFE62+589410]
	Ordinal0 [0x004AA0F1+565489]
	Ordinal0 [0x004AAEA2+568994]
	Ordinal0 [0x004AA421+566305]
	Ordinal0 [0x004AA815+567317]
	Ordinal0 [0x004AA135+565557]
	Ordinal0 [0x004AF075+585845]
	Ordinal0 [0x004AA0F1+565489]
	Ordinal0 [0x004AAEA2+568994]
	Ordinal0 [0x004AA421+566305]
	Ordinal0 [0x004AA815+567317]
	Ordinal0 [0x004AA135+565557]
	Ordinal0 [0x004A6776+550774]
	Ordinal0 [0x004AA0F1+565489]
	Ordinal0 [0x004A9F13+565011]
	Ordinal0 [0x004A9D07+564487]
	Ordinal0 [0x004B82C0+623296]
	Ordinal0 [0x00456BDD+224221]
	Ordinal0 [0x00455CAC+220332]
	Ordinal0 [0x0045189B+202907]
	Ordinal0 [0x00433DF4+81396]
	Ordinal0 [0x00434DEE+85486]
	Ordinal0 [0x00434D79+85369]
	Ordinal0 [0x006485DC+2262492]
	GetHandleVerifier [0x008D2874+1487204]
	GetHandleVerifier [0x008D23CD+1486013]
	GetHandleVerifier [0x008DA368+1518680]
	GetHandleVerifier [0x008D2F4E+1488958]
	Ordinal0 [0x0063ED0D+2223373]
	Ordinal0 [0x0064A12B+2269483]
	Ordinal0 [0x0064A26F+2269807]
	Ordinal0 [0x0065ECB8+2354360]
	BaseThreadInitThunk [0x77036359+25]
	RtlGetAppContainerNamedObjectPath [0x77B78944+228]
	RtlGetAppContainerNamedObjectPath [0x77B78914+180]

	at java.base/jdk.internal.reflect.NativeConstructorAccessorImpl.newInstance0(Native Method)
	at java.base/jdk.internal.reflect.NativeConstructorAccessorImpl.newInstance(NativeConstructorAccessorImpl.java:62)
	at java.base/jdk.internal.reflect.DelegatingConstructorAccessorImpl.newInstance(DelegatingConstructorAccessorImpl.java:45)
	at java.base/java.lang.reflect.Constructor.newInstance(Constructor.java:490)
	at org.openqa.selenium.remote.W3CHandshakeResponse.lambda$errorHandler$0(W3CHandshakeResponse.java:62)
	at org.openqa.selenium.remote.HandshakeResponse.lambda$getResponseFunction$0(HandshakeResponse.java:30)
	at org.openqa.selenium.remote.ProtocolHandshake.lambda$createSession$0(ProtocolHandshake.java:126)
	at java.base/java.util.stream.ReferencePipeline$3$1.accept(ReferencePipeline.java:195)
	at java.base/java.util.Spliterators$ArraySpliterator.tryAdvance(Spliterators.java:958)
	at java.base/java.util.stream.ReferencePipeline.forEachWithCancel(ReferencePipeline.java:127)
	at java.base/java.util.stream.AbstractPipeline.copyIntoWithCancel(AbstractPipeline.java:502)
	at java.base/java.util.stream.AbstractPipeline.copyInto(AbstractPipeline.java:488)
	at java.base/java.util.stream.AbstractPipeline.wrapAndCopyInto(AbstractPipeline.java:474)
	at java.base/java.util.stream.FindOps$FindOp.evaluateSequential(FindOps.java:150)
	at java.base/java.util.stream.AbstractPipeline.evaluate(AbstractPipeline.java:234)
	at java.base/java.util.stream.ReferencePipeline.findFirst(ReferencePipeline.java:543)
	at org.openqa.selenium.remote.ProtocolHandshake.createSession(ProtocolHandshake.java:128)
	at org.openqa.selenium.remote.ProtocolHandshake.createSession(ProtocolHandshake.java:74)
	at org.openqa.selenium.remote.HttpCommandExecutor.execute(HttpCommandExecutor.java:136)
	at org.openqa.selenium.remote.service.DriverCommandExecutor.execute(DriverCommandExecutor.java:83)
	at org.openqa.selenium.remote.RemoteWebDriver.execute(RemoteWebDriver.java:552)
	at org.openqa.selenium.remote.RemoteWebDriver.startSession(RemoteWebDriver.java:213)
	at org.openqa.selenium.remote.RemoteWebDriver.<init>(RemoteWebDriver.java:131)
	at org.openqa.selenium.chrome.ChromeDriver.<init>(ChromeDriver.java:181)
	at org.openqa.selenium.chrome.ChromeDriver.<init>(ChromeDriver.java:168)
	at org.openqa.selenium.chrome.ChromeDriver.<init>(ChromeDriver.java:123)
	at com.BankingV1.testCases.BaseTest.setup(BaseTest.java:46)
	at java.base/jdk.internal.reflect.NativeMethodAccessorImpl.invoke0(Native Method)
	at java.base/jdk.internal.reflect.NativeMethodAccessorImpl.invoke(NativeMethodAccessorImpl.java:62)
	at java.base/jdk.internal.reflect.DelegatingMethodAccessorImpl.invoke(DelegatingMethodAccessorImpl.java:43)
	at java.base/java.lang.reflect.Method.invoke(Method.java:566)
	at org.testng.internal.MethodInvocationHelper.invokeMethod(MethodInvocationHelper.java:104)
	at org.testng.internal.Invoker.invokeConfigurationMethod(Invoker.java:515)
	at org.testng.internal.Invoker.invokeConfigurations(Invoker.java:217)
	at org.testng.internal.Invoker.invokeConfigurations(Invoker.java:144)
	at org.testng.internal.TestMethodWorker.invokeBeforeClassMethods(TestMethodWorker.java:169)
	at org.testng.internal.TestMethodWorker.run(TestMethodWorker.java:108)
	at org.testng.TestRunner.privateRun(TestRunner.java:756)
	at org.testng.TestRunner.run(TestRunner.java:610)
	at org.testng.SuiteRunner.runTest(SuiteRunner.java:387)
	at org.testng.SuiteRunner.runSequentially(SuiteRunner.java:382)
	at org.testng.SuiteRunner.privateRun(SuiteRunner.java:340)
	at org.testng.SuiteRunner.run(SuiteRunner.java:289)
	at org.testng.SuiteRunnerWorker.runSuite(SuiteRunnerWorker.java:52)
	at org.testng.SuiteRunnerWorker.run(SuiteRunnerWorker.java:86)
	at org.testng.TestNG.runSuitesSequentially(TestNG.java:1293)
	at org.testng.TestNG.runSuitesLocally(TestNG.java:1218)
	at org.testng.TestNG.runSuites(TestNG.java:1133)
	at org.testng.TestNG.run(TestNG.java:1104)
	at org.apache.maven.surefire.testng.TestNGExecutor.run(TestNGExecutor.java:284)
	at org.apache.maven.surefire.testng.TestNGXmlTestSuite.execute(TestNGXmlTestSuite.java:75)
	at org.apache.maven.surefire.testng.TestNGProvider.invoke(TestNGProvider.java:119)
	at org.apache.maven.surefire.booter.ForkedBooter.runSuitesInProcess(ForkedBooter.java:428)
	at org.apache.maven.surefire.booter.ForkedBooter.execute(ForkedBooter.java:162)
	at org.apache.maven.surefire.booter.ForkedBooter.run(ForkedBooter.java:562)
	at org.apache.maven.surefire.booter.ForkedBooter.main(ForkedBooter.java:548)
]]>
            </full-stacktrace>
          </exception> <!-- org.openqa.selenium.SessionNotCreatedException -->
          <reporter-output>
          </reporter-output>
        </test-method> <!-- loginTest -->
        <test-method is-config="true" signature="teardown()[pri:0, instance:com.BankingV1.testCases.TC_LoginTest@20d525]" started-at="2021-02-06T16:54:13Z" name="teardown" finished-at="2021-02-06T16:54:13Z" duration-ms="0" status="SKIP">
          <reporter-output>
          </reporter-output>
        </test-method> <!-- teardown -->
      </class> <!-- com.BankingV1.testCases.TC_LoginTest -->
      <class name="com.BankingV1.testCases.TC_LoginTestDDT">
        <test-method is-config="true" signature="setup(java.lang.String)[pri:0, instance:com.BankingV1.testCases.TC_LoginTestDDT@6200f9cb]" started-at="2021-02-06T16:54:13Z" name="setup" finished-at="2021-02-06T16:54:13Z" duration-ms="0" status="SKIP">
          <reporter-output>
          </reporter-output>
        </test-method> <!-- setup -->
        <test-method signature="logInDDT(java.lang.String, java.lang.String)[pri:0, instance:com.BankingV1.testCases.TC_LoginTestDDT@6200f9cb]" started-at="2021-02-06T16:54:14Z" name="logInDDT" data-provider="loginData" finished-at="2021-02-06T16:54:14Z" duration-ms="0" status="SKIP">
          <params>
            <param index="0">
              <value>
                <![CDATA[mngr304233]]>
              </value>
            </param>
            <param index="1">
              <value>
                <![CDATA[ajavUvev]]>
              </value>
            </param>
          </params>
          <exception class="org.openqa.selenium.SessionNotCreatedException">
            <message>
              <![CDATA[session not created
from timeout: Timed out receiving message from renderer: 600.000
  (Session info: chrome=88.0.4324.146)
Build info: version: '3.141.59', revision: 'e82be7d358', time: '2018-11-14T08:17:03'
System info: host: 'MSI', ip: '192.168.43.184', os.name: 'Windows 10', os.arch: 'amd64', os.version: '10.0', java.version: '11.0.10'
Driver info: driver.version: ChromeDriver
remote stacktrace: Backtrace:
	Ordinal0 [0x0074C0C3+3326147]
	Ordinal0 [0x00630851+2164817]
	Ordinal0 [0x004B7298+619160]
	Ordinal0 [0x004AB17F+569727]
	Ordinal0 [0x004AA421+566305]
	Ordinal0 [0x004AA815+567317]
	Ordinal0 [0x004AA135+565557]
	Ordinal0 [0x004B38B1+604337]
	Ordinal0 [0x004AA0F1+565489]
	Ordinal0 [0x004AAEA2+568994]
	Ordinal0 [0x004AA421+566305]
	Ordinal0 [0x004AA815+567317]
	Ordinal0 [0x004AA135+565557]
	Ordinal0 [0x004B1D2C+597292]
	Ordinal0 [0x004AA0F1+565489]
	Ordinal0 [0x004AAEA2+568994]
	Ordinal0 [0x004AA421+566305]
	Ordinal0 [0x004AA815+567317]
	Ordinal0 [0x004AA135+565557]
	Ordinal0 [0x004AFE62+589410]
	Ordinal0 [0x004AA0F1+565489]
	Ordinal0 [0x004AAEA2+568994]
	Ordinal0 [0x004AA421+566305]
	Ordinal0 [0x004AA815+567317]
	Ordinal0 [0x004AA135+565557]
	Ordinal0 [0x004AF075+585845]
	Ordinal0 [0x004AA0F1+565489]
	Ordinal0 [0x004AAEA2+568994]
	Ordinal0 [0x004AA421+566305]
	Ordinal0 [0x004AA815+567317]
	Ordinal0 [0x004AA135+565557]
	Ordinal0 [0x004A6776+550774]
	Ordinal0 [0x004AA0F1+565489]
	Ordinal0 [0x004A9F13+565011]
	Ordinal0 [0x004A9D07+564487]
	Ordinal0 [0x004B82C0+623296]
	Ordinal0 [0x00456BDD+224221]
	Ordinal0 [0x00455CAC+220332]
	Ordinal0 [0x0045189B+202907]
	Ordinal0 [0x00433DF4+81396]
	Ordinal0 [0x00434DEE+85486]
	Ordinal0 [0x00434D79+85369]
	Ordinal0 [0x006485DC+2262492]
	GetHandleVerifier [0x008D2874+1487204]
	GetHandleVerifier [0x008D23CD+1486013]
	GetHandleVerifier [0x008DA368+1518680]
	GetHandleVerifier [0x008D2F4E+1488958]
	Ordinal0 [0x0063ED0D+2223373]
	Ordinal0 [0x0064A12B+2269483]
	Ordinal0 [0x0064A26F+2269807]
	Ordinal0 [0x0065ECB8+2354360]
	BaseThreadInitThunk [0x77036359+25]
	RtlGetAppContainerNamedObjectPath [0x77B78944+228]
	RtlGetAppContainerNamedObjectPath [0x77B78914+180]
]]>
            </message>
            <full-stacktrace>
              <![CDATA[org.openqa.selenium.SessionNotCreatedException: session not created
from timeout: Timed out receiving message from renderer: 600.000
  (Session info: chrome=88.0.4324.146)
Build info: version: '3.141.59', revision: 'e82be7d358', time: '2018-11-14T08:17:03'
System info: host: 'MSI', ip: '192.168.43.184', os.name: 'Windows 10', os.arch: 'amd64', os.version: '10.0', java.version: '11.0.10'
Driver info: driver.version: ChromeDriver
remote stacktrace: Backtrace:
	Ordinal0 [0x0074C0C3+3326147]
	Ordinal0 [0x00630851+2164817]
	Ordinal0 [0x004B7298+619160]
	Ordinal0 [0x004AB17F+569727]
	Ordinal0 [0x004AA421+566305]
	Ordinal0 [0x004AA815+567317]
	Ordinal0 [0x004AA135+565557]
	Ordinal0 [0x004B38B1+604337]
	Ordinal0 [0x004AA0F1+565489]
	Ordinal0 [0x004AAEA2+568994]
	Ordinal0 [0x004AA421+566305]
	Ordinal0 [0x004AA815+567317]
	Ordinal0 [0x004AA135+565557]
	Ordinal0 [0x004B1D2C+597292]
	Ordinal0 [0x004AA0F1+565489]
	Ordinal0 [0x004AAEA2+568994]
	Ordinal0 [0x004AA421+566305]
	Ordinal0 [0x004AA815+567317]
	Ordinal0 [0x004AA135+565557]
	Ordinal0 [0x004AFE62+589410]
	Ordinal0 [0x004AA0F1+565489]
	Ordinal0 [0x004AAEA2+568994]
	Ordinal0 [0x004AA421+566305]
	Ordinal0 [0x004AA815+567317]
	Ordinal0 [0x004AA135+565557]
	Ordinal0 [0x004AF075+585845]
	Ordinal0 [0x004AA0F1+565489]
	Ordinal0 [0x004AAEA2+568994]
	Ordinal0 [0x004AA421+566305]
	Ordinal0 [0x004AA815+567317]
	Ordinal0 [0x004AA135+565557]
	Ordinal0 [0x004A6776+550774]
	Ordinal0 [0x004AA0F1+565489]
	Ordinal0 [0x004A9F13+565011]
	Ordinal0 [0x004A9D07+564487]
	Ordinal0 [0x004B82C0+623296]
	Ordinal0 [0x00456BDD+224221]
	Ordinal0 [0x00455CAC+220332]
	Ordinal0 [0x0045189B+202907]
	Ordinal0 [0x00433DF4+81396]
	Ordinal0 [0x00434DEE+85486]
	Ordinal0 [0x00434D79+85369]
	Ordinal0 [0x006485DC+2262492]
	GetHandleVerifier [0x008D2874+1487204]
	GetHandleVerifier [0x008D23CD+1486013]
	GetHandleVerifier [0x008DA368+1518680]
	GetHandleVerifier [0x008D2F4E+1488958]
	Ordinal0 [0x0063ED0D+2223373]
	Ordinal0 [0x0064A12B+2269483]
	Ordinal0 [0x0064A26F+2269807]
	Ordinal0 [0x0065ECB8+2354360]
	BaseThreadInitThunk [0x77036359+25]
	RtlGetAppContainerNamedObjectPath [0x77B78944+228]
	RtlGetAppContainerNamedObjectPath [0x77B78914+180]

	at java.base/jdk.internal.reflect.NativeConstructorAccessorImpl.newInstance0(Native Method)
	at java.base/jdk.internal.reflect.NativeConstructorAccessorImpl.newInstance(NativeConstructorAccessorImpl.java:62)
	at java.base/jdk.internal.reflect.DelegatingConstructorAccessorImpl.newInstance(DelegatingConstructorAccessorImpl.java:45)
	at java.base/java.lang.reflect.Constructor.newInstance(Constructor.java:490)
	at org.openqa.selenium.remote.W3CHandshakeResponse.lambda$errorHandler$0(W3CHandshakeResponse.java:62)
	at org.openqa.selenium.remote.HandshakeResponse.lambda$getResponseFunction$0(HandshakeResponse.java:30)
	at org.openqa.selenium.remote.ProtocolHandshake.lambda$createSession$0(ProtocolHandshake.java:126)
	at java.base/java.util.stream.ReferencePipeline$3$1.accept(ReferencePipeline.java:195)
	at java.base/java.util.Spliterators$ArraySpliterator.tryAdvance(Spliterators.java:958)
	at java.base/java.util.stream.ReferencePipeline.forEachWithCancel(ReferencePipeline.java:127)
	at java.base/java.util.stream.AbstractPipeline.copyIntoWithCancel(AbstractPipeline.java:502)
	at java.base/java.util.stream.AbstractPipeline.copyInto(AbstractPipeline.java:488)
	at java.base/java.util.stream.AbstractPipeline.wrapAndCopyInto(AbstractPipeline.java:474)
	at java.base/java.util.stream.FindOps$FindOp.evaluateSequential(FindOps.java:150)
	at java.base/java.util.stream.AbstractPipeline.evaluate(AbstractPipeline.java:234)
	at java.base/java.util.stream.ReferencePipeline.findFirst(ReferencePipeline.java:543)
	at org.openqa.selenium.remote.ProtocolHandshake.createSession(ProtocolHandshake.java:128)
	at org.openqa.selenium.remote.ProtocolHandshake.createSession(ProtocolHandshake.java:74)
	at org.openqa.selenium.remote.HttpCommandExecutor.execute(HttpCommandExecutor.java:136)
	at org.openqa.selenium.remote.service.DriverCommandExecutor.execute(DriverCommandExecutor.java:83)
	at org.openqa.selenium.remote.RemoteWebDriver.execute(RemoteWebDriver.java:552)
	at org.openqa.selenium.remote.RemoteWebDriver.startSession(RemoteWebDriver.java:213)
	at org.openqa.selenium.remote.RemoteWebDriver.<init>(RemoteWebDriver.java:131)
	at org.openqa.selenium.chrome.ChromeDriver.<init>(ChromeDriver.java:181)
	at org.openqa.selenium.chrome.ChromeDriver.<init>(ChromeDriver.java:168)
	at org.openqa.selenium.chrome.ChromeDriver.<init>(ChromeDriver.java:123)
	at com.BankingV1.testCases.BaseTest.setup(BaseTest.java:46)
	at java.base/jdk.internal.reflect.NativeMethodAccessorImpl.invoke0(Native Method)
	at java.base/jdk.internal.reflect.NativeMethodAccessorImpl.invoke(NativeMethodAccessorImpl.java:62)
	at java.base/jdk.internal.reflect.DelegatingMethodAccessorImpl.invoke(DelegatingMethodAccessorImpl.java:43)
	at java.base/java.lang.reflect.Method.invoke(Method.java:566)
	at org.testng.internal.MethodInvocationHelper.invokeMethod(MethodInvocationHelper.java:104)
	at org.testng.internal.Invoker.invokeConfigurationMethod(Invoker.java:515)
	at org.testng.internal.Invoker.invokeConfigurations(Invoker.java:217)
	at org.testng.internal.Invoker.invokeConfigurations(Invoker.java:144)
	at org.testng.internal.TestMethodWorker.invokeBeforeClassMethods(TestMethodWorker.java:169)
	at org.testng.internal.TestMethodWorker.run(TestMethodWorker.java:108)
	at org.testng.TestRunner.privateRun(TestRunner.java:756)
	at org.testng.TestRunner.run(TestRunner.java:610)
	at org.testng.SuiteRunner.runTest(SuiteRunner.java:387)
	at org.testng.SuiteRunner.runSequentially(SuiteRunner.java:382)
	at org.testng.SuiteRunner.privateRun(SuiteRunner.java:340)
	at org.testng.SuiteRunner.run(SuiteRunner.java:289)
	at org.testng.SuiteRunnerWorker.runSuite(SuiteRunnerWorker.java:52)
	at org.testng.SuiteRunnerWorker.run(SuiteRunnerWorker.java:86)
	at org.testng.TestNG.runSuitesSequentially(TestNG.java:1293)
	at org.testng.TestNG.runSuitesLocally(TestNG.java:1218)
	at org.testng.TestNG.runSuites(TestNG.java:1133)
	at org.testng.TestNG.run(TestNG.java:1104)
	at org.apache.maven.surefire.testng.TestNGExecutor.run(TestNGExecutor.java:284)
	at org.apache.maven.surefire.testng.TestNGXmlTestSuite.execute(TestNGXmlTestSuite.java:75)
	at org.apache.maven.surefire.testng.TestNGProvider.invoke(TestNGProvider.java:119)
	at org.apache.maven.surefire.booter.ForkedBooter.runSuitesInProcess(ForkedBooter.java:428)
	at org.apache.maven.surefire.booter.ForkedBooter.execute(ForkedBooter.java:162)
	at org.apache.maven.surefire.booter.ForkedBooter.run(ForkedBooter.java:562)
	at org.apache.maven.surefire.booter.ForkedBooter.main(ForkedBooter.java:548)
]]>
            </full-stacktrace>
          </exception> <!-- org.openqa.selenium.SessionNotCreatedException -->
          <reporter-output>
          </reporter-output>
        </test-method> <!-- logInDDT -->
        <test-method signature="logInDDT(java.lang.String, java.lang.String)[pri:0, instance:com.BankingV1.testCases.TC_LoginTestDDT@6200f9cb]" started-at="2021-02-06T16:54:14Z" name="logInDDT" data-provider="loginData" finished-at="2021-02-06T16:54:14Z" duration-ms="0" status="SKIP">
          <params>
            <param index="0">
              <value>
                <![CDATA[mngr304232]]>
              </value>
            </param>
            <param index="1">
              <value>
                <![CDATA[ajavUve]]>
              </value>
            </param>
          </params>
          <exception class="org.openqa.selenium.SessionNotCreatedException">
            <message>
              <![CDATA[session not created
from timeout: Timed out receiving message from renderer: 600.000
  (Session info: chrome=88.0.4324.146)
Build info: version: '3.141.59', revision: 'e82be7d358', time: '2018-11-14T08:17:03'
System info: host: 'MSI', ip: '192.168.43.184', os.name: 'Windows 10', os.arch: 'amd64', os.version: '10.0', java.version: '11.0.10'
Driver info: driver.version: ChromeDriver
remote stacktrace: Backtrace:
	Ordinal0 [0x0074C0C3+3326147]
	Ordinal0 [0x00630851+2164817]
	Ordinal0 [0x004B7298+619160]
	Ordinal0 [0x004AB17F+569727]
	Ordinal0 [0x004AA421+566305]
	Ordinal0 [0x004AA815+567317]
	Ordinal0 [0x004AA135+565557]
	Ordinal0 [0x004B38B1+604337]
	Ordinal0 [0x004AA0F1+565489]
	Ordinal0 [0x004AAEA2+568994]
	Ordinal0 [0x004AA421+566305]
	Ordinal0 [0x004AA815+567317]
	Ordinal0 [0x004AA135+565557]
	Ordinal0 [0x004B1D2C+597292]
	Ordinal0 [0x004AA0F1+565489]
	Ordinal0 [0x004AAEA2+568994]
	Ordinal0 [0x004AA421+566305]
	Ordinal0 [0x004AA815+567317]
	Ordinal0 [0x004AA135+565557]
	Ordinal0 [0x004AFE62+589410]
	Ordinal0 [0x004AA0F1+565489]
	Ordinal0 [0x004AAEA2+568994]
	Ordinal0 [0x004AA421+566305]
	Ordinal0 [0x004AA815+567317]
	Ordinal0 [0x004AA135+565557]
	Ordinal0 [0x004AF075+585845]
	Ordinal0 [0x004AA0F1+565489]
	Ordinal0 [0x004AAEA2+568994]
	Ordinal0 [0x004AA421+566305]
	Ordinal0 [0x004AA815+567317]
	Ordinal0 [0x004AA135+565557]
	Ordinal0 [0x004A6776+550774]
	Ordinal0 [0x004AA0F1+565489]
	Ordinal0 [0x004A9F13+565011]
	Ordinal0 [0x004A9D07+564487]
	Ordinal0 [0x004B82C0+623296]
	Ordinal0 [0x00456BDD+224221]
	Ordinal0 [0x00455CAC+220332]
	Ordinal0 [0x0045189B+202907]
	Ordinal0 [0x00433DF4+81396]
	Ordinal0 [0x00434DEE+85486]
	Ordinal0 [0x00434D79+85369]
	Ordinal0 [0x006485DC+2262492]
	GetHandleVerifier [0x008D2874+1487204]
	GetHandleVerifier [0x008D23CD+1486013]
	GetHandleVerifier [0x008DA368+1518680]
	GetHandleVerifier [0x008D2F4E+1488958]
	Ordinal0 [0x0063ED0D+2223373]
	Ordinal0 [0x0064A12B+2269483]
	Ordinal0 [0x0064A26F+2269807]
	Ordinal0 [0x0065ECB8+2354360]
	BaseThreadInitThunk [0x77036359+25]
	RtlGetAppContainerNamedObjectPath [0x77B78944+228]
	RtlGetAppContainerNamedObjectPath [0x77B78914+180]
]]>
            </message>
            <full-stacktrace>
              <![CDATA[org.openqa.selenium.SessionNotCreatedException: session not created
from timeout: Timed out receiving message from renderer: 600.000
  (Session info: chrome=88.0.4324.146)
Build info: version: '3.141.59', revision: 'e82be7d358', time: '2018-11-14T08:17:03'
System info: host: 'MSI', ip: '192.168.43.184', os.name: 'Windows 10', os.arch: 'amd64', os.version: '10.0', java.version: '11.0.10'
Driver info: driver.version: ChromeDriver
remote stacktrace: Backtrace:
	Ordinal0 [0x0074C0C3+3326147]
	Ordinal0 [0x00630851+2164817]
	Ordinal0 [0x004B7298+619160]
	Ordinal0 [0x004AB17F+569727]
	Ordinal0 [0x004AA421+566305]
	Ordinal0 [0x004AA815+567317]
	Ordinal0 [0x004AA135+565557]
	Ordinal0 [0x004B38B1+604337]
	Ordinal0 [0x004AA0F1+565489]
	Ordinal0 [0x004AAEA2+568994]
	Ordinal0 [0x004AA421+566305]
	Ordinal0 [0x004AA815+567317]
	Ordinal0 [0x004AA135+565557]
	Ordinal0 [0x004B1D2C+597292]
	Ordinal0 [0x004AA0F1+565489]
	Ordinal0 [0x004AAEA2+568994]
	Ordinal0 [0x004AA421+566305]
	Ordinal0 [0x004AA815+567317]
	Ordinal0 [0x004AA135+565557]
	Ordinal0 [0x004AFE62+589410]
	Ordinal0 [0x004AA0F1+565489]
	Ordinal0 [0x004AAEA2+568994]
	Ordinal0 [0x004AA421+566305]
	Ordinal0 [0x004AA815+567317]
	Ordinal0 [0x004AA135+565557]
	Ordinal0 [0x004AF075+585845]
	Ordinal0 [0x004AA0F1+565489]
	Ordinal0 [0x004AAEA2+568994]
	Ordinal0 [0x004AA421+566305]
	Ordinal0 [0x004AA815+567317]
	Ordinal0 [0x004AA135+565557]
	Ordinal0 [0x004A6776+550774]
	Ordinal0 [0x004AA0F1+565489]
	Ordinal0 [0x004A9F13+565011]
	Ordinal0 [0x004A9D07+564487]
	Ordinal0 [0x004B82C0+623296]
	Ordinal0 [0x00456BDD+224221]
	Ordinal0 [0x00455CAC+220332]
	Ordinal0 [0x0045189B+202907]
	Ordinal0 [0x00433DF4+81396]
	Ordinal0 [0x00434DEE+85486]
	Ordinal0 [0x00434D79+85369]
	Ordinal0 [0x006485DC+2262492]
	GetHandleVerifier [0x008D2874+1487204]
	GetHandleVerifier [0x008D23CD+1486013]
	GetHandleVerifier [0x008DA368+1518680]
	GetHandleVerifier [0x008D2F4E+1488958]
	Ordinal0 [0x0063ED0D+2223373]
	Ordinal0 [0x0064A12B+2269483]
	Ordinal0 [0x0064A26F+2269807]
	Ordinal0 [0x0065ECB8+2354360]
	BaseThreadInitThunk [0x77036359+25]
	RtlGetAppContainerNamedObjectPath [0x77B78944+228]
	RtlGetAppContainerNamedObjectPath [0x77B78914+180]

	at java.base/jdk.internal.reflect.NativeConstructorAccessorImpl.newInstance0(Native Method)
	at java.base/jdk.internal.reflect.NativeConstructorAccessorImpl.newInstance(NativeConstructorAccessorImpl.java:62)
	at java.base/jdk.internal.reflect.DelegatingConstructorAccessorImpl.newInstance(DelegatingConstructorAccessorImpl.java:45)
	at java.base/java.lang.reflect.Constructor.newInstance(Constructor.java:490)
	at org.openqa.selenium.remote.W3CHandshakeResponse.lambda$errorHandler$0(W3CHandshakeResponse.java:62)
	at org.openqa.selenium.remote.HandshakeResponse.lambda$getResponseFunction$0(HandshakeResponse.java:30)
	at org.openqa.selenium.remote.ProtocolHandshake.lambda$createSession$0(ProtocolHandshake.java:126)
	at java.base/java.util.stream.ReferencePipeline$3$1.accept(ReferencePipeline.java:195)
	at java.base/java.util.Spliterators$ArraySpliterator.tryAdvance(Spliterators.java:958)
	at java.base/java.util.stream.ReferencePipeline.forEachWithCancel(ReferencePipeline.java:127)
	at java.base/java.util.stream.AbstractPipeline.copyIntoWithCancel(AbstractPipeline.java:502)
	at java.base/java.util.stream.AbstractPipeline.copyInto(AbstractPipeline.java:488)
	at java.base/java.util.stream.AbstractPipeline.wrapAndCopyInto(AbstractPipeline.java:474)
	at java.base/java.util.stream.FindOps$FindOp.evaluateSequential(FindOps.java:150)
	at java.base/java.util.stream.AbstractPipeline.evaluate(AbstractPipeline.java:234)
	at java.base/java.util.stream.ReferencePipeline.findFirst(ReferencePipeline.java:543)
	at org.openqa.selenium.remote.ProtocolHandshake.createSession(ProtocolHandshake.java:128)
	at org.openqa.selenium.remote.ProtocolHandshake.createSession(ProtocolHandshake.java:74)
	at org.openqa.selenium.remote.HttpCommandExecutor.execute(HttpCommandExecutor.java:136)
	at org.openqa.selenium.remote.service.DriverCommandExecutor.execute(DriverCommandExecutor.java:83)
	at org.openqa.selenium.remote.RemoteWebDriver.execute(RemoteWebDriver.java:552)
	at org.openqa.selenium.remote.RemoteWebDriver.startSession(RemoteWebDriver.java:213)
	at org.openqa.selenium.remote.RemoteWebDriver.<init>(RemoteWebDriver.java:131)
	at org.openqa.selenium.chrome.ChromeDriver.<init>(ChromeDriver.java:181)
	at org.openqa.selenium.chrome.ChromeDriver.<init>(ChromeDriver.java:168)
	at org.openqa.selenium.chrome.ChromeDriver.<init>(ChromeDriver.java:123)
	at com.BankingV1.testCases.BaseTest.setup(BaseTest.java:46)
	at java.base/jdk.internal.reflect.NativeMethodAccessorImpl.invoke0(Native Method)
	at java.base/jdk.internal.reflect.NativeMethodAccessorImpl.invoke(NativeMethodAccessorImpl.java:62)
	at java.base/jdk.internal.reflect.DelegatingMethodAccessorImpl.invoke(DelegatingMethodAccessorImpl.java:43)
	at java.base/java.lang.reflect.Method.invoke(Method.java:566)
	at org.testng.internal.MethodInvocationHelper.invokeMethod(MethodInvocationHelper.java:104)
	at org.testng.internal.Invoker.invokeConfigurationMethod(Invoker.java:515)
	at org.testng.internal.Invoker.invokeConfigurations(Invoker.java:217)
	at org.testng.internal.Invoker.invokeConfigurations(Invoker.java:144)
	at org.testng.internal.TestMethodWorker.invokeBeforeClassMethods(TestMethodWorker.java:169)
	at org.testng.internal.TestMethodWorker.run(TestMethodWorker.java:108)
	at org.testng.TestRunner.privateRun(TestRunner.java:756)
	at org.testng.TestRunner.run(TestRunner.java:610)
	at org.testng.SuiteRunner.runTest(SuiteRunner.java:387)
	at org.testng.SuiteRunner.runSequentially(SuiteRunner.java:382)
	at org.testng.SuiteRunner.privateRun(SuiteRunner.java:340)
	at org.testng.SuiteRunner.run(SuiteRunner.java:289)
	at org.testng.SuiteRunnerWorker.runSuite(SuiteRunnerWorker.java:52)
	at org.testng.SuiteRunnerWorker.run(SuiteRunnerWorker.java:86)
	at org.testng.TestNG.runSuitesSequentially(TestNG.java:1293)
	at org.testng.TestNG.runSuitesLocally(TestNG.java:1218)
	at org.testng.TestNG.runSuites(TestNG.java:1133)
	at org.testng.TestNG.run(TestNG.java:1104)
	at org.apache.maven.surefire.testng.TestNGExecutor.run(TestNGExecutor.java:284)
	at org.apache.maven.surefire.testng.TestNGXmlTestSuite.execute(TestNGXmlTestSuite.java:75)
	at org.apache.maven.surefire.testng.TestNGProvider.invoke(TestNGProvider.java:119)
	at org.apache.maven.surefire.booter.ForkedBooter.runSuitesInProcess(ForkedBooter.java:428)
	at org.apache.maven.surefire.booter.ForkedBooter.execute(ForkedBooter.java:162)
	at org.apache.maven.surefire.booter.ForkedBooter.run(ForkedBooter.java:562)
	at org.apache.maven.surefire.booter.ForkedBooter.main(ForkedBooter.java:548)
]]>
            </full-stacktrace>
          </exception> <!-- org.openqa.selenium.SessionNotCreatedException -->
          <reporter-output>
          </reporter-output>
        </test-method> <!-- logInDDT -->
        <test-method signature="logInDDT(java.lang.String, java.lang.String)[pri:0, instance:com.BankingV1.testCases.TC_LoginTestDDT@6200f9cb]" started-at="2021-02-06T16:54:14Z" name="logInDDT" data-provider="loginData" finished-at="2021-02-06T16:54:14Z" duration-ms="0" status="SKIP">
          <params>
            <param index="0">
              <value>
                <![CDATA[mngr304231]]>
              </value>
            </param>
            <param index="1">
              <value>
                <![CDATA[ajavUve]]>
              </value>
            </param>
          </params>
          <exception class="org.openqa.selenium.SessionNotCreatedException">
            <message>
              <![CDATA[session not created
from timeout: Timed out receiving message from renderer: 600.000
  (Session info: chrome=88.0.4324.146)
Build info: version: '3.141.59', revision: 'e82be7d358', time: '2018-11-14T08:17:03'
System info: host: 'MSI', ip: '192.168.43.184', os.name: 'Windows 10', os.arch: 'amd64', os.version: '10.0', java.version: '11.0.10'
Driver info: driver.version: ChromeDriver
remote stacktrace: Backtrace:
	Ordinal0 [0x0074C0C3+3326147]
	Ordinal0 [0x00630851+2164817]
	Ordinal0 [0x004B7298+619160]
	Ordinal0 [0x004AB17F+569727]
	Ordinal0 [0x004AA421+566305]
	Ordinal0 [0x004AA815+567317]
	Ordinal0 [0x004AA135+565557]
	Ordinal0 [0x004B38B1+604337]
	Ordinal0 [0x004AA0F1+565489]
	Ordinal0 [0x004AAEA2+568994]
	Ordinal0 [0x004AA421+566305]
	Ordinal0 [0x004AA815+567317]
	Ordinal0 [0x004AA135+565557]
	Ordinal0 [0x004B1D2C+597292]
	Ordinal0 [0x004AA0F1+565489]
	Ordinal0 [0x004AAEA2+568994]
	Ordinal0 [0x004AA421+566305]
	Ordinal0 [0x004AA815+567317]
	Ordinal0 [0x004AA135+565557]
	Ordinal0 [0x004AFE62+589410]
	Ordinal0 [0x004AA0F1+565489]
	Ordinal0 [0x004AAEA2+568994]
	Ordinal0 [0x004AA421+566305]
	Ordinal0 [0x004AA815+567317]
	Ordinal0 [0x004AA135+565557]
	Ordinal0 [0x004AF075+585845]
	Ordinal0 [0x004AA0F1+565489]
	Ordinal0 [0x004AAEA2+568994]
	Ordinal0 [0x004AA421+566305]
	Ordinal0 [0x004AA815+567317]
	Ordinal0 [0x004AA135+565557]
	Ordinal0 [0x004A6776+550774]
	Ordinal0 [0x004AA0F1+565489]
	Ordinal0 [0x004A9F13+565011]
	Ordinal0 [0x004A9D07+564487]
	Ordinal0 [0x004B82C0+623296]
	Ordinal0 [0x00456BDD+224221]
	Ordinal0 [0x00455CAC+220332]
	Ordinal0 [0x0045189B+202907]
	Ordinal0 [0x00433DF4+81396]
	Ordinal0 [0x00434DEE+85486]
	Ordinal0 [0x00434D79+85369]
	Ordinal0 [0x006485DC+2262492]
	GetHandleVerifier [0x008D2874+1487204]
	GetHandleVerifier [0x008D23CD+1486013]
	GetHandleVerifier [0x008DA368+1518680]
	GetHandleVerifier [0x008D2F4E+1488958]
	Ordinal0 [0x0063ED0D+2223373]
	Ordinal0 [0x0064A12B+2269483]
	Ordinal0 [0x0064A26F+2269807]
	Ordinal0 [0x0065ECB8+2354360]
	BaseThreadInitThunk [0x77036359+25]
	RtlGetAppContainerNamedObjectPath [0x77B78944+228]
	RtlGetAppContainerNamedObjectPath [0x77B78914+180]
]]>
            </message>
            <full-stacktrace>
              <![CDATA[org.openqa.selenium.SessionNotCreatedException: session not created
from timeout: Timed out receiving message from renderer: 600.000
  (Session info: chrome=88.0.4324.146)
Build info: version: '3.141.59', revision: 'e82be7d358', time: '2018-11-14T08:17:03'
System info: host: 'MSI', ip: '192.168.43.184', os.name: 'Windows 10', os.arch: 'amd64', os.version: '10.0', java.version: '11.0.10'
Driver info: driver.version: ChromeDriver
remote stacktrace: Backtrace:
	Ordinal0 [0x0074C0C3+3326147]
	Ordinal0 [0x00630851+2164817]
	Ordinal0 [0x004B7298+619160]
	Ordinal0 [0x004AB17F+569727]
	Ordinal0 [0x004AA421+566305]
	Ordinal0 [0x004AA815+567317]
	Ordinal0 [0x004AA135+565557]
	Ordinal0 [0x004B38B1+604337]
	Ordinal0 [0x004AA0F1+565489]
	Ordinal0 [0x004AAEA2+568994]
	Ordinal0 [0x004AA421+566305]
	Ordinal0 [0x004AA815+567317]
	Ordinal0 [0x004AA135+565557]
	Ordinal0 [0x004B1D2C+597292]
	Ordinal0 [0x004AA0F1+565489]
	Ordinal0 [0x004AAEA2+568994]
	Ordinal0 [0x004AA421+566305]
	Ordinal0 [0x004AA815+567317]
	Ordinal0 [0x004AA135+565557]
	Ordinal0 [0x004AFE62+589410]
	Ordinal0 [0x004AA0F1+565489]
	Ordinal0 [0x004AAEA2+568994]
	Ordinal0 [0x004AA421+566305]
	Ordinal0 [0x004AA815+567317]
	Ordinal0 [0x004AA135+565557]
	Ordinal0 [0x004AF075+585845]
	Ordinal0 [0x004AA0F1+565489]
	Ordinal0 [0x004AAEA2+568994]
	Ordinal0 [0x004AA421+566305]
	Ordinal0 [0x004AA815+567317]
	Ordinal0 [0x004AA135+565557]
	Ordinal0 [0x004A6776+550774]
	Ordinal0 [0x004AA0F1+565489]
	Ordinal0 [0x004A9F13+565011]
	Ordinal0 [0x004A9D07+564487]
	Ordinal0 [0x004B82C0+623296]
	Ordinal0 [0x00456BDD+224221]
	Ordinal0 [0x00455CAC+220332]
	Ordinal0 [0x0045189B+202907]
	Ordinal0 [0x00433DF4+81396]
	Ordinal0 [0x00434DEE+85486]
	Ordinal0 [0x00434D79+85369]
	Ordinal0 [0x006485DC+2262492]
	GetHandleVerifier [0x008D2874+1487204]
	GetHandleVerifier [0x008D23CD+1486013]
	GetHandleVerifier [0x008DA368+1518680]
	GetHandleVerifier [0x008D2F4E+1488958]
	Ordinal0 [0x0063ED0D+2223373]
	Ordinal0 [0x0064A12B+2269483]
	Ordinal0 [0x0064A26F+2269807]
	Ordinal0 [0x0065ECB8+2354360]
	BaseThreadInitThunk [0x77036359+25]
	RtlGetAppContainerNamedObjectPath [0x77B78944+228]
	RtlGetAppContainerNamedObjectPath [0x77B78914+180]

	at java.base/jdk.internal.reflect.NativeConstructorAccessorImpl.newInstance0(Native Method)
	at java.base/jdk.internal.reflect.NativeConstructorAccessorImpl.newInstance(NativeConstructorAccessorImpl.java:62)
	at java.base/jdk.internal.reflect.DelegatingConstructorAccessorImpl.newInstance(DelegatingConstructorAccessorImpl.java:45)
	at java.base/java.lang.reflect.Constructor.newInstance(Constructor.java:490)
	at org.openqa.selenium.remote.W3CHandshakeResponse.lambda$errorHandler$0(W3CHandshakeResponse.java:62)
	at org.openqa.selenium.remote.HandshakeResponse.lambda$getResponseFunction$0(HandshakeResponse.java:30)
	at org.openqa.selenium.remote.ProtocolHandshake.lambda$createSession$0(ProtocolHandshake.java:126)
	at java.base/java.util.stream.ReferencePipeline$3$1.accept(ReferencePipeline.java:195)
	at java.base/java.util.Spliterators$ArraySpliterator.tryAdvance(Spliterators.java:958)
	at java.base/java.util.stream.ReferencePipeline.forEachWithCancel(ReferencePipeline.java:127)
	at java.base/java.util.stream.AbstractPipeline.copyIntoWithCancel(AbstractPipeline.java:502)
	at java.base/java.util.stream.AbstractPipeline.copyInto(AbstractPipeline.java:488)
	at java.base/java.util.stream.AbstractPipeline.wrapAndCopyInto(AbstractPipeline.java:474)
	at java.base/java.util.stream.FindOps$FindOp.evaluateSequential(FindOps.java:150)
	at java.base/java.util.stream.AbstractPipeline.evaluate(AbstractPipeline.java:234)
	at java.base/java.util.stream.ReferencePipeline.findFirst(ReferencePipeline.java:543)
	at org.openqa.selenium.remote.ProtocolHandshake.createSession(ProtocolHandshake.java:128)
	at org.openqa.selenium.remote.ProtocolHandshake.createSession(ProtocolHandshake.java:74)
	at org.openqa.selenium.remote.HttpCommandExecutor.execute(HttpCommandExecutor.java:136)
	at org.openqa.selenium.remote.service.DriverCommandExecutor.execute(DriverCommandExecutor.java:83)
	at org.openqa.selenium.remote.RemoteWebDriver.execute(RemoteWebDriver.java:552)
	at org.openqa.selenium.remote.RemoteWebDriver.startSession(RemoteWebDriver.java:213)
	at org.openqa.selenium.remote.RemoteWebDriver.<init>(RemoteWebDriver.java:131)
	at org.openqa.selenium.chrome.ChromeDriver.<init>(ChromeDriver.java:181)
	at org.openqa.selenium.chrome.ChromeDriver.<init>(ChromeDriver.java:168)
	at org.openqa.selenium.chrome.ChromeDriver.<init>(ChromeDriver.java:123)
	at com.BankingV1.testCases.BaseTest.setup(BaseTest.java:46)
	at java.base/jdk.internal.reflect.NativeMethodAccessorImpl.invoke0(Native Method)
	at java.base/jdk.internal.reflect.NativeMethodAccessorImpl.invoke(NativeMethodAccessorImpl.java:62)
	at java.base/jdk.internal.reflect.DelegatingMethodAccessorImpl.invoke(DelegatingMethodAccessorImpl.java:43)
	at java.base/java.lang.reflect.Method.invoke(Method.java:566)
	at org.testng.internal.MethodInvocationHelper.invokeMethod(MethodInvocationHelper.java:104)
	at org.testng.internal.Invoker.invokeConfigurationMethod(Invoker.java:515)
	at org.testng.internal.Invoker.invokeConfigurations(Invoker.java:217)
	at org.testng.internal.Invoker.invokeConfigurations(Invoker.java:144)
	at org.testng.internal.TestMethodWorker.invokeBeforeClassMethods(TestMethodWorker.java:169)
	at org.testng.internal.TestMethodWorker.run(TestMethodWorker.java:108)
	at org.testng.TestRunner.privateRun(TestRunner.java:756)
	at org.testng.TestRunner.run(TestRunner.java:610)
	at org.testng.SuiteRunner.runTest(SuiteRunner.java:387)
	at org.testng.SuiteRunner.runSequentially(SuiteRunner.java:382)
	at org.testng.SuiteRunner.privateRun(SuiteRunner.java:340)
	at org.testng.SuiteRunner.run(SuiteRunner.java:289)
	at org.testng.SuiteRunnerWorker.runSuite(SuiteRunnerWorker.java:52)
	at org.testng.SuiteRunnerWorker.run(SuiteRunnerWorker.java:86)
	at org.testng.TestNG.runSuitesSequentially(TestNG.java:1293)
	at org.testng.TestNG.runSuitesLocally(TestNG.java:1218)
	at org.testng.TestNG.runSuites(TestNG.java:1133)
	at org.testng.TestNG.run(TestNG.java:1104)
	at org.apache.maven.surefire.testng.TestNGExecutor.run(TestNGExecutor.java:284)
	at org.apache.maven.surefire.testng.TestNGXmlTestSuite.execute(TestNGXmlTestSuite.java:75)
	at org.apache.maven.surefire.testng.TestNGProvider.invoke(TestNGProvider.java:119)
	at org.apache.maven.surefire.booter.ForkedBooter.runSuitesInProcess(ForkedBooter.java:428)
	at org.apache.maven.surefire.booter.ForkedBooter.execute(ForkedBooter.java:162)
	at org.apache.maven.surefire.booter.ForkedBooter.run(ForkedBooter.java:562)
	at org.apache.maven.surefire.booter.ForkedBooter.main(ForkedBooter.java:548)
]]>
            </full-stacktrace>
          </exception> <!-- org.openqa.selenium.SessionNotCreatedException -->
          <reporter-output>
          </reporter-output>
        </test-method> <!-- logInDDT -->
        <test-method signature="logInDDT(java.lang.String, java.lang.String)[pri:0, instance:com.BankingV1.testCases.TC_LoginTestDDT@6200f9cb]" started-at="2021-02-06T16:54:14Z" name="logInDDT" data-provider="loginData" finished-at="2021-02-06T16:54:14Z" duration-ms="0" status="SKIP">
          <params>
            <param index="0">
              <value>
                <![CDATA[mngr304231]]>
              </value>
            </param>
            <param index="1">
              <value>
                <![CDATA[ajavUvew]]>
              </value>
            </param>
          </params>
          <exception class="org.openqa.selenium.SessionNotCreatedException">
            <message>
              <![CDATA[session not created
from timeout: Timed out receiving message from renderer: 600.000
  (Session info: chrome=88.0.4324.146)
Build info: version: '3.141.59', revision: 'e82be7d358', time: '2018-11-14T08:17:03'
System info: host: 'MSI', ip: '192.168.43.184', os.name: 'Windows 10', os.arch: 'amd64', os.version: '10.0', java.version: '11.0.10'
Driver info: driver.version: ChromeDriver
remote stacktrace: Backtrace:
	Ordinal0 [0x0074C0C3+3326147]
	Ordinal0 [0x00630851+2164817]
	Ordinal0 [0x004B7298+619160]
	Ordinal0 [0x004AB17F+569727]
	Ordinal0 [0x004AA421+566305]
	Ordinal0 [0x004AA815+567317]
	Ordinal0 [0x004AA135+565557]
	Ordinal0 [0x004B38B1+604337]
	Ordinal0 [0x004AA0F1+565489]
	Ordinal0 [0x004AAEA2+568994]
	Ordinal0 [0x004AA421+566305]
	Ordinal0 [0x004AA815+567317]
	Ordinal0 [0x004AA135+565557]
	Ordinal0 [0x004B1D2C+597292]
	Ordinal0 [0x004AA0F1+565489]
	Ordinal0 [0x004AAEA2+568994]
	Ordinal0 [0x004AA421+566305]
	Ordinal0 [0x004AA815+567317]
	Ordinal0 [0x004AA135+565557]
	Ordinal0 [0x004AFE62+589410]
	Ordinal0 [0x004AA0F1+565489]
	Ordinal0 [0x004AAEA2+568994]
	Ordinal0 [0x004AA421+566305]
	Ordinal0 [0x004AA815+567317]
	Ordinal0 [0x004AA135+565557]
	Ordinal0 [0x004AF075+585845]
	Ordinal0 [0x004AA0F1+565489]
	Ordinal0 [0x004AAEA2+568994]
	Ordinal0 [0x004AA421+566305]
	Ordinal0 [0x004AA815+567317]
	Ordinal0 [0x004AA135+565557]
	Ordinal0 [0x004A6776+550774]
	Ordinal0 [0x004AA0F1+565489]
	Ordinal0 [0x004A9F13+565011]
	Ordinal0 [0x004A9D07+564487]
	Ordinal0 [0x004B82C0+623296]
	Ordinal0 [0x00456BDD+224221]
	Ordinal0 [0x00455CAC+220332]
	Ordinal0 [0x0045189B+202907]
	Ordinal0 [0x00433DF4+81396]
	Ordinal0 [0x00434DEE+85486]
	Ordinal0 [0x00434D79+85369]
	Ordinal0 [0x006485DC+2262492]
	GetHandleVerifier [0x008D2874+1487204]
	GetHandleVerifier [0x008D23CD+1486013]
	GetHandleVerifier [0x008DA368+1518680]
	GetHandleVerifier [0x008D2F4E+1488958]
	Ordinal0 [0x0063ED0D+2223373]
	Ordinal0 [0x0064A12B+2269483]
	Ordinal0 [0x0064A26F+2269807]
	Ordinal0 [0x0065ECB8+2354360]
	BaseThreadInitThunk [0x77036359+25]
	RtlGetAppContainerNamedObjectPath [0x77B78944+228]
	RtlGetAppContainerNamedObjectPath [0x77B78914+180]
]]>
            </message>
            <full-stacktrace>
              <![CDATA[org.openqa.selenium.SessionNotCreatedException: session not created
from timeout: Timed out receiving message from renderer: 600.000
  (Session info: chrome=88.0.4324.146)
Build info: version: '3.141.59', revision: 'e82be7d358', time: '2018-11-14T08:17:03'
System info: host: 'MSI', ip: '192.168.43.184', os.name: 'Windows 10', os.arch: 'amd64', os.version: '10.0', java.version: '11.0.10'
Driver info: driver.version: ChromeDriver
remote stacktrace: Backtrace:
	Ordinal0 [0x0074C0C3+3326147]
	Ordinal0 [0x00630851+2164817]
	Ordinal0 [0x004B7298+619160]
	Ordinal0 [0x004AB17F+569727]
	Ordinal0 [0x004AA421+566305]
	Ordinal0 [0x004AA815+567317]
	Ordinal0 [0x004AA135+565557]
	Ordinal0 [0x004B38B1+604337]
	Ordinal0 [0x004AA0F1+565489]
	Ordinal0 [0x004AAEA2+568994]
	Ordinal0 [0x004AA421+566305]
	Ordinal0 [0x004AA815+567317]
	Ordinal0 [0x004AA135+565557]
	Ordinal0 [0x004B1D2C+597292]
	Ordinal0 [0x004AA0F1+565489]
	Ordinal0 [0x004AAEA2+568994]
	Ordinal0 [0x004AA421+566305]
	Ordinal0 [0x004AA815+567317]
	Ordinal0 [0x004AA135+565557]
	Ordinal0 [0x004AFE62+589410]
	Ordinal0 [0x004AA0F1+565489]
	Ordinal0 [0x004AAEA2+568994]
	Ordinal0 [0x004AA421+566305]
	Ordinal0 [0x004AA815+567317]
	Ordinal0 [0x004AA135+565557]
	Ordinal0 [0x004AF075+585845]
	Ordinal0 [0x004AA0F1+565489]
	Ordinal0 [0x004AAEA2+568994]
	Ordinal0 [0x004AA421+566305]
	Ordinal0 [0x004AA815+567317]
	Ordinal0 [0x004AA135+565557]
	Ordinal0 [0x004A6776+550774]
	Ordinal0 [0x004AA0F1+565489]
	Ordinal0 [0x004A9F13+565011]
	Ordinal0 [0x004A9D07+564487]
	Ordinal0 [0x004B82C0+623296]
	Ordinal0 [0x00456BDD+224221]
	Ordinal0 [0x00455CAC+220332]
	Ordinal0 [0x0045189B+202907]
	Ordinal0 [0x00433DF4+81396]
	Ordinal0 [0x00434DEE+85486]
	Ordinal0 [0x00434D79+85369]
	Ordinal0 [0x006485DC+2262492]
	GetHandleVerifier [0x008D2874+1487204]
	GetHandleVerifier [0x008D23CD+1486013]
	GetHandleVerifier [0x008DA368+1518680]
	GetHandleVerifier [0x008D2F4E+1488958]
	Ordinal0 [0x0063ED0D+2223373]
	Ordinal0 [0x0064A12B+2269483]
	Ordinal0 [0x0064A26F+2269807]
	Ordinal0 [0x0065ECB8+2354360]
	BaseThreadInitThunk [0x77036359+25]
	RtlGetAppContainerNamedObjectPath [0x77B78944+228]
	RtlGetAppContainerNamedObjectPath [0x77B78914+180]

	at java.base/jdk.internal.reflect.NativeConstructorAccessorImpl.newInstance0(Native Method)
	at java.base/jdk.internal.reflect.NativeConstructorAccessorImpl.newInstance(NativeConstructorAccessorImpl.java:62)
	at java.base/jdk.internal.reflect.DelegatingConstructorAccessorImpl.newInstance(DelegatingConstructorAccessorImpl.java:45)
	at java.base/java.lang.reflect.Constructor.newInstance(Constructor.java:490)
	at org.openqa.selenium.remote.W3CHandshakeResponse.lambda$errorHandler$0(W3CHandshakeResponse.java:62)
	at org.openqa.selenium.remote.HandshakeResponse.lambda$getResponseFunction$0(HandshakeResponse.java:30)
	at org.openqa.selenium.remote.ProtocolHandshake.lambda$createSession$0(ProtocolHandshake.java:126)
	at java.base/java.util.stream.ReferencePipeline$3$1.accept(ReferencePipeline.java:195)
	at java.base/java.util.Spliterators$ArraySpliterator.tryAdvance(Spliterators.java:958)
	at java.base/java.util.stream.ReferencePipeline.forEachWithCancel(ReferencePipeline.java:127)
	at java.base/java.util.stream.AbstractPipeline.copyIntoWithCancel(AbstractPipeline.java:502)
	at java.base/java.util.stream.AbstractPipeline.copyInto(AbstractPipeline.java:488)
	at java.base/java.util.stream.AbstractPipeline.wrapAndCopyInto(AbstractPipeline.java:474)
	at java.base/java.util.stream.FindOps$FindOp.evaluateSequential(FindOps.java:150)
	at java.base/java.util.stream.AbstractPipeline.evaluate(AbstractPipeline.java:234)
	at java.base/java.util.stream.ReferencePipeline.findFirst(ReferencePipeline.java:543)
	at org.openqa.selenium.remote.ProtocolHandshake.createSession(ProtocolHandshake.java:128)
	at org.openqa.selenium.remote.ProtocolHandshake.createSession(ProtocolHandshake.java:74)
	at org.openqa.selenium.remote.HttpCommandExecutor.execute(HttpCommandExecutor.java:136)
	at org.openqa.selenium.remote.service.DriverCommandExecutor.execute(DriverCommandExecutor.java:83)
	at org.openqa.selenium.remote.RemoteWebDriver.execute(RemoteWebDriver.java:552)
	at org.openqa.selenium.remote.RemoteWebDriver.startSession(RemoteWebDriver.java:213)
	at org.openqa.selenium.remote.RemoteWebDriver.<init>(RemoteWebDriver.java:131)
	at org.openqa.selenium.chrome.ChromeDriver.<init>(ChromeDriver.java:181)
	at org.openqa.selenium.chrome.ChromeDriver.<init>(ChromeDriver.java:168)
	at org.openqa.selenium.chrome.ChromeDriver.<init>(ChromeDriver.java:123)
	at com.BankingV1.testCases.BaseTest.setup(BaseTest.java:46)
	at java.base/jdk.internal.reflect.NativeMethodAccessorImpl.invoke0(Native Method)
	at java.base/jdk.internal.reflect.NativeMethodAccessorImpl.invoke(NativeMethodAccessorImpl.java:62)
	at java.base/jdk.internal.reflect.DelegatingMethodAccessorImpl.invoke(DelegatingMethodAccessorImpl.java:43)
	at java.base/java.lang.reflect.Method.invoke(Method.java:566)
	at org.testng.internal.MethodInvocationHelper.invokeMethod(MethodInvocationHelper.java:104)
	at org.testng.internal.Invoker.invokeConfigurationMethod(Invoker.java:515)
	at org.testng.internal.Invoker.invokeConfigurations(Invoker.java:217)
	at org.testng.internal.Invoker.invokeConfigurations(Invoker.java:144)
	at org.testng.internal.TestMethodWorker.invokeBeforeClassMethods(TestMethodWorker.java:169)
	at org.testng.internal.TestMethodWorker.run(TestMethodWorker.java:108)
	at org.testng.TestRunner.privateRun(TestRunner.java:756)
	at org.testng.TestRunner.run(TestRunner.java:610)
	at org.testng.SuiteRunner.runTest(SuiteRunner.java:387)
	at org.testng.SuiteRunner.runSequentially(SuiteRunner.java:382)
	at org.testng.SuiteRunner.privateRun(SuiteRunner.java:340)
	at org.testng.SuiteRunner.run(SuiteRunner.java:289)
	at org.testng.SuiteRunnerWorker.runSuite(SuiteRunnerWorker.java:52)
	at org.testng.SuiteRunnerWorker.run(SuiteRunnerWorker.java:86)
	at org.testng.TestNG.runSuitesSequentially(TestNG.java:1293)
	at org.testng.TestNG.runSuitesLocally(TestNG.java:1218)
	at org.testng.TestNG.runSuites(TestNG.java:1133)
	at org.testng.TestNG.run(TestNG.java:1104)
	at org.apache.maven.surefire.testng.TestNGExecutor.run(TestNGExecutor.java:284)
	at org.apache.maven.surefire.testng.TestNGXmlTestSuite.execute(TestNGXmlTestSuite.java:75)
	at org.apache.maven.surefire.testng.TestNGProvider.invoke(TestNGProvider.java:119)
	at org.apache.maven.surefire.booter.ForkedBooter.runSuitesInProcess(ForkedBooter.java:428)
	at org.apache.maven.surefire.booter.ForkedBooter.execute(ForkedBooter.java:162)
	at org.apache.maven.surefire.booter.ForkedBooter.run(ForkedBooter.java:562)
	at org.apache.maven.surefire.booter.ForkedBooter.main(ForkedBooter.java:548)
]]>
            </full-stacktrace>
          </exception> <!-- org.openqa.selenium.SessionNotCreatedException -->
          <reporter-output>
          </reporter-output>
        </test-method> <!-- logInDDT -->
        <test-method is-config="true" signature="teardown()[pri:0, instance:com.BankingV1.testCases.TC_LoginTestDDT@6200f9cb]" started-at="2021-02-06T16:54:14Z" name="teardown" finished-at="2021-02-06T16:54:14Z" duration-ms="0" status="SKIP">
          <reporter-output>
          </reporter-output>
        </test-method> <!-- teardown -->
      </class> <!-- com.BankingV1.testCases.TC_LoginTestDDT -->
    </test> <!-- BankingApp Test -->
  </suite> <!-- BankingV1 -->
</testng-results>
