<?xml version="1.0" encoding="UTF-8"?>
<testsuite xmlns:xsi="http://www.w3.org/2001/XMLSchema-instance" xsi:noNamespaceSchemaLocation="https://maven.apache.org/surefire/maven-surefire-plugin/xsd/surefire-test-report-3.0.xsd" version="3.0" name="TestSuite" time="606.045" tests="12" errors="0" skipped="11" failures="1">
  <properties>
    <property name="sun.desktop" value="windows"/>
    <property name="awt.toolkit" value="sun.awt.windows.WToolkit"/>
    <property name="java.specification.version" value="11"/>
    <property name="webdriver.chrome.driver" value="./Drivers\chromedriver.exe"/>
    <property name="sun.cpu.isalist" value="amd64"/>
    <property name="sun.jnu.encoding" value="Cp1252"/>
    <property name="java.class.path" value="C:\Users\Nithin Rao\eclipse-workspace\com.BankingV1\target\test-classes;C:\Users\Nithin Rao\eclipse-workspace\com.BankingV1\target\classes;C:\Windows\system32\config\systemprofile\.m2\repository\junit\junit\4.11\junit-4.11.jar;C:\Windows\system32\config\systemprofile\.m2\repository\org\hamcrest\hamcrest-core\1.3\hamcrest-core-1.3.jar;C:\Windows\system32\config\systemprofile\.m2\repository\org\seleniumhq\selenium\selenium-java\3.141.59\selenium-java-3.141.59.jar;C:\Windows\system32\config\systemprofile\.m2\repository\org\seleniumhq\selenium\selenium-api\3.141.59\selenium-api-3.141.59.jar;C:\Windows\system32\config\systemprofile\.m2\repository\org\seleniumhq\selenium\selenium-chrome-driver\3.141.59\selenium-chrome-driver-3.141.59.jar;C:\Windows\system32\config\systemprofile\.m2\repository\org\seleniumhq\selenium\selenium-edge-driver\3.141.59\selenium-edge-driver-3.141.59.jar;C:\Windows\system32\config\systemprofile\.m2\repository\org\seleniumhq\selenium\selenium-firefox-driver\3.141.59\selenium-firefox-driver-3.141.59.jar;C:\Windows\system32\config\systemprofile\.m2\repository\org\seleniumhq\selenium\selenium-ie-driver\3.141.59\selenium-ie-driver-3.141.59.jar;C:\Windows\system32\config\systemprofile\.m2\repository\org\seleniumhq\selenium\selenium-opera-driver\3.141.59\selenium-opera-driver-3.141.59.jar;C:\Windows\system32\config\systemprofile\.m2\repository\org\seleniumhq\selenium\selenium-remote-driver\3.141.59\selenium-remote-driver-3.141.59.jar;C:\Windows\system32\config\systemprofile\.m2\repository\org\seleniumhq\selenium\selenium-safari-driver\3.141.59\selenium-safari-driver-3.141.59.jar;C:\Windows\system32\config\systemprofile\.m2\repository\org\seleniumhq\selenium\selenium-support\3.141.59\selenium-support-3.141.59.jar;C:\Windows\system32\config\systemprofile\.m2\repository\net\bytebuddy\byte-buddy\1.8.15\byte-buddy-1.8.15.jar;C:\Windows\system32\config\systemprofile\.m2\repository\org\apache\commons\commons-exec\1.3\commons-exec-1.3.jar;C:\Windows\system32\config\systemprofile\.m2\repository\com\google\guava\guava\25.0-jre\guava-25.0-jre.jar;C:\Windows\system32\config\systemprofile\.m2\repository\com\google\code\findbugs\jsr305\1.3.9\jsr305-1.3.9.jar;C:\Windows\system32\config\systemprofile\.m2\repository\org\checkerframework\checker-compat-qual\2.0.0\checker-compat-qual-2.0.0.jar;C:\Windows\system32\config\systemprofile\.m2\repository\com\google\errorprone\error_prone_annotations\2.1.3\error_prone_annotations-2.1.3.jar;C:\Windows\system32\config\systemprofile\.m2\repository\com\google\j2objc\j2objc-annotations\1.1\j2objc-annotations-1.1.jar;C:\Windows\system32\config\systemprofile\.m2\repository\org\codehaus\mojo\animal-sniffer-annotations\1.14\animal-sniffer-annotations-1.14.jar;C:\Windows\system32\config\systemprofile\.m2\repository\com\squareup\okhttp3\okhttp\3.11.0\okhttp-3.11.0.jar;C:\Windows\system32\config\systemprofile\.m2\repository\com\squareup\okio\okio\1.14.0\okio-1.14.0.jar;C:\Windows\system32\config\systemprofile\.m2\repository\org\apache\poi\poi\4.1.2\poi-4.1.2.jar;C:\Windows\system32\config\systemprofile\.m2\repository\commons-codec\commons-codec\1.13\commons-codec-1.13.jar;C:\Windows\system32\config\systemprofile\.m2\repository\org\apache\commons\commons-collections4\4.4\commons-collections4-4.4.jar;C:\Windows\system32\config\systemprofile\.m2\repository\org\apache\commons\commons-math3\3.6.1\commons-math3-3.6.1.jar;C:\Windows\system32\config\systemprofile\.m2\repository\com\zaxxer\SparseBitSet\1.2\SparseBitSet-1.2.jar;C:\Windows\system32\config\systemprofile\.m2\repository\org\apache\poi\poi-ooxml\4.1.2\poi-ooxml-4.1.2.jar;C:\Windows\system32\config\systemprofile\.m2\repository\org\apache\poi\poi-ooxml-schemas\4.1.2\poi-ooxml-schemas-4.1.2.jar;C:\Windows\system32\config\systemprofile\.m2\repository\org\apache\xmlbeans\xmlbeans\3.1.0\xmlbeans-3.1.0.jar;C:\Windows\system32\config\systemprofile\.m2\repository\org\apache\commons\commons-compress\1.19\commons-compress-1.19.jar;C:\Windows\system32\config\systemprofile\.m2\repository\com\github\virtuald\curvesapi\1.06\curvesapi-1.06.jar;C:\Windows\system32\config\systemprofile\.m2\repository\com\aventstack\extentreports\5.0.6\extentreports-5.0.6.jar;C:\Windows\system32\config\systemprofile\.m2\repository\io\reactivex\rxjava3\rxjava\3.0.4\rxjava-3.0.4.jar;C:\Windows\system32\config\systemprofile\.m2\repository\org\reactivestreams\reactive-streams\1.0.3\reactive-streams-1.0.3.jar;C:\Windows\system32\config\systemprofile\.m2\repository\org\freemarker\freemarker\2.3.30\freemarker-2.3.30.jar;C:\Windows\system32\config\systemprofile\.m2\repository\org\projectlombok\lombok\1.18.12\lombok-1.18.12.jar;C:\Windows\system32\config\systemprofile\.m2\repository\com\google\code\gson\gson\2.8.6\gson-2.8.6.jar;C:\Windows\system32\config\systemprofile\.m2\repository\commons-io\commons-io\2.8.0\commons-io-2.8.0.jar;C:\Windows\system32\config\systemprofile\.m2\repository\org\apache\commons\commons-lang3\3.11\commons-lang3-3.11.jar;C:\Windows\system32\config\systemprofile\.m2\repository\org\testng\testng\6.10\testng-6.10.jar;C:\Windows\system32\config\systemprofile\.m2\repository\com\beust\jcommander\1.48\jcommander-1.48.jar;C:\Windows\system32\config\systemprofile\.m2\repository\log4j\log4j\1.2.17\log4j-1.2.17.jar;"/>
    <property name="java.vm.vendor" value="Oracle Corporation"/>
    <property name="sun.arch.data.model" value="64"/>
    <property name="user.variant" value=""/>
    <property name="java.vendor.url" value="https://openjdk.java.net/"/>
    <property name="user.timezone" value="Asia/Calcutta"/>
    <property name="java.vm.specification.version" value="11"/>
    <property name="os.name" value="Windows 10"/>
    <property name="sun.java.launcher" value="SUN_STANDARD"/>
    <property name="user.country" value="IN"/>
    <property name="sun.boot.library.path" value="C:\Program Files\Java\jdk-11.0.10\bin"/>
    <property name="sun.java.command" value="C:\Windows\Temp\surefire5302703202937368526\surefirebooter5751598153697692132.jar C:\Windows\Temp\surefire5302703202937368526 2021-02-06T16-44-08_034-jvmRun1 surefire1252195599655692680tmp surefire_04985047946628114161tmp"/>
    <property name="jdk.debug" value="release"/>
    <property name="surefire.test.class.path" value="C:\Users\Nithin Rao\eclipse-workspace\com.BankingV1\target\test-classes;C:\Users\Nithin Rao\eclipse-workspace\com.BankingV1\target\classes;C:\Windows\system32\config\systemprofile\.m2\repository\junit\junit\4.11\junit-4.11.jar;C:\Windows\system32\config\systemprofile\.m2\repository\org\hamcrest\hamcrest-core\1.3\hamcrest-core-1.3.jar;C:\Windows\system32\config\systemprofile\.m2\repository\org\seleniumhq\selenium\selenium-java\3.141.59\selenium-java-3.141.59.jar;C:\Windows\system32\config\systemprofile\.m2\repository\org\seleniumhq\selenium\selenium-api\3.141.59\selenium-api-3.141.59.jar;C:\Windows\system32\config\systemprofile\.m2\repository\org\seleniumhq\selenium\selenium-chrome-driver\3.141.59\selenium-chrome-driver-3.141.59.jar;C:\Windows\system32\config\systemprofile\.m2\repository\org\seleniumhq\selenium\selenium-edge-driver\3.141.59\selenium-edge-driver-3.141.59.jar;C:\Windows\system32\config\systemprofile\.m2\repository\org\seleniumhq\selenium\selenium-firefox-driver\3.141.59\selenium-firefox-driver-3.141.59.jar;C:\Windows\system32\config\systemprofile\.m2\repository\org\seleniumhq\selenium\selenium-ie-driver\3.141.59\selenium-ie-driver-3.141.59.jar;C:\Windows\system32\config\systemprofile\.m2\repository\org\seleniumhq\selenium\selenium-opera-driver\3.141.59\selenium-opera-driver-3.141.59.jar;C:\Windows\system32\config\systemprofile\.m2\repository\org\seleniumhq\selenium\selenium-remote-driver\3.141.59\selenium-remote-driver-3.141.59.jar;C:\Windows\system32\config\systemprofile\.m2\repository\org\seleniumhq\selenium\selenium-safari-driver\3.141.59\selenium-safari-driver-3.141.59.jar;C:\Windows\system32\config\systemprofile\.m2\repository\org\seleniumhq\selenium\selenium-support\3.141.59\selenium-support-3.141.59.jar;C:\Windows\system32\config\systemprofile\.m2\repository\net\bytebuddy\byte-buddy\1.8.15\byte-buddy-1.8.15.jar;C:\Windows\system32\config\systemprofile\.m2\repository\org\apache\commons\commons-exec\1.3\commons-exec-1.3.jar;C:\Windows\system32\config\systemprofile\.m2\repository\com\google\guava\guava\25.0-jre\guava-25.0-jre.jar;C:\Windows\system32\config\systemprofile\.m2\repository\com\google\code\findbugs\jsr305\1.3.9\jsr305-1.3.9.jar;C:\Windows\system32\config\systemprofile\.m2\repository\org\checkerframework\checker-compat-qual\2.0.0\checker-compat-qual-2.0.0.jar;C:\Windows\system32\config\systemprofile\.m2\repository\com\google\errorprone\error_prone_annotations\2.1.3\error_prone_annotations-2.1.3.jar;C:\Windows\system32\config\systemprofile\.m2\repository\com\google\j2objc\j2objc-annotations\1.1\j2objc-annotations-1.1.jar;C:\Windows\system32\config\systemprofile\.m2\repository\org\codehaus\mojo\animal-sniffer-annotations\1.14\animal-sniffer-annotations-1.14.jar;C:\Windows\system32\config\systemprofile\.m2\repository\com\squareup\okhttp3\okhttp\3.11.0\okhttp-3.11.0.jar;C:\Windows\system32\config\systemprofile\.m2\repository\com\squareup\okio\okio\1.14.0\okio-1.14.0.jar;C:\Windows\system32\config\systemprofile\.m2\repository\org\apache\poi\poi\4.1.2\poi-4.1.2.jar;C:\Windows\system32\config\systemprofile\.m2\repository\commons-codec\commons-codec\1.13\commons-codec-1.13.jar;C:\Windows\system32\config\systemprofile\.m2\repository\org\apache\commons\commons-collections4\4.4\commons-collections4-4.4.jar;C:\Windows\system32\config\systemprofile\.m2\repository\org\apache\commons\commons-math3\3.6.1\commons-math3-3.6.1.jar;C:\Windows\system32\config\systemprofile\.m2\repository\com\zaxxer\SparseBitSet\1.2\SparseBitSet-1.2.jar;C:\Windows\system32\config\systemprofile\.m2\repository\org\apache\poi\poi-ooxml\4.1.2\poi-ooxml-4.1.2.jar;C:\Windows\system32\config\systemprofile\.m2\repository\org\apache\poi\poi-ooxml-schemas\4.1.2\poi-ooxml-schemas-4.1.2.jar;C:\Windows\system32\config\systemprofile\.m2\repository\org\apache\xmlbeans\xmlbeans\3.1.0\xmlbeans-3.1.0.jar;C:\Windows\system32\config\systemprofile\.m2\repository\org\apache\commons\commons-compress\1.19\commons-compress-1.19.jar;C:\Windows\system32\config\systemprofile\.m2\repository\com\github\virtuald\curvesapi\1.06\curvesapi-1.06.jar;C:\Windows\system32\config\systemprofile\.m2\repository\com\aventstack\extentreports\5.0.6\extentreports-5.0.6.jar;C:\Windows\system32\config\systemprofile\.m2\repository\io\reactivex\rxjava3\rxjava\3.0.4\rxjava-3.0.4.jar;C:\Windows\system32\config\systemprofile\.m2\repository\org\reactivestreams\reactive-streams\1.0.3\reactive-streams-1.0.3.jar;C:\Windows\system32\config\systemprofile\.m2\repository\org\freemarker\freemarker\2.3.30\freemarker-2.3.30.jar;C:\Windows\system32\config\systemprofile\.m2\repository\org\projectlombok\lombok\1.18.12\lombok-1.18.12.jar;C:\Windows\system32\config\systemprofile\.m2\repository\com\google\code\gson\gson\2.8.6\gson-2.8.6.jar;C:\Windows\system32\config\systemprofile\.m2\repository\commons-io\commons-io\2.8.0\commons-io-2.8.0.jar;C:\Windows\system32\config\systemprofile\.m2\repository\org\apache\commons\commons-lang3\3.11\commons-lang3-3.11.jar;C:\Windows\system32\config\systemprofile\.m2\repository\org\testng\testng\6.10\testng-6.10.jar;C:\Windows\system32\config\systemprofile\.m2\repository\com\beust\jcommander\1.48\jcommander-1.48.jar;C:\Windows\system32\config\systemprofile\.m2\repository\log4j\log4j\1.2.17\log4j-1.2.17.jar;"/>
    <property name="sun.cpu.endian" value="little"/>
    <property name="user.home" value="C:\Windows\system32\config\systemprofile"/>
    <property name="user.language" value="en"/>
    <property name="java.specification.vendor" value="Oracle Corporation"/>
    <property name="java.version.date" value="2021-01-19"/>
    <property name="java.home" value="C:\Program Files\Java\jdk-11.0.10"/>
    <property name="file.separator" value="\"/>
    <property name="basedir" value="C:\Users\Nithin Rao\eclipse-workspace\com.BankingV1"/>
    <property name="java.vm.compressedOopsMode" value="32-bit"/>
    <property name="line.separator" value="&#10;"/>
    <property name="java.specification.name" value="Java Platform API Specification"/>
    <property name="java.vm.specification.vendor" value="Oracle Corporation"/>
    <property name="java.awt.graphicsenv" value="sun.awt.Win32GraphicsEnvironment"/>
    <property name="surefire.real.class.path" value="C:\Windows\Temp\surefire5302703202937368526\surefirebooter5751598153697692132.jar"/>
    <property name="user.script" value=""/>
    <property name="sun.management.compiler" value="HotSpot 64-Bit Tiered Compilers"/>
    <property name="java.runtime.version" value="11.0.10+8-LTS-162"/>
    <property name="user.name" value="MSI$"/>
    <property name="path.separator" value=";"/>
    <property name="os.version" value="10.0"/>
    <property name="java.runtime.name" value="Java(TM) SE Runtime Environment"/>
    <property name="file.encoding" value="Cp1252"/>
    <property name="java.vm.name" value="Java HotSpot(TM) 64-Bit Server VM"/>
    <property name="java.vendor.version" value="18.9"/>
    <property name="localRepository" value="C:\Windows\system32\config\systemprofile\.m2\repository"/>
    <property name="java.vendor.url.bug" value="https://bugreport.java.com/bugreport/"/>
    <property name="java.io.tmpdir" value="C:\Windows\TEMP\"/>
    <property name="java.version" value="11.0.10"/>
    <property name="user.dir" value="C:\Users\Nithin Rao\eclipse-workspace\com.BankingV1"/>
    <property name="os.arch" value="amd64"/>
    <property name="java.vm.specification.name" value="Java Virtual Machine Specification"/>
    <property name="java.awt.printerjob" value="sun.awt.windows.WPrinterJob"/>
    <property name="sun.os.patch.level" value=""/>
    <property name="java.library.path" value="C:\Program Files\Java\jdk-11.0.10\bin;C:\Windows\Sun\Java\bin;C:\Windows\system32;C:\Windows;C:\apache-maven-3.6.3\/bin;C:\Program Files\Java\jdk-11.0.10/bin;C:\Program Files\Java\jdk-11.0.10/bin;C:\Windows\system32;C:\Windows;C:\Windows\System32\Wbem;C:\Windows\System32\WindowsPowerShell\v1.0\;C:\Windows\System32\OpenSSH\;C:\Program Files (x86)\NVIDIA Corporation\PhysX\Common;C:\Program Files\NVIDIA Corporation\NVIDIA NvDLISR;C:\apache-maven-3.6.3\bin;C:\apache-maven-3.6.3\\bin;C:\Program Files\Java\jdk-11.0.10\bin;C:\Windows\system32\config\systemprofile\AppData\Local\Microsoft\WindowsApps;."/>
    <property name="java.vendor" value="Oracle Corporation"/>
    <property name="java.vm.info" value="mixed mode"/>
    <property name="java.vm.version" value="11.0.10+8-LTS-162"/>
    <property name="sun.io.unicode.encoding" value="UnicodeLittle"/>
    <property name="java.class.version" value="55.0"/>
  </properties>
  <testcase name="setup[chrome](0)" classname="com.BankingV1.testCases.TC_LoginTest" time="604.721">
    <failure message="session not created&#10;from timeout: Timed out receiving message from renderer: 600.000&#10;  (Session info: chrome=88.0.4324.146)&#10;Build info: version: &apos;3.141.59&apos;, revision: &apos;e82be7d358&apos;, time: &apos;2018-11-14T08:17:03&apos;&#10;System info: host: &apos;MSI&apos;, ip: &apos;192.168.43.184&apos;, os.name: &apos;Windows 10&apos;, os.arch: &apos;amd64&apos;, os.version: &apos;10.0&apos;, java.version: &apos;11.0.10&apos;&#10;Driver info: driver.version: ChromeDriver&#10;remote stacktrace: Backtrace:&#10;	Ordinal0 [0x0074C0C3+3326147]&#10;	Ordinal0 [0x00630851+2164817]&#10;	Ordinal0 [0x004B7298+619160]&#10;	Ordinal0 [0x004AB17F+569727]&#10;	Ordinal0 [0x004AA421+566305]&#10;	Ordinal0 [0x004AA815+567317]&#10;	Ordinal0 [0x004AA135+565557]&#10;	Ordinal0 [0x004B38B1+604337]&#10;	Ordinal0 [0x004AA0F1+565489]&#10;	Ordinal0 [0x004AAEA2+568994]&#10;	Ordinal0 [0x004AA421+566305]&#10;	Ordinal0 [0x004AA815+567317]&#10;	Ordinal0 [0x004AA135+565557]&#10;	Ordinal0 [0x004B1D2C+597292]&#10;	Ordinal0 [0x004AA0F1+565489]&#10;	Ordinal0 [0x004AAEA2+568994]&#10;	Ordinal0 [0x004AA421+566305]&#10;	Ordinal0 [0x004AA815+567317]&#10;	Ordinal0 [0x004AA135+565557]&#10;	Ordinal0 [0x004AFE62+589410]&#10;	Ordinal0 [0x004AA0F1+565489]&#10;	Ordinal0 [0x004AAEA2+568994]&#10;	Ordinal0 [0x004AA421+566305]&#10;	Ordinal0 [0x004AA815+567317]&#10;	Ordinal0 [0x004AA135+565557]&#10;	Ordinal0 [0x004AF075+585845]&#10;	Ordinal0 [0x004AA0F1+565489]&#10;	Ordinal0 [0x004AAEA2+568994]&#10;	Ordinal0 [0x004AA421+566305]&#10;	Ordinal0 [0x004AA815+567317]&#10;	Ordinal0 [0x004AA135+565557]&#10;	Ordinal0 [0x004A6776+550774]&#10;	Ordinal0 [0x004AA0F1+565489]&#10;	Ordinal0 [0x004A9F13+565011]&#10;	Ordinal0 [0x004A9D07+564487]&#10;	Ordinal0 [0x004B82C0+623296]&#10;	Ordinal0 [0x00456BDD+224221]&#10;	Ordinal0 [0x00455CAC+220332]&#10;	Ordinal0 [0x0045189B+202907]&#10;	Ordinal0 [0x00433DF4+81396]&#10;	Ordinal0 [0x00434DEE+85486]&#10;	Ordinal0 [0x00434D79+85369]&#10;	Ordinal0 [0x006485DC+2262492]&#10;	GetHandleVerifier [0x008D2874+1487204]&#10;	GetHandleVerifier [0x008D23CD+1486013]&#10;	GetHandleVerifier [0x008DA368+1518680]&#10;	GetHandleVerifier [0x008D2F4E+1488958]&#10;	Ordinal0 [0x0063ED0D+2223373]&#10;	Ordinal0 [0x0064A12B+2269483]&#10;	Ordinal0 [0x0064A26F+2269807]&#10;	Ordinal0 [0x0065ECB8+2354360]&#10;	BaseThreadInitThunk [0x77036359+25]&#10;	RtlGetAppContainerNamedObjectPath [0x77B78944+228]&#10;	RtlGetAppContainerNamedObjectPath [0x77B78914+180]&#10;" type="org.openqa.selenium.SessionNotCreatedException"><![CDATA[org.openqa.selenium.SessionNotCreatedException: 
session not created
from timeout: Timed out receiving message from renderer: 600.000
  (Session info: chrome=88.0.4324.146)
Build info: version: '3.141.59', revision: 'e82be7d358', time: '2018-11-14T08:17:03'
System info: host: 'MSI', ip: '192.168.43.184', os.name: 'Windows 10', os.arch: 'amd64', os.version: '10.0', java.version: '11.0.10'
Driver info: driver.version: ChromeDriver
remote stacktrace: Backtrace:
	Ordinal0 [0x0074C0C3+3326147]
	Ordinal0 [0x00630851+2164817]
	Ordinal0 [0x004B7298+619160]
	Ordinal0 [0x004AB17F+569727]
	Ordinal0 [0x004AA421+566305]
	Ordinal0 [0x004AA815+567317]
	Ordinal0 [0x004AA135+565557]
	Ordinal0 [0x004B38B1+604337]
	Ordinal0 [0x004AA0F1+565489]
	Ordinal0 [0x004AAEA2+568994]
	Ordinal0 [0x004AA421+566305]
	Ordinal0 [0x004AA815+567317]
	Ordinal0 [0x004AA135+565557]
	Ordinal0 [0x004B1D2C+597292]
	Ordinal0 [0x004AA0F1+565489]
	Ordinal0 [0x004AAEA2+568994]
	Ordinal0 [0x004AA421+566305]
	Ordinal0 [0x004AA815+567317]
	Ordinal0 [0x004AA135+565557]
	Ordinal0 [0x004AFE62+589410]
	Ordinal0 [0x004AA0F1+565489]
	Ordinal0 [0x004AAEA2+568994]
	Ordinal0 [0x004AA421+566305]
	Ordinal0 [0x004AA815+567317]
	Ordinal0 [0x004AA135+565557]
	Ordinal0 [0x004AF075+585845]
	Ordinal0 [0x004AA0F1+565489]
	Ordinal0 [0x004AAEA2+568994]
	Ordinal0 [0x004AA421+566305]
	Ordinal0 [0x004AA815+567317]
	Ordinal0 [0x004AA135+565557]
	Ordinal0 [0x004A6776+550774]
	Ordinal0 [0x004AA0F1+565489]
	Ordinal0 [0x004A9F13+565011]
	Ordinal0 [0x004A9D07+564487]
	Ordinal0 [0x004B82C0+623296]
	Ordinal0 [0x00456BDD+224221]
	Ordinal0 [0x00455CAC+220332]
	Ordinal0 [0x0045189B+202907]
	Ordinal0 [0x00433DF4+81396]
	Ordinal0 [0x00434DEE+85486]
	Ordinal0 [0x00434D79+85369]
	Ordinal0 [0x006485DC+2262492]
	GetHandleVerifier [0x008D2874+1487204]
	GetHandleVerifier [0x008D23CD+1486013]
	GetHandleVerifier [0x008DA368+1518680]
	GetHandleVerifier [0x008D2F4E+1488958]
	Ordinal0 [0x0063ED0D+2223373]
	Ordinal0 [0x0064A12B+2269483]
	Ordinal0 [0x0064A26F+2269807]
	Ordinal0 [0x0065ECB8+2354360]
	BaseThreadInitThunk [0x77036359+25]
	RtlGetAppContainerNamedObjectPath [0x77B78944+228]
	RtlGetAppContainerNamedObjectPath [0x77B78914+180]

]]></failure>
    <system-err><![CDATA[Starting ChromeDriver 87.0.4280.88 (89e2380a3e36c3464b5dd1302349b1382549290d-refs/branch-heads/4280@{#1761}) on port 40393
Only local connections are allowed.
Please see https://chromedriver.chromium.org/security-considerations for suggestions on keeping ChromeDriver safe.
ChromeDriver was started successfully.
[1612610051.485][WARNING]: This version of ChromeDriver has not been tested with Chrome version 88.
[1612610653.510][SEVERE]: Timed out receiving message from renderer: 600.000
]]></system-err>
  </testcase>
  <testcase name="loginTest" classname="com.BankingV1.testCases.TC_LoginTest" time="0">
    <skipped message="session not created&#10;from timeout: Timed out receiving message from renderer: 600.000&#10;  (Session info: chrome=88.0.4324.146)&#10;Build info: version: &apos;3.141.59&apos;, revision: &apos;e82be7d358&apos;, time: &apos;2018-11-14T08:17:03&apos;&#10;System info: host: &apos;MSI&apos;, ip: &apos;192.168.43.184&apos;, os.name: &apos;Windows 10&apos;, os.arch: &apos;amd64&apos;, os.version: &apos;10.0&apos;, java.version: &apos;11.0.10&apos;&#10;Driver info: driver.version: ChromeDriver&#10;remote stacktrace: Backtrace:&#10;	Ordinal0 [0x0074C0C3+3326147]&#10;	Ordinal0 [0x00630851+2164817]&#10;	Ordinal0 [0x004B7298+619160]&#10;	Ordinal0 [0x004AB17F+569727]&#10;	Ordinal0 [0x004AA421+566305]&#10;	Ordinal0 [0x004AA815+567317]&#10;	Ordinal0 [0x004AA135+565557]&#10;	Ordinal0 [0x004B38B1+604337]&#10;	Ordinal0 [0x004AA0F1+565489]&#10;	Ordinal0 [0x004AAEA2+568994]&#10;	Ordinal0 [0x004AA421+566305]&#10;	Ordinal0 [0x004AA815+567317]&#10;	Ordinal0 [0x004AA135+565557]&#10;	Ordinal0 [0x004B1D2C+597292]&#10;	Ordinal0 [0x004AA0F1+565489]&#10;	Ordinal0 [0x004AAEA2+568994]&#10;	Ordinal0 [0x004AA421+566305]&#10;	Ordinal0 [0x004AA815+567317]&#10;	Ordinal0 [0x004AA135+565557]&#10;	Ordinal0 [0x004AFE62+589410]&#10;	Ordinal0 [0x004AA0F1+565489]&#10;	Ordinal0 [0x004AAEA2+568994]&#10;	Ordinal0 [0x004AA421+566305]&#10;	Ordinal0 [0x004AA815+567317]&#10;	Ordinal0 [0x004AA135+565557]&#10;	Ordinal0 [0x004AF075+585845]&#10;	Ordinal0 [0x004AA0F1+565489]&#10;	Ordinal0 [0x004AAEA2+568994]&#10;	Ordinal0 [0x004AA421+566305]&#10;	Ordinal0 [0x004AA815+567317]&#10;	Ordinal0 [0x004AA135+565557]&#10;	Ordinal0 [0x004A6776+550774]&#10;	Ordinal0 [0x004AA0F1+565489]&#10;	Ordinal0 [0x004A9F13+565011]&#10;	Ordinal0 [0x004A9D07+564487]&#10;	Ordinal0 [0x004B82C0+623296]&#10;	Ordinal0 [0x00456BDD+224221]&#10;	Ordinal0 [0x00455CAC+220332]&#10;	Ordinal0 [0x0045189B+202907]&#10;	Ordinal0 [0x00433DF4+81396]&#10;	Ordinal0 [0x00434DEE+85486]&#10;	Ordinal0 [0x00434D79+85369]&#10;	Ordinal0 [0x006485DC+2262492]&#10;	GetHandleVerifier [0x008D2874+1487204]&#10;	GetHandleVerifier [0x008D23CD+1486013]&#10;	GetHandleVerifier [0x008DA368+1518680]&#10;	GetHandleVerifier [0x008D2F4E+1488958]&#10;	Ordinal0 [0x0063ED0D+2223373]&#10;	Ordinal0 [0x0064A12B+2269483]&#10;	Ordinal0 [0x0064A26F+2269807]&#10;	Ordinal0 [0x0065ECB8+2354360]&#10;	BaseThreadInitThunk [0x77036359+25]&#10;	RtlGetAppContainerNamedObjectPath [0x77B78944+228]&#10;	RtlGetAppContainerNamedObjectPath [0x77B78914+180]&#10;"/>
  </testcase>
  <testcase name="teardown" classname="com.BankingV1.testCases.TC_LoginTest" time="0">
    <skipped/>
  </testcase>
  <testcase name="setup" classname="com.BankingV1.testCases.TC_LoginTestDDT" time="0">
    <skipped/>
  </testcase>
  <testcase name="logInDDT[mngr304231, ajavUve](1)" classname="com.BankingV1.testCases.TC_LoginTestDDT" time="0">
    <skipped message="session not created&#10;from timeout: Timed out receiving message from renderer: 600.000&#10;  (Session info: chrome=88.0.4324.146)&#10;Build info: version: &apos;3.141.59&apos;, revision: &apos;e82be7d358&apos;, time: &apos;2018-11-14T08:17:03&apos;&#10;System info: host: &apos;MSI&apos;, ip: &apos;192.168.43.184&apos;, os.name: &apos;Windows 10&apos;, os.arch: &apos;amd64&apos;, os.version: &apos;10.0&apos;, java.version: &apos;11.0.10&apos;&#10;Driver info: driver.version: ChromeDriver&#10;remote stacktrace: Backtrace:&#10;	Ordinal0 [0x0074C0C3+3326147]&#10;	Ordinal0 [0x00630851+2164817]&#10;	Ordinal0 [0x004B7298+619160]&#10;	Ordinal0 [0x004AB17F+569727]&#10;	Ordinal0 [0x004AA421+566305]&#10;	Ordinal0 [0x004AA815+567317]&#10;	Ordinal0 [0x004AA135+565557]&#10;	Ordinal0 [0x004B38B1+604337]&#10;	Ordinal0 [0x004AA0F1+565489]&#10;	Ordinal0 [0x004AAEA2+568994]&#10;	Ordinal0 [0x004AA421+566305]&#10;	Ordinal0 [0x004AA815+567317]&#10;	Ordinal0 [0x004AA135+565557]&#10;	Ordinal0 [0x004B1D2C+597292]&#10;	Ordinal0 [0x004AA0F1+565489]&#10;	Ordinal0 [0x004AAEA2+568994]&#10;	Ordinal0 [0x004AA421+566305]&#10;	Ordinal0 [0x004AA815+567317]&#10;	Ordinal0 [0x004AA135+565557]&#10;	Ordinal0 [0x004AFE62+589410]&#10;	Ordinal0 [0x004AA0F1+565489]&#10;	Ordinal0 [0x004AAEA2+568994]&#10;	Ordinal0 [0x004AA421+566305]&#10;	Ordinal0 [0x004AA815+567317]&#10;	Ordinal0 [0x004AA135+565557]&#10;	Ordinal0 [0x004AF075+585845]&#10;	Ordinal0 [0x004AA0F1+565489]&#10;	Ordinal0 [0x004AAEA2+568994]&#10;	Ordinal0 [0x004AA421+566305]&#10;	Ordinal0 [0x004AA815+567317]&#10;	Ordinal0 [0x004AA135+565557]&#10;	Ordinal0 [0x004A6776+550774]&#10;	Ordinal0 [0x004AA0F1+565489]&#10;	Ordinal0 [0x004A9F13+565011]&#10;	Ordinal0 [0x004A9D07+564487]&#10;	Ordinal0 [0x004B82C0+623296]&#10;	Ordinal0 [0x00456BDD+224221]&#10;	Ordinal0 [0x00455CAC+220332]&#10;	Ordinal0 [0x0045189B+202907]&#10;	Ordinal0 [0x00433DF4+81396]&#10;	Ordinal0 [0x00434DEE+85486]&#10;	Ordinal0 [0x00434D79+85369]&#10;	Ordinal0 [0x006485DC+2262492]&#10;	GetHandleVerifier [0x008D2874+1487204]&#10;	GetHandleVerifier [0x008D23CD+1486013]&#10;	GetHandleVerifier [0x008DA368+1518680]&#10;	GetHandleVerifier [0x008D2F4E+1488958]&#10;	Ordinal0 [0x0063ED0D+2223373]&#10;	Ordinal0 [0x0064A12B+2269483]&#10;	Ordinal0 [0x0064A26F+2269807]&#10;	Ordinal0 [0x0065ECB8+2354360]&#10;	BaseThreadInitThunk [0x77036359+25]&#10;	RtlGetAppContainerNamedObjectPath [0x77B78944+228]&#10;	RtlGetAppContainerNamedObjectPath [0x77B78914+180]&#10;"/>
  </testcase>
  <testcase name="logInDDT[mngr304231, ajavUvew](2)" classname="com.BankingV1.testCases.TC_LoginTestDDT" time="0">
    <skipped message="session not created&#10;from timeout: Timed out receiving message from renderer: 600.000&#10;  (Session info: chrome=88.0.4324.146)&#10;Build info: version: &apos;3.141.59&apos;, revision: &apos;e82be7d358&apos;, time: &apos;2018-11-14T08:17:03&apos;&#10;System info: host: &apos;MSI&apos;, ip: &apos;192.168.43.184&apos;, os.name: &apos;Windows 10&apos;, os.arch: &apos;amd64&apos;, os.version: &apos;10.0&apos;, java.version: &apos;11.0.10&apos;&#10;Driver info: driver.version: ChromeDriver&#10;remote stacktrace: Backtrace:&#10;	Ordinal0 [0x0074C0C3+3326147]&#10;	Ordinal0 [0x00630851+2164817]&#10;	Ordinal0 [0x004B7298+619160]&#10;	Ordinal0 [0x004AB17F+569727]&#10;	Ordinal0 [0x004AA421+566305]&#10;	Ordinal0 [0x004AA815+567317]&#10;	Ordinal0 [0x004AA135+565557]&#10;	Ordinal0 [0x004B38B1+604337]&#10;	Ordinal0 [0x004AA0F1+565489]&#10;	Ordinal0 [0x004AAEA2+568994]&#10;	Ordinal0 [0x004AA421+566305]&#10;	Ordinal0 [0x004AA815+567317]&#10;	Ordinal0 [0x004AA135+565557]&#10;	Ordinal0 [0x004B1D2C+597292]&#10;	Ordinal0 [0x004AA0F1+565489]&#10;	Ordinal0 [0x004AAEA2+568994]&#10;	Ordinal0 [0x004AA421+566305]&#10;	Ordinal0 [0x004AA815+567317]&#10;	Ordinal0 [0x004AA135+565557]&#10;	Ordinal0 [0x004AFE62+589410]&#10;	Ordinal0 [0x004AA0F1+565489]&#10;	Ordinal0 [0x004AAEA2+568994]&#10;	Ordinal0 [0x004AA421+566305]&#10;	Ordinal0 [0x004AA815+567317]&#10;	Ordinal0 [0x004AA135+565557]&#10;	Ordinal0 [0x004AF075+585845]&#10;	Ordinal0 [0x004AA0F1+565489]&#10;	Ordinal0 [0x004AAEA2+568994]&#10;	Ordinal0 [0x004AA421+566305]&#10;	Ordinal0 [0x004AA815+567317]&#10;	Ordinal0 [0x004AA135+565557]&#10;	Ordinal0 [0x004A6776+550774]&#10;	Ordinal0 [0x004AA0F1+565489]&#10;	Ordinal0 [0x004A9F13+565011]&#10;	Ordinal0 [0x004A9D07+564487]&#10;	Ordinal0 [0x004B82C0+623296]&#10;	Ordinal0 [0x00456BDD+224221]&#10;	Ordinal0 [0x00455CAC+220332]&#10;	Ordinal0 [0x0045189B+202907]&#10;	Ordinal0 [0x00433DF4+81396]&#10;	Ordinal0 [0x00434DEE+85486]&#10;	Ordinal0 [0x00434D79+85369]&#10;	Ordinal0 [0x006485DC+2262492]&#10;	GetHandleVerifier [0x008D2874+1487204]&#10;	GetHandleVerifier [0x008D23CD+1486013]&#10;	GetHandleVerifier [0x008DA368+1518680]&#10;	GetHandleVerifier [0x008D2F4E+1488958]&#10;	Ordinal0 [0x0063ED0D+2223373]&#10;	Ordinal0 [0x0064A12B+2269483]&#10;	Ordinal0 [0x0064A26F+2269807]&#10;	Ordinal0 [0x0065ECB8+2354360]&#10;	BaseThreadInitThunk [0x77036359+25]&#10;	RtlGetAppContainerNamedObjectPath [0x77B78944+228]&#10;	RtlGetAppContainerNamedObjectPath [0x77B78914+180]&#10;"/>
  </testcase>
  <testcase name="logInDDT[mngr304232, ajavUve](3)" classname="com.BankingV1.testCases.TC_LoginTestDDT" time="0">
    <skipped message="session not created&#10;from timeout: Timed out receiving message from renderer: 600.000&#10;  (Session info: chrome=88.0.4324.146)&#10;Build info: version: &apos;3.141.59&apos;, revision: &apos;e82be7d358&apos;, time: &apos;2018-11-14T08:17:03&apos;&#10;System info: host: &apos;MSI&apos;, ip: &apos;192.168.43.184&apos;, os.name: &apos;Windows 10&apos;, os.arch: &apos;amd64&apos;, os.version: &apos;10.0&apos;, java.version: &apos;11.0.10&apos;&#10;Driver info: driver.version: ChromeDriver&#10;remote stacktrace: Backtrace:&#10;	Ordinal0 [0x0074C0C3+3326147]&#10;	Ordinal0 [0x00630851+2164817]&#10;	Ordinal0 [0x004B7298+619160]&#10;	Ordinal0 [0x004AB17F+569727]&#10;	Ordinal0 [0x004AA421+566305]&#10;	Ordinal0 [0x004AA815+567317]&#10;	Ordinal0 [0x004AA135+565557]&#10;	Ordinal0 [0x004B38B1+604337]&#10;	Ordinal0 [0x004AA0F1+565489]&#10;	Ordinal0 [0x004AAEA2+568994]&#10;	Ordinal0 [0x004AA421+566305]&#10;	Ordinal0 [0x004AA815+567317]&#10;	Ordinal0 [0x004AA135+565557]&#10;	Ordinal0 [0x004B1D2C+597292]&#10;	Ordinal0 [0x004AA0F1+565489]&#10;	Ordinal0 [0x004AAEA2+568994]&#10;	Ordinal0 [0x004AA421+566305]&#10;	Ordinal0 [0x004AA815+567317]&#10;	Ordinal0 [0x004AA135+565557]&#10;	Ordinal0 [0x004AFE62+589410]&#10;	Ordinal0 [0x004AA0F1+565489]&#10;	Ordinal0 [0x004AAEA2+568994]&#10;	Ordinal0 [0x004AA421+566305]&#10;	Ordinal0 [0x004AA815+567317]&#10;	Ordinal0 [0x004AA135+565557]&#10;	Ordinal0 [0x004AF075+585845]&#10;	Ordinal0 [0x004AA0F1+565489]&#10;	Ordinal0 [0x004AAEA2+568994]&#10;	Ordinal0 [0x004AA421+566305]&#10;	Ordinal0 [0x004AA815+567317]&#10;	Ordinal0 [0x004AA135+565557]&#10;	Ordinal0 [0x004A6776+550774]&#10;	Ordinal0 [0x004AA0F1+565489]&#10;	Ordinal0 [0x004A9F13+565011]&#10;	Ordinal0 [0x004A9D07+564487]&#10;	Ordinal0 [0x004B82C0+623296]&#10;	Ordinal0 [0x00456BDD+224221]&#10;	Ordinal0 [0x00455CAC+220332]&#10;	Ordinal0 [0x0045189B+202907]&#10;	Ordinal0 [0x00433DF4+81396]&#10;	Ordinal0 [0x00434DEE+85486]&#10;	Ordinal0 [0x00434D79+85369]&#10;	Ordinal0 [0x006485DC+2262492]&#10;	GetHandleVerifier [0x008D2874+1487204]&#10;	GetHandleVerifier [0x008D23CD+1486013]&#10;	GetHandleVerifier [0x008DA368+1518680]&#10;	GetHandleVerifier [0x008D2F4E+1488958]&#10;	Ordinal0 [0x0063ED0D+2223373]&#10;	Ordinal0 [0x0064A12B+2269483]&#10;	Ordinal0 [0x0064A26F+2269807]&#10;	Ordinal0 [0x0065ECB8+2354360]&#10;	BaseThreadInitThunk [0x77036359+25]&#10;	RtlGetAppContainerNamedObjectPath [0x77B78944+228]&#10;	RtlGetAppContainerNamedObjectPath [0x77B78914+180]&#10;"/>
  </testcase>
  <testcase name="logInDDT[mngr304233, ajavUvev](4)" classname="com.BankingV1.testCases.TC_LoginTestDDT" time="0">
    <skipped message="session not created&#10;from timeout: Timed out receiving message from renderer: 600.000&#10;  (Session info: chrome=88.0.4324.146)&#10;Build info: version: &apos;3.141.59&apos;, revision: &apos;e82be7d358&apos;, time: &apos;2018-11-14T08:17:03&apos;&#10;System info: host: &apos;MSI&apos;, ip: &apos;192.168.43.184&apos;, os.name: &apos;Windows 10&apos;, os.arch: &apos;amd64&apos;, os.version: &apos;10.0&apos;, java.version: &apos;11.0.10&apos;&#10;Driver info: driver.version: ChromeDriver&#10;remote stacktrace: Backtrace:&#10;	Ordinal0 [0x0074C0C3+3326147]&#10;	Ordinal0 [0x00630851+2164817]&#10;	Ordinal0 [0x004B7298+619160]&#10;	Ordinal0 [0x004AB17F+569727]&#10;	Ordinal0 [0x004AA421+566305]&#10;	Ordinal0 [0x004AA815+567317]&#10;	Ordinal0 [0x004AA135+565557]&#10;	Ordinal0 [0x004B38B1+604337]&#10;	Ordinal0 [0x004AA0F1+565489]&#10;	Ordinal0 [0x004AAEA2+568994]&#10;	Ordinal0 [0x004AA421+566305]&#10;	Ordinal0 [0x004AA815+567317]&#10;	Ordinal0 [0x004AA135+565557]&#10;	Ordinal0 [0x004B1D2C+597292]&#10;	Ordinal0 [0x004AA0F1+565489]&#10;	Ordinal0 [0x004AAEA2+568994]&#10;	Ordinal0 [0x004AA421+566305]&#10;	Ordinal0 [0x004AA815+567317]&#10;	Ordinal0 [0x004AA135+565557]&#10;	Ordinal0 [0x004AFE62+589410]&#10;	Ordinal0 [0x004AA0F1+565489]&#10;	Ordinal0 [0x004AAEA2+568994]&#10;	Ordinal0 [0x004AA421+566305]&#10;	Ordinal0 [0x004AA815+567317]&#10;	Ordinal0 [0x004AA135+565557]&#10;	Ordinal0 [0x004AF075+585845]&#10;	Ordinal0 [0x004AA0F1+565489]&#10;	Ordinal0 [0x004AAEA2+568994]&#10;	Ordinal0 [0x004AA421+566305]&#10;	Ordinal0 [0x004AA815+567317]&#10;	Ordinal0 [0x004AA135+565557]&#10;	Ordinal0 [0x004A6776+550774]&#10;	Ordinal0 [0x004AA0F1+565489]&#10;	Ordinal0 [0x004A9F13+565011]&#10;	Ordinal0 [0x004A9D07+564487]&#10;	Ordinal0 [0x004B82C0+623296]&#10;	Ordinal0 [0x00456BDD+224221]&#10;	Ordinal0 [0x00455CAC+220332]&#10;	Ordinal0 [0x0045189B+202907]&#10;	Ordinal0 [0x00433DF4+81396]&#10;	Ordinal0 [0x00434DEE+85486]&#10;	Ordinal0 [0x00434D79+85369]&#10;	Ordinal0 [0x006485DC+2262492]&#10;	GetHandleVerifier [0x008D2874+1487204]&#10;	GetHandleVerifier [0x008D23CD+1486013]&#10;	GetHandleVerifier [0x008DA368+1518680]&#10;	GetHandleVerifier [0x008D2F4E+1488958]&#10;	Ordinal0 [0x0063ED0D+2223373]&#10;	Ordinal0 [0x0064A12B+2269483]&#10;	Ordinal0 [0x0064A26F+2269807]&#10;	Ordinal0 [0x0065ECB8+2354360]&#10;	BaseThreadInitThunk [0x77036359+25]&#10;	RtlGetAppContainerNamedObjectPath [0x77B78944+228]&#10;	RtlGetAppContainerNamedObjectPath [0x77B78914+180]&#10;"/>
  </testcase>
  <testcase name="teardown" classname="com.BankingV1.testCases.TC_LoginTestDDT" time="0">
    <skipped/>
  </testcase>
  <testcase name="setup" classname="com.BankingV1.testCases.TC_AddCustomerTest" time="0">
    <skipped/>
  </testcase>
  <testcase name="addNewCustomer" classname="com.BankingV1.testCases.TC_AddCustomerTest" time="0">
    <skipped message="session not created&#10;from timeout: Timed out receiving message from renderer: 600.000&#10;  (Session info: chrome=88.0.4324.146)&#10;Build info: version: &apos;3.141.59&apos;, revision: &apos;e82be7d358&apos;, time: &apos;2018-11-14T08:17:03&apos;&#10;System info: host: &apos;MSI&apos;, ip: &apos;192.168.43.184&apos;, os.name: &apos;Windows 10&apos;, os.arch: &apos;amd64&apos;, os.version: &apos;10.0&apos;, java.version: &apos;11.0.10&apos;&#10;Driver info: driver.version: ChromeDriver&#10;remote stacktrace: Backtrace:&#10;	Ordinal0 [0x0074C0C3+3326147]&#10;	Ordinal0 [0x00630851+2164817]&#10;	Ordinal0 [0x004B7298+619160]&#10;	Ordinal0 [0x004AB17F+569727]&#10;	Ordinal0 [0x004AA421+566305]&#10;	Ordinal0 [0x004AA815+567317]&#10;	Ordinal0 [0x004AA135+565557]&#10;	Ordinal0 [0x004B38B1+604337]&#10;	Ordinal0 [0x004AA0F1+565489]&#10;	Ordinal0 [0x004AAEA2+568994]&#10;	Ordinal0 [0x004AA421+566305]&#10;	Ordinal0 [0x004AA815+567317]&#10;	Ordinal0 [0x004AA135+565557]&#10;	Ordinal0 [0x004B1D2C+597292]&#10;	Ordinal0 [0x004AA0F1+565489]&#10;	Ordinal0 [0x004AAEA2+568994]&#10;	Ordinal0 [0x004AA421+566305]&#10;	Ordinal0 [0x004AA815+567317]&#10;	Ordinal0 [0x004AA135+565557]&#10;	Ordinal0 [0x004AFE62+589410]&#10;	Ordinal0 [0x004AA0F1+565489]&#10;	Ordinal0 [0x004AAEA2+568994]&#10;	Ordinal0 [0x004AA421+566305]&#10;	Ordinal0 [0x004AA815+567317]&#10;	Ordinal0 [0x004AA135+565557]&#10;	Ordinal0 [0x004AF075+585845]&#10;	Ordinal0 [0x004AA0F1+565489]&#10;	Ordinal0 [0x004AAEA2+568994]&#10;	Ordinal0 [0x004AA421+566305]&#10;	Ordinal0 [0x004AA815+567317]&#10;	Ordinal0 [0x004AA135+565557]&#10;	Ordinal0 [0x004A6776+550774]&#10;	Ordinal0 [0x004AA0F1+565489]&#10;	Ordinal0 [0x004A9F13+565011]&#10;	Ordinal0 [0x004A9D07+564487]&#10;	Ordinal0 [0x004B82C0+623296]&#10;	Ordinal0 [0x00456BDD+224221]&#10;	Ordinal0 [0x00455CAC+220332]&#10;	Ordinal0 [0x0045189B+202907]&#10;	Ordinal0 [0x00433DF4+81396]&#10;	Ordinal0 [0x00434DEE+85486]&#10;	Ordinal0 [0x00434D79+85369]&#10;	Ordinal0 [0x006485DC+2262492]&#10;	GetHandleVerifier [0x008D2874+1487204]&#10;	GetHandleVerifier [0x008D23CD+1486013]&#10;	GetHandleVerifier [0x008DA368+1518680]&#10;	GetHandleVerifier [0x008D2F4E+1488958]&#10;	Ordinal0 [0x0063ED0D+2223373]&#10;	Ordinal0 [0x0064A12B+2269483]&#10;	Ordinal0 [0x0064A26F+2269807]&#10;	Ordinal0 [0x0065ECB8+2354360]&#10;	BaseThreadInitThunk [0x77036359+25]&#10;	RtlGetAppContainerNamedObjectPath [0x77B78944+228]&#10;	RtlGetAppContainerNamedObjectPath [0x77B78914+180]&#10;"/>
  </testcase>
  <testcase name="teardown" classname="com.BankingV1.testCases.TC_AddCustomerTest" time="0">
    <skipped/>
  </testcase>
</testsuite>